2025-07-13 17:31:27 - INFO - start time:2025-07-13 17:31:27.656123
2025-07-13 17:31:50 - INFO - Initialized Hyperbolic-AMSoftmax with m=0.2, s=30, curvature=3.0
2025-07-13 17:31:50 - INFO - Epoch 1:
2025-07-13 17:31:50 - INFO - 2025-07-13 17:31:50.921441
2025-07-13 18:23:37 - INFO - ACC1: 51.524, ACC2: 0.000, EER: 4.205, minDCF: 0.387, bestEER 4.205
2025-07-13 18:23:37 - INFO - this epoch time:0:51:46.890343

2025-07-13 18:23:37 - INFO - Epoch 2:
2025-07-13 18:23:37 - INFO - 2025-07-13 18:23:37.812384
2025-07-13 19:15:59 - INFO - ACC1: 85.628, ACC2: 0.000, EER: 2.823, minDCF: 0.288, bestEER 2.823
2025-07-13 19:15:59 - INFO - this epoch time:0:52:21.831162

2025-07-13 19:15:59 - INFO - Epoch 3:
2025-07-13 19:15:59 - INFO - 2025-07-13 19:15:59.643649
2025-07-13 20:08:03 - INFO - ACC1: 90.652, ACC2: 0.000, EER: 2.532, minDCF: 0.238, bestEER 2.532
2025-07-13 20:08:03 - INFO - this epoch time:0:52:03.903986

2025-07-13 20:08:03 - INFO - Epoch 4:
2025-07-13 20:08:03 - INFO - 2025-07-13 20:08:03.547961
2025-07-13 20:59:49 - INFO - ACC1: 92.517, ACC2: 0.000, EER: 2.089, minDCF: 0.180, bestEER 2.089
2025-07-13 20:59:49 - INFO - this epoch time:0:51:46.168920

2025-07-13 20:59:49 - INFO - Epoch 5:
2025-07-13 20:59:49 - INFO - 2025-07-13 20:59:49.717544
2025-07-13 21:52:18 - INFO - ACC1: 93.460, ACC2: 0.000, EER: 2.052, minDCF: 0.175, bestEER 2.052
2025-07-13 21:52:18 - INFO - this epoch time:0:52:28.684855

2025-07-13 21:52:18 - INFO - Epoch 6:
2025-07-13 21:52:18 - INFO - 2025-07-13 21:52:18.402494
2025-07-13 22:44:32 - INFO - ACC1: 93.992, ACC2: 0.000, EER: 1.750, minDCF: 0.180, bestEER 1.750
2025-07-13 22:44:32 - INFO - this epoch time:0:52:13.616028

2025-07-13 22:44:32 - INFO - Epoch 7:
2025-07-13 22:44:32 - INFO - 2025-07-13 22:44:32.019197
2025-07-13 23:36:33 - INFO - ACC1: 94.306, ACC2: 0.000, EER: 1.547, minDCF: 0.166, bestEER 1.547
2025-07-13 23:36:33 - INFO - this epoch time:0:52:01.068321

2025-07-13 23:36:33 - INFO - Epoch 8:
2025-07-13 23:36:33 - INFO - 2025-07-13 23:36:33.088145
2025-07-14 00:28:10 - INFO - ACC1: 94.599, ACC2: 0.000, EER: 1.584, minDCF: 0.163, bestEER 1.547
2025-07-14 00:28:10 - INFO - this epoch time:0:51:37.155676

2025-07-14 00:28:10 - INFO - Epoch 9:
2025-07-14 00:28:10 - INFO - 2025-07-14 00:28:10.243961
2025-07-14 01:20:11 - INFO - ACC1: 94.740, ACC2: 0.000, EER: 1.510, minDCF: 0.166, bestEER 1.510
2025-07-14 01:20:11 - INFO - this epoch time:0:52:01.542228

2025-07-14 01:20:11 - INFO - Epoch 10:
2025-07-14 01:20:11 - INFO - 2025-07-14 01:20:11.786871
2025-07-14 02:11:44 - INFO - ACC1: 94.893, ACC2: 0.000, EER: 1.473, minDCF: 0.141, bestEER 1.473
2025-07-14 02:11:44 - INFO - this epoch time:0:51:33.116387

2025-07-14 02:11:44 - INFO - Epoch 11:
2025-07-14 02:11:44 - INFO - 2025-07-14 02:11:44.903422
2025-07-14 03:03:56 - INFO - ACC1: 94.982, ACC2: 0.000, EER: 1.489, minDCF: 0.143, bestEER 1.473
2025-07-14 03:03:56 - INFO - this epoch time:0:52:11.194096

2025-07-14 03:03:56 - INFO - Epoch 12:
2025-07-14 03:03:56 - INFO - 2025-07-14 03:03:56.098295
2025-07-14 03:56:04 - INFO - ACC1: 95.084, ACC2: 0.000, EER: 1.436, minDCF: 0.152, bestEER 1.436
2025-07-14 03:56:04 - INFO - this epoch time:0:52:07.947256

2025-07-14 03:56:04 - INFO - Epoch 13:
2025-07-14 03:56:04 - INFO - 2025-07-14 03:56:04.046217
2025-07-14 04:48:20 - INFO - ACC1: 95.179, ACC2: 0.000, EER: 1.330, minDCF: 0.153, bestEER 1.330
2025-07-14 04:48:20 - INFO - this epoch time:0:52:16.407407

2025-07-14 04:48:20 - INFO - Epoch 14:
2025-07-14 04:48:20 - INFO - 2025-07-14 04:48:20.453770
2025-07-14 05:40:39 - INFO - ACC1: 95.264, ACC2: 0.000, EER: 1.334, minDCF: 0.150, bestEER 1.330
2025-07-14 05:40:39 - INFO - this epoch time:0:52:18.883825

2025-07-14 05:40:39 - INFO - Epoch 15:
2025-07-14 05:40:39 - INFO - 2025-07-14 05:40:39.338410
2025-07-14 06:32:46 - INFO - ACC1: 95.327, ACC2: 0.000, EER: 1.340, minDCF: 0.156, bestEER 1.330
2025-07-14 06:32:46 - INFO - this epoch time:0:52:07.412963

2025-07-14 06:32:46 - INFO - Epoch 16:
2025-07-14 06:32:46 - INFO - 2025-07-14 06:32:46.751983
2025-07-14 07:24:51 - INFO - ACC1: 95.396, ACC2: 0.000, EER: 1.303, minDCF: 0.130, bestEER 1.303
2025-07-14 07:24:51 - INFO - this epoch time:0:52:04.417999

2025-07-14 07:24:51 - INFO - Epoch 17:
2025-07-14 07:24:51 - INFO - 2025-07-14 07:24:51.170624
2025-07-14 08:16:48 - INFO - ACC1: 95.461, ACC2: 0.000, EER: 1.175, minDCF: 0.116, bestEER 1.175
2025-07-14 08:16:48 - INFO - this epoch time:0:51:57.657002

2025-07-14 08:16:48 - INFO - Epoch 18:
2025-07-14 08:16:48 - INFO - 2025-07-14 08:16:48.828243
2025-07-14 09:08:59 - INFO - ACC1: 95.542, ACC2: 0.000, EER: 1.388, minDCF: 0.136, bestEER 1.175
2025-07-14 09:08:59 - INFO - this epoch time:0:52:10.473759

2025-07-14 09:08:59 - INFO - Epoch 19:
2025-07-14 09:08:59 - INFO - 2025-07-14 09:08:59.302154
2025-07-14 10:01:08 - INFO - ACC1: 95.621, ACC2: 0.000, EER: 1.314, minDCF: 0.127, bestEER 1.175
2025-07-14 10:01:08 - INFO - this epoch time:0:52:08.759380

2025-07-14 10:01:08 - INFO - Epoch 20:
2025-07-14 10:01:08 - INFO - 2025-07-14 10:01:08.061653
2025-07-14 10:53:22 - INFO - ACC1: 95.701, ACC2: 0.000, EER: 1.218, minDCF: 0.125, bestEER 1.175
2025-07-14 10:53:22 - INFO - this epoch time:0:52:14.446132

2025-07-14 10:53:22 - INFO - Epoch 21:
2025-07-14 10:53:22 - INFO - 2025-07-14 10:53:22.508329
2025-07-14 11:45:00 - INFO - ACC1: 95.760, ACC2: 0.000, EER: 1.175, minDCF: 0.119, bestEER 1.175
2025-07-14 11:45:00 - INFO - this epoch time:0:51:37.541127

2025-07-14 11:45:00 - INFO - Epoch 22:
2025-07-14 11:45:00 - INFO - 2025-07-14 11:45:00.050079
2025-07-14 12:36:44 - INFO - ACC1: 95.824, ACC2: 0.000, EER: 1.175, minDCF: 0.132, bestEER 1.175
2025-07-14 12:36:44 - INFO - this epoch time:0:51:44.633413

2025-07-14 12:36:44 - INFO - Epoch 23:
2025-07-14 12:36:44 - INFO - 2025-07-14 12:36:44.684150
2025-07-14 13:28:29 - INFO - ACC1: 95.909, ACC2: 0.000, EER: 1.186, minDCF: 0.136, bestEER 1.175
2025-07-14 13:28:29 - INFO - this epoch time:0:51:44.675682

2025-07-14 13:28:29 - INFO - Epoch 24:
2025-07-14 13:28:29 - INFO - 2025-07-14 13:28:29.359937
2025-07-14 14:20:35 - INFO - ACC1: 95.963, ACC2: 0.000, EER: 1.297, minDCF: 0.138, bestEER 1.175
2025-07-14 14:20:35 - INFO - this epoch time:0:52:06.072799

2025-07-14 14:20:35 - INFO - Epoch 25:
2025-07-14 14:20:35 - INFO - 2025-07-14 14:20:35.432853
2025-07-14 15:13:20 - INFO - ACC1: 96.039, ACC2: 0.000, EER: 1.202, minDCF: 0.133, bestEER 1.175
2025-07-14 15:13:20 - INFO - this epoch time:0:52:44.834964

2025-07-14 15:13:20 - INFO - Epoch 26:
2025-07-14 15:13:20 - INFO - 2025-07-14 15:13:20.267923
2025-07-14 16:06:07 - INFO - ACC1: 96.098, ACC2: 0.000, EER: 1.276, minDCF: 0.147, bestEER 1.175
2025-07-14 16:06:07 - INFO - this epoch time:0:52:46.875119

2025-07-14 16:06:07 - INFO - Epoch 27:
2025-07-14 16:06:07 - INFO - 2025-07-14 16:06:07.143675
2025-07-14 16:58:20 - INFO - ACC1: 96.154, ACC2: 0.000, EER: 1.132, minDCF: 0.138, bestEER 1.132
2025-07-14 16:58:20 - INFO - this epoch time:0:52:13.127630

2025-07-14 16:58:20 - INFO - Epoch 28:
2025-07-14 16:58:20 - INFO - 2025-07-14 16:58:20.272511
2025-07-14 17:51:02 - INFO - ACC1: 96.223, ACC2: 0.000, EER: 1.213, minDCF: 0.135, bestEER 1.132
2025-07-14 17:51:02 - INFO - this epoch time:0:52:42.148370

2025-07-14 17:51:02 - INFO - Epoch 29:
2025-07-14 17:51:02 - INFO - 2025-07-14 17:51:02.420977
2025-07-14 18:44:25 - INFO - ACC1: 96.295, ACC2: 0.000, EER: 1.239, minDCF: 0.131, bestEER 1.132
2025-07-14 18:44:25 - INFO - this epoch time:0:53:23.032306

2025-07-14 18:44:25 - INFO - Epoch 30:
2025-07-14 18:44:25 - INFO - 2025-07-14 18:44:25.453915
2025-07-14 19:37:58 - INFO - ACC1: 96.361, ACC2: 0.000, EER: 1.181, minDCF: 0.125, bestEER 1.132
2025-07-14 19:37:58 - INFO - this epoch time:0:53:33.253587

2025-07-14 19:37:58 - INFO - Epoch 31:
2025-07-14 19:37:58 - INFO - 2025-07-14 19:37:58.708122
2025-07-14 20:31:04 - INFO - ACC1: 96.411, ACC2: 0.000, EER: 1.213, minDCF: 0.135, bestEER 1.132
2025-07-14 20:31:04 - INFO - this epoch time:0:53:05.550282

2025-07-14 20:31:04 - INFO - Epoch 32:
2025-07-14 20:31:04 - INFO - 2025-07-14 20:31:04.258531
2025-07-14 21:23:40 - INFO - ACC1: 96.462, ACC2: 0.000, EER: 1.165, minDCF: 0.126, bestEER 1.132
2025-07-14 21:23:40 - INFO - this epoch time:0:52:35.940391

2025-07-14 21:23:40 - INFO - Epoch 33:
2025-07-14 21:23:40 - INFO - 2025-07-14 21:23:40.199066
2025-07-14 22:17:01 - INFO - ACC1: 96.532, ACC2: 0.000, EER: 1.133, minDCF: 0.141, bestEER 1.132
2025-07-14 22:17:01 - INFO - this epoch time:0:53:21.000305

2025-07-14 22:17:01 - INFO - Epoch 34:
2025-07-14 22:17:01 - INFO - 2025-07-14 22:17:01.199509
2025-07-14 23:10:45 - INFO - ACC1: 96.579, ACC2: 0.000, EER: 1.170, minDCF: 0.140, bestEER 1.132
2025-07-14 23:10:45 - INFO - this epoch time:0:53:44.581774

2025-07-14 23:10:45 - INFO - Epoch 35:
2025-07-14 23:10:45 - INFO - 2025-07-14 23:10:45.781449
2025-07-15 00:04:02 - INFO - ACC1: 96.666, ACC2: 0.000, EER: 1.186, minDCF: 0.151, bestEER 1.132
2025-07-15 00:04:02 - INFO - this epoch time:0:53:17.196021

2025-07-15 00:04:02 - INFO - Epoch 36:
2025-07-15 00:04:02 - INFO - 2025-07-15 00:04:02.978080
2025-07-15 00:57:42 - INFO - ACC1: 96.713, ACC2: 0.000, EER: 1.154, minDCF: 0.135, bestEER 1.132
2025-07-15 00:57:42 - INFO - this epoch time:0:53:39.090140

2025-07-15 00:57:42 - INFO - Epoch 37:
2025-07-15 00:57:42 - INFO - 2025-07-15 00:57:42.068829
2025-07-15 01:51:16 - INFO - ACC1: 96.739, ACC2: 0.000, EER: 1.165, minDCF: 0.130, bestEER 1.132
2025-07-15 01:51:16 - INFO - this epoch time:0:53:34.467410

2025-07-15 01:51:16 - INFO - Epoch 38:
2025-07-15 01:51:16 - INFO - 2025-07-15 01:51:16.536909
2025-07-15 02:45:15 - INFO - ACC1: 96.800, ACC2: 0.000, EER: 1.159, minDCF: 0.138, bestEER 1.132
2025-07-15 02:45:15 - INFO - this epoch time:0:53:58.662068

2025-07-15 02:45:15 - INFO - Epoch 39:
2025-07-15 02:45:15 - INFO - 2025-07-15 02:45:15.199615
2025-07-15 03:39:06 - INFO - ACC1: 96.865, ACC2: 0.000, EER: 1.218, minDCF: 0.155, bestEER 1.132
2025-07-15 03:39:06 - INFO - this epoch time:0:53:51.085910

2025-07-15 03:39:06 - INFO - Epoch 40:
2025-07-15 03:39:06 - INFO - 2025-07-15 03:39:06.286119
2025-07-15 04:32:44 - INFO - ACC1: 96.916, ACC2: 0.000, EER: 1.249, minDCF: 0.152, bestEER 1.132
2025-07-15 04:32:44 - INFO - this epoch time:0:53:38.140454

2025-07-15 04:32:44 - INFO - Epoch 41:
2025-07-15 04:32:44 - INFO - 2025-07-15 04:32:44.426770
2025-07-15 05:26:59 - INFO - ACC1: 96.950, ACC2: 0.000, EER: 1.250, minDCF: 0.170, bestEER 1.132
2025-07-15 05:26:59 - INFO - this epoch time:0:54:14.684591

2025-07-15 05:26:59 - INFO - Epoch 42:
2025-07-15 05:26:59 - INFO - 2025-07-15 05:26:59.111473
2025-07-15 06:21:08 - INFO - ACC1: 97.008, ACC2: 0.000, EER: 1.138, minDCF: 0.136, bestEER 1.132
2025-07-15 06:21:08 - INFO - this epoch time:0:54:09.827633

2025-07-15 06:21:08 - INFO - Epoch 43:
2025-07-15 06:21:08 - INFO - 2025-07-15 06:21:08.939672
2025-07-15 07:14:36 - INFO - ACC1: 97.055, ACC2: 0.000, EER: 1.218, minDCF: 0.156, bestEER 1.132
2025-07-15 07:14:36 - INFO - this epoch time:0:53:27.426396

2025-07-15 07:14:36 - INFO - Epoch 44:
2025-07-15 07:14:36 - INFO - 2025-07-15 07:14:36.366745
2025-07-15 08:09:12 - INFO - ACC1: 97.107, ACC2: 0.000, EER: 1.186, minDCF: 0.148, bestEER 1.132
2025-07-15 08:09:12 - INFO - this epoch time:0:54:36.194418

2025-07-15 08:09:12 - INFO - Epoch 45:
2025-07-15 08:09:12 - INFO - 2025-07-15 08:09:12.561901
2025-07-15 09:03:02 - INFO - ACC1: 97.150, ACC2: 0.000, EER: 1.207, minDCF: 0.179, bestEER 1.132
2025-07-15 09:03:02 - INFO - this epoch time:0:53:50.220172

2025-07-15 09:03:02 - INFO - Epoch 46:
2025-07-15 09:03:02 - INFO - 2025-07-15 09:03:02.782231
2025-07-15 09:56:33 - INFO - ACC1: 97.182, ACC2: 0.000, EER: 1.186, minDCF: 0.147, bestEER 1.132
2025-07-15 09:56:33 - INFO - this epoch time:0:53:30.295655

2025-07-15 09:56:33 - INFO - Epoch 47:
2025-07-15 09:56:33 - INFO - 2025-07-15 09:56:33.078691
2025-07-15 10:50:15 - INFO - ACC1: 97.213, ACC2: 0.000, EER: 1.186, minDCF: 0.140, bestEER 1.132
2025-07-15 10:50:15 - INFO - this epoch time:0:53:41.928102

2025-07-15 10:50:15 - INFO - Epoch 48:
2025-07-15 10:50:15 - INFO - 2025-07-15 10:50:15.007447
2025-07-15 11:43:37 - INFO - ACC1: 97.293, ACC2: 0.000, EER: 1.197, minDCF: 0.130, bestEER 1.132
2025-07-15 11:43:37 - INFO - this epoch time:0:53:22.529413

2025-07-15 11:43:37 - INFO - Epoch 49:
2025-07-15 11:43:37 - INFO - 2025-07-15 11:43:37.537487
2025-07-15 12:37:18 - INFO - ACC1: 97.297, ACC2: 0.000, EER: 1.164, minDCF: 0.157, bestEER 1.132
2025-07-15 12:37:18 - INFO - this epoch time:0:53:40.778133

2025-07-15 12:37:18 - INFO - Epoch 50:
2025-07-15 12:37:18 - INFO - 2025-07-15 12:37:18.316224
2025-07-15 13:31:10 - INFO - ACC1: 97.336, ACC2: 0.000, EER: 1.159, minDCF: 0.170, bestEER 1.132
2025-07-15 13:31:10 - INFO - this epoch time:0:53:51.973475

2025-07-15 13:31:10 - INFO - Epoch 51:
2025-07-15 13:31:10 - INFO - 2025-07-15 13:31:10.290547
2025-07-15 14:25:19 - INFO - ACC1: 97.387, ACC2: 0.000, EER: 1.181, minDCF: 0.165, bestEER 1.132
2025-07-15 14:25:19 - INFO - this epoch time:0:54:09.445161

2025-07-15 14:25:19 - INFO - Epoch 52:
2025-07-15 14:25:19 - INFO - 2025-07-15 14:25:19.736287
2025-07-15 15:20:02 - INFO - ACC1: 97.428, ACC2: 0.000, EER: 1.202, minDCF: 0.184, bestEER 1.132
2025-07-15 15:20:02 - INFO - this epoch time:0:54:42.748394

2025-07-15 15:20:02 - INFO - Epoch 53:
2025-07-15 15:20:02 - INFO - 2025-07-15 15:20:02.485289
2025-07-15 16:13:27 - INFO - ACC1: 97.455, ACC2: 0.000, EER: 1.170, minDCF: 0.179, bestEER 1.132
2025-07-15 16:13:27 - INFO - this epoch time:0:53:25.434876

2025-07-15 16:13:27 - INFO - Epoch 54:
2025-07-15 16:13:27 - INFO - 2025-07-15 16:13:27.920288
2025-07-15 17:06:09 - INFO - ACC1: 97.503, ACC2: 0.000, EER: 1.138, minDCF: 0.167, bestEER 1.132
2025-07-15 17:06:09 - INFO - this epoch time:0:52:41.433380

2025-07-15 17:06:09 - INFO - Epoch 55:
2025-07-15 17:06:09 - INFO - 2025-07-15 17:06:09.353782
2025-07-15 17:59:08 - INFO - ACC1: 97.534, ACC2: 0.000, EER: 1.250, minDCF: 0.153, bestEER 1.132
2025-07-15 17:59:08 - INFO - this epoch time:0:52:59.420795

2025-07-15 17:59:08 - INFO - Epoch 56:
2025-07-15 17:59:08 - INFO - 2025-07-15 17:59:08.775222
2025-07-15 18:51:08 - INFO - ACC1: 97.562, ACC2: 0.000, EER: 1.164, minDCF: 0.163, bestEER 1.132
2025-07-15 18:51:08 - INFO - this epoch time:0:51:59.249814

2025-07-15 18:51:08 - INFO - Epoch 57:
2025-07-15 18:51:08 - INFO - 2025-07-15 18:51:08.025130
2025-07-15 19:44:03 - INFO - ACC1: 97.599, ACC2: 0.000, EER: 1.239, minDCF: 0.174, bestEER 1.132
2025-07-15 19:44:03 - INFO - this epoch time:0:52:55.737768

2025-07-15 19:44:03 - INFO - Epoch 58:
2025-07-15 19:44:03 - INFO - 2025-07-15 19:44:03.763486
2025-07-15 20:37:21 - INFO - ACC1: 97.621, ACC2: 0.000, EER: 1.218, minDCF: 0.165, bestEER 1.132
2025-07-15 20:37:21 - INFO - this epoch time:0:53:17.771230

2025-07-15 20:37:21 - INFO - Epoch 59:
2025-07-15 20:37:21 - INFO - 2025-07-15 20:37:21.534817
2025-07-15 21:31:04 - INFO - ACC1: 97.661, ACC2: 0.000, EER: 1.229, minDCF: 0.176, bestEER 1.132
2025-07-15 21:31:04 - INFO - this epoch time:0:53:43.172284

2025-07-15 21:31:04 - INFO - Epoch 60:
2025-07-15 21:31:04 - INFO - 2025-07-15 21:31:04.707231
2025-07-15 22:24:31 - INFO - ACC1: 97.696, ACC2: 0.000, EER: 1.202, minDCF: 0.193, bestEER 1.132
2025-07-15 22:24:31 - INFO - this epoch time:0:53:27.192607

2025-07-15 22:24:31 - INFO - Epoch 61:
2025-07-15 22:24:31 - INFO - 2025-07-15 22:24:31.899960
2025-07-15 23:19:04 - INFO - ACC1: 97.713, ACC2: 0.000, EER: 1.180, minDCF: 0.183, bestEER 1.132
2025-07-15 23:19:04 - INFO - this epoch time:0:54:32.690963

2025-07-15 23:19:04 - INFO - Epoch 62:
2025-07-15 23:19:04 - INFO - 2025-07-15 23:19:04.591110
2025-07-16 00:12:55 - INFO - ACC1: 97.762, ACC2: 0.000, EER: 1.234, minDCF: 0.184, bestEER 1.132
2025-07-16 00:12:55 - INFO - this epoch time:0:53:50.667877

2025-07-16 00:12:55 - INFO - Epoch 63:
2025-07-16 00:12:55 - INFO - 2025-07-16 00:12:55.259697
2025-07-16 01:06:42 - INFO - ACC1: 97.762, ACC2: 0.000, EER: 1.207, minDCF: 0.195, bestEER 1.132
2025-07-16 01:06:42 - INFO - this epoch time:0:53:47.261418

2025-07-16 01:06:42 - INFO - Epoch 64:
2025-07-16 01:06:42 - INFO - 2025-07-16 01:06:42.521211
2025-07-16 02:00:42 - INFO - ACC1: 97.799, ACC2: 0.000, EER: 1.218, minDCF: 0.161, bestEER 1.132
2025-07-16 02:00:42 - INFO - this epoch time:0:53:59.937945

2025-07-16 02:00:42 - INFO - Epoch 65:
2025-07-16 02:00:42 - INFO - 2025-07-16 02:00:42.459260
2025-07-16 02:54:30 - INFO - ACC1: 97.846, ACC2: 0.000, EER: 1.164, minDCF: 0.163, bestEER 1.132
2025-07-16 02:54:30 - INFO - this epoch time:0:53:48.011151

2025-07-16 02:54:30 - INFO - Epoch 66:
2025-07-16 02:54:30 - INFO - 2025-07-16 02:54:30.471154
2025-07-16 03:48:03 - INFO - ACC1: 97.855, ACC2: 0.000, EER: 1.213, minDCF: 0.166, bestEER 1.132
2025-07-16 03:48:03 - INFO - this epoch time:0:53:32.880913

2025-07-16 03:48:03 - INFO - Epoch 67:
2025-07-16 03:48:03 - INFO - 2025-07-16 03:48:03.352170
2025-07-16 04:41:43 - INFO - ACC1: 97.890, ACC2: 0.000, EER: 1.255, minDCF: 0.177, bestEER 1.132
2025-07-16 04:41:43 - INFO - this epoch time:0:53:40.099737

2025-07-16 04:41:43 - INFO - Epoch 68:
2025-07-16 04:41:43 - INFO - 2025-07-16 04:41:43.452513
2025-07-16 05:35:21 - INFO - ACC1: 97.890, ACC2: 0.000, EER: 1.239, minDCF: 0.160, bestEER 1.132
2025-07-16 05:35:21 - INFO - this epoch time:0:53:37.831829

2025-07-16 05:35:21 - INFO - Epoch 69:
2025-07-16 05:35:21 - INFO - 2025-07-16 05:35:21.284460
2025-07-16 06:28:49 - INFO - ACC1: 97.935, ACC2: 0.000, EER: 1.223, minDCF: 0.178, bestEER 1.132
2025-07-16 06:28:49 - INFO - this epoch time:0:53:27.928998

2025-07-16 06:28:49 - INFO - Epoch 70:
2025-07-16 06:28:49 - INFO - 2025-07-16 06:28:49.214162
2025-07-16 07:22:10 - INFO - ACC1: 97.970, ACC2: 0.000, EER: 1.250, minDCF: 0.170, bestEER 1.132
2025-07-16 07:22:10 - INFO - this epoch time:0:53:21.752244

2025-07-16 07:22:10 - INFO - Epoch 71:
2025-07-16 07:22:10 - INFO - 2025-07-16 07:22:10.966973
2025-07-16 08:15:36 - INFO - ACC1: 97.974, ACC2: 0.000, EER: 1.249, minDCF: 0.160, bestEER 1.132
2025-07-16 08:15:36 - INFO - this epoch time:0:53:25.411471

2025-07-16 08:15:36 - INFO - Epoch 72:
2025-07-16 08:15:36 - INFO - 2025-07-16 08:15:36.379128
2025-07-16 09:09:07 - INFO - ACC1: 97.995, ACC2: 0.000, EER: 1.191, minDCF: 0.184, bestEER 1.132
2025-07-16 09:09:07 - INFO - this epoch time:0:53:31.251442

2025-07-16 09:09:07 - INFO - Epoch 73:
2025-07-16 09:09:07 - INFO - 2025-07-16 09:09:07.631259
2025-07-16 10:02:07 - INFO - ACC1: 98.019, ACC2: 0.000, EER: 1.287, minDCF: 0.203, bestEER 1.132
2025-07-16 10:02:07 - INFO - this epoch time:0:53:00.110225

2025-07-16 10:02:07 - INFO - Epoch 74:
2025-07-16 10:02:07 - INFO - 2025-07-16 10:02:07.741647
2025-07-16 10:55:08 - INFO - ACC1: 98.045, ACC2: 0.000, EER: 1.245, minDCF: 0.161, bestEER 1.132
2025-07-16 10:55:08 - INFO - this epoch time:0:53:00.669041

2025-07-16 10:55:08 - INFO - Epoch 75:
2025-07-16 10:55:08 - INFO - 2025-07-16 10:55:08.410929
2025-07-16 11:47:54 - INFO - ACC1: 98.058, ACC2: 0.000, EER: 1.245, minDCF: 0.198, bestEER 1.132
2025-07-16 11:47:54 - INFO - this epoch time:0:52:46.543300

2025-07-16 11:47:54 - INFO - Epoch 76:
2025-07-16 11:47:54 - INFO - 2025-07-16 11:47:54.954949
2025-07-16 12:40:16 - INFO - ACC1: 98.072, ACC2: 0.000, EER: 1.314, minDCF: 0.197, bestEER 1.132
2025-07-16 12:40:16 - INFO - this epoch time:0:52:21.329620

2025-07-16 12:40:16 - INFO - Epoch 77:
2025-07-16 12:40:16 - INFO - 2025-07-16 12:40:16.285146
2025-07-16 13:33:07 - INFO - ACC1: 98.100, ACC2: 0.000, EER: 1.282, minDCF: 0.174, bestEER 1.132
2025-07-16 13:33:07 - INFO - this epoch time:0:52:51.503589

2025-07-16 13:33:07 - INFO - Epoch 78:
2025-07-16 13:33:07 - INFO - 2025-07-16 13:33:07.789500
2025-07-16 14:25:18 - INFO - ACC1: 98.112, ACC2: 0.000, EER: 1.249, minDCF: 0.186, bestEER 1.132
2025-07-16 14:25:18 - INFO - this epoch time:0:52:10.695514

2025-07-16 14:25:18 - INFO - Epoch 79:
2025-07-16 14:25:18 - INFO - 2025-07-16 14:25:18.485630
2025-07-16 15:17:53 - INFO - ACC1: 98.141, ACC2: 0.000, EER: 1.239, minDCF: 0.176, bestEER 1.132
2025-07-16 15:17:53 - INFO - this epoch time:0:52:34.729879

2025-07-16 15:17:53 - INFO - Epoch 80:
2025-07-16 15:17:53 - INFO - 2025-07-16 15:17:53.216183
2025-07-16 16:10:43 - INFO - ACC1: 98.149, ACC2: 0.000, EER: 1.330, minDCF: 0.186, bestEER 1.132
2025-07-16 16:10:43 - INFO - this epoch time:0:52:50.732311

2025-07-16 16:10:43 - INFO - Epoch 81:
2025-07-16 16:10:43 - INFO - 2025-07-16 16:10:43.948959
2025-07-16 17:03:16 - INFO - ACC1: 98.189, ACC2: 0.000, EER: 1.207, minDCF: 0.183, bestEER 1.132
2025-07-16 17:03:16 - INFO - this epoch time:0:52:32.850374

2025-07-16 17:03:16 - INFO - Epoch 82:
2025-07-16 17:03:16 - INFO - 2025-07-16 17:03:16.800249
2025-07-16 17:55:48 - INFO - ACC1: 98.179, ACC2: 0.000, EER: 1.186, minDCF: 0.192, bestEER 1.132
2025-07-16 17:55:48 - INFO - this epoch time:0:52:31.480660

2025-07-16 17:55:48 - INFO - Epoch 83:
2025-07-16 17:55:48 - INFO - 2025-07-16 17:55:48.281010
2025-07-16 18:48:18 - INFO - ACC1: 98.185, ACC2: 0.000, EER: 1.159, minDCF: 0.174, bestEER 1.132
2025-07-16 18:48:18 - INFO - this epoch time:0:52:30.046780

2025-07-16 18:48:18 - INFO - Epoch 84:
2025-07-16 18:48:18 - INFO - 2025-07-16 18:48:18.328450
2025-07-16 19:40:58 - INFO - ACC1: 98.230, ACC2: 0.000, EER: 1.234, minDCF: 0.174, bestEER 1.132
2025-07-16 19:40:58 - INFO - this epoch time:0:52:40.309559

2025-07-16 19:40:58 - INFO - Epoch 85:
2025-07-16 19:40:58 - INFO - 2025-07-16 19:40:58.638682
2025-07-16 20:33:24 - INFO - ACC1: 98.233, ACC2: 0.000, EER: 1.276, minDCF: 0.207, bestEER 1.132
2025-07-16 20:33:24 - INFO - this epoch time:0:52:25.702067

2025-07-16 20:33:24 - INFO - Epoch 86:
2025-07-16 20:33:24 - INFO - 2025-07-16 20:33:24.340913
2025-07-16 21:25:42 - INFO - ACC1: 98.255, ACC2: 0.000, EER: 1.239, minDCF: 0.168, bestEER 1.132
2025-07-16 21:25:42 - INFO - this epoch time:0:52:18.564911

2025-07-16 21:25:42 - INFO - Epoch 87:
2025-07-16 21:25:42 - INFO - 2025-07-16 21:25:42.906732
2025-07-16 22:18:12 - INFO - ACC1: 98.263, ACC2: 0.000, EER: 1.334, minDCF: 0.173, bestEER 1.132
2025-07-16 22:18:12 - INFO - this epoch time:0:52:29.601011

2025-07-16 22:18:12 - INFO - Epoch 88:
2025-07-16 22:18:12 - INFO - 2025-07-16 22:18:12.507838
2025-07-16 23:10:04 - INFO - ACC1: 98.274, ACC2: 0.000, EER: 1.330, minDCF: 0.181, bestEER 1.132
2025-07-16 23:10:04 - INFO - this epoch time:0:51:52.285041

2025-07-16 23:10:04 - INFO - Epoch 89:
2025-07-16 23:10:04 - INFO - 2025-07-16 23:10:04.793021
2025-07-17 00:02:04 - INFO - ACC1: 98.284, ACC2: 0.000, EER: 1.324, minDCF: 0.193, bestEER 1.132
2025-07-17 00:02:04 - INFO - this epoch time:0:51:59.466290

2025-07-17 00:02:04 - INFO - Epoch 90:
2025-07-17 00:02:04 - INFO - 2025-07-17 00:02:04.260094
2025-07-17 00:53:41 - INFO - ACC1: 98.305, ACC2: 0.000, EER: 1.303, minDCF: 0.192, bestEER 1.132
2025-07-17 00:53:41 - INFO - this epoch time:0:51:36.903723

2025-07-17 00:53:41 - INFO - Epoch 91:
2025-07-17 00:53:41 - INFO - 2025-07-17 00:53:41.163902
2025-07-17 01:45:25 - INFO - ACC1: 98.322, ACC2: 0.000, EER: 1.303, minDCF: 0.193, bestEER 1.132
2025-07-17 01:45:25 - INFO - this epoch time:0:51:44.272521

2025-07-17 01:45:25 - INFO - Epoch 92:
2025-07-17 01:45:25 - INFO - 2025-07-17 01:45:25.436514
2025-07-17 02:36:48 - INFO - ACC1: 98.351, ACC2: 0.000, EER: 1.292, minDCF: 0.189, bestEER 1.132
2025-07-17 02:36:48 - INFO - this epoch time:0:51:23.228329

2025-07-17 02:36:48 - INFO - Epoch 93:
2025-07-17 02:36:48 - INFO - 2025-07-17 02:36:48.665496
2025-07-17 03:27:56 - INFO - ACC1: 98.348, ACC2: 0.000, EER: 1.388, minDCF: 0.179, bestEER 1.132
2025-07-17 03:27:56 - INFO - this epoch time:0:51:08.207804

2025-07-17 03:27:56 - INFO - Epoch 94:
2025-07-17 03:27:56 - INFO - 2025-07-17 03:27:56.873909
2025-07-17 04:19:17 - INFO - ACC1: 98.353, ACC2: 0.000, EER: 1.377, minDCF: 0.193, bestEER 1.132
2025-07-17 04:19:17 - INFO - this epoch time:0:51:20.287443

2025-07-17 04:19:17 - INFO - Epoch 95:
2025-07-17 04:19:17 - INFO - 2025-07-17 04:19:17.162183
2025-07-17 05:10:24 - INFO - ACC1: 98.370, ACC2: 0.000, EER: 1.366, minDCF: 0.187, bestEER 1.132
2025-07-17 05:10:24 - INFO - this epoch time:0:51:07.526391

2025-07-17 05:10:24 - INFO - Epoch 96:
2025-07-17 05:10:24 - INFO - 2025-07-17 05:10:24.689522
2025-07-17 06:02:17 - INFO - ACC1: 98.378, ACC2: 0.000, EER: 1.324, minDCF: 0.200, bestEER 1.132
2025-07-17 06:02:17 - INFO - this epoch time:0:51:52.337953

2025-07-17 06:02:17 - INFO - Epoch 97:
2025-07-17 06:02:17 - INFO - 2025-07-17 06:02:17.028452
2025-07-17 06:53:40 - INFO - ACC1: 98.398, ACC2: 0.000, EER: 1.271, minDCF: 0.171, bestEER 1.132
2025-07-17 06:53:40 - INFO - this epoch time:0:51:23.645604

2025-07-17 06:53:40 - INFO - Epoch 98:
2025-07-17 06:53:40 - INFO - 2025-07-17 06:53:40.674655
2025-07-17 07:45:54 - INFO - ACC1: 98.408, ACC2: 0.000, EER: 1.340, minDCF: 0.182, bestEER 1.132
2025-07-17 07:45:54 - INFO - this epoch time:0:52:13.797597

2025-07-17 07:45:54 - INFO - Epoch 99:
2025-07-17 07:45:54 - INFO - 2025-07-17 07:45:54.472361
2025-07-17 08:38:19 - INFO - ACC1: 98.413, ACC2: 0.000, EER: 1.367, minDCF: 0.195, bestEER 1.132
2025-07-17 08:38:19 - INFO - this epoch time:0:52:24.564660

2025-07-17 08:38:19 - INFO - Epoch 100:
2025-07-17 08:38:19 - INFO - 2025-07-17 08:38:19.037118
2025-07-17 09:30:54 - INFO - ACC1: 98.407, ACC2: 0.000, EER: 1.383, minDCF: 0.196, bestEER 1.132
2025-07-17 09:30:54 - INFO - this epoch time:0:52:35.619363

2025-07-17 09:30:55 - INFO - exp/v2_lam1=1.0_am_lam2=0.0_augment/model/model_0100.model is loaded!
2025-07-17 09:30:56 - INFO - exp/v2_lam1=1.0_am_lam2=0.0_augment/model/model_0099.model is loaded!
2025-07-17 09:30:56 - INFO - exp/v2_lam1=1.0_am_lam2=0.0_augment/model/model_0098.model is loaded!
2025-07-17 09:30:57 - INFO - exp/v2_lam1=1.0_am_lam2=0.0_augment/model/model_0097.model is loaded!
2025-07-17 09:30:58 - INFO - exp/v2_lam1=1.0_am_lam2=0.0_augment/model/model_0096.model is loaded!
2025-07-17 09:30:59 - INFO - start to evaluate the final model
2025-07-17 09:32:35 - INFO - final, EER: 1.298, minDCF(0.01): 0.188, minDCF(0.001): 0.272, bestEER: 1.132
2025-07-17 09:32:35 - INFO - evaluate the final model in Vox-E and Vox-H
2025-09-01 15:38:51 - INFO - start time:2025-09-01 15:38:51.518862
2025-09-01 15:39:21 - INFO - Model exp/v2_lam1=1.0_am_lam2=0.0_augment/model/model_0100.model loaded from previous state!
2025-09-01 15:39:35 - INFO - exp/v2_lam1=1.0_am_lam2=0.0_augment/model/model_final.model is loaded!
2025-09-01 15:39:35 - INFO - evaluate the final model in Vox-E and Vox-H
2025-09-01 15:49:31 - INFO - Vox-E, EER: 1.461, minDCF(0.01): 0.169, minDCF(0.05): 0.097
2025-09-01 15:49:31 - INFO - Vox-H, EER: 2.732, minDCF(0.01): 0.273, minDCF(0.05): 0.168
2025-09-01 15:49:31 - INFO - total train time:0:10:39.779868

