2025-09-12 08:49:28 - INFO - start time:2025-09-12 08:49:28.620608
2025-09-12 08:50:03 - INFO - Epoch 1:
2025-09-12 08:50:03 - INFO - 2025-09-12 08:50:03.939963
2025-09-12 09:50:48 - INFO - this epoch time:1:00:44.412040

2025-09-12 09:50:48 - INFO - Epoch 2:
2025-09-12 09:50:48 - INFO - 2025-09-12 09:50:48.357588
2025-09-12 10:52:05 - INFO - this epoch time:1:01:17.240335

2025-09-12 10:52:05 - INFO - Epoch 3:
2025-09-12 10:52:05 - INFO - 2025-09-12 10:52:05.607714
2025-09-12 11:53:24 - INFO - this epoch time:1:01:19.315743

2025-09-12 11:53:24 - INFO - Epoch 4:
2025-09-12 11:53:24 - INFO - 2025-09-12 11:53:24.942714
2025-09-12 12:54:52 - INFO - this epoch time:1:01:27.781507

2025-09-12 12:54:52 - INFO - Epoch 5:
2025-09-12 12:54:52 - INFO - 2025-09-12 12:54:52.727995
2025-09-12 14:02:28 - INFO - ACC1: 0.000, ACC2: 91.590, EER: 2.765, minDCF: 0.194, bestEER 2.765
2025-09-12 14:02:28 - INFO - this epoch time:1:07:35.914479

2025-09-12 14:02:28 - INFO - Epoch 6:
2025-09-12 14:02:28 - INFO - 2025-09-12 14:02:28.642793
2025-09-12 15:04:04 - INFO - this epoch time:1:01:35.472015

2025-09-12 15:04:04 - INFO - Epoch 7:
2025-09-12 15:04:04 - INFO - 2025-09-12 15:04:04.139056
2025-09-12 16:04:41 - INFO - this epoch time:1:00:37.508001

2025-09-12 16:04:41 - INFO - Epoch 8:
2025-09-12 16:04:41 - INFO - 2025-09-12 16:04:41.653619
2025-09-12 17:07:03 - INFO - this epoch time:1:02:21.920149

2025-09-12 17:07:03 - INFO - Epoch 9:
2025-09-12 17:07:03 - INFO - 2025-09-12 17:07:03.593756
2025-09-12 18:10:26 - INFO - this epoch time:1:03:22.522622

2025-09-12 18:10:26 - INFO - Epoch 10:
2025-09-12 18:10:26 - INFO - 2025-09-12 18:10:26.142832
2025-09-12 19:18:07 - INFO - ACC1: 0.000, ACC2: 94.308, EER: 2.133, minDCF: 0.154, bestEER 2.133
2025-09-12 19:18:07 - INFO - this epoch time:1:07:41.800168

2025-09-12 19:18:07 - INFO - Epoch 11:
2025-09-12 19:18:07 - INFO - 2025-09-12 19:18:07.945943
2025-09-12 20:17:08 - INFO - this epoch time:0:59:00.393422

2025-09-12 20:17:08 - INFO - Epoch 12:
2025-09-12 20:17:08 - INFO - 2025-09-12 20:17:08.343929
2025-09-12 21:15:12 - INFO - this epoch time:0:58:04.185150

2025-09-12 21:15:12 - INFO - Epoch 13:
2025-09-12 21:15:12 - INFO - 2025-09-12 21:15:12.545878
2025-09-12 22:12:43 - INFO - this epoch time:0:57:30.812200

2025-09-12 22:12:43 - INFO - Epoch 14:
2025-09-12 22:12:43 - INFO - 2025-09-12 22:12:43.368794
2025-09-12 23:12:45 - INFO - this epoch time:1:00:02.493268

2025-09-12 23:12:45 - INFO - Epoch 15:
2025-09-12 23:12:45 - INFO - 2025-09-12 23:12:45.879337
2025-09-13 00:21:44 - INFO - ACC1: 0.000, ACC2: 95.275, EER: 1.984, minDCF: 0.138, bestEER 1.984
2025-09-13 00:21:44 - INFO - this epoch time:1:08:58.919122

2025-09-13 00:21:44 - INFO - Epoch 16:
2025-09-13 00:21:44 - INFO - 2025-09-13 00:21:44.799431
2025-09-13 01:20:56 - INFO - this epoch time:0:59:11.536009

2025-09-13 01:20:56 - INFO - Epoch 17:
2025-09-13 01:20:56 - INFO - 2025-09-13 01:20:56.357260
2025-09-13 02:17:24 - INFO - this epoch time:0:56:28.412436

2025-09-13 02:17:24 - INFO - Epoch 18:
2025-09-13 02:17:24 - INFO - 2025-09-13 02:17:24.786362
2025-09-13 03:15:42 - INFO - this epoch time:0:58:17.529524

2025-09-13 03:15:42 - INFO - Epoch 19:
2025-09-13 03:15:42 - INFO - 2025-09-13 03:15:42.337183
2025-09-13 04:11:43 - INFO - this epoch time:0:56:01.476004

2025-09-13 04:11:43 - INFO - Epoch 20:
2025-09-13 04:11:43 - INFO - 2025-09-13 04:11:43.825530
2025-09-13 05:16:05 - INFO - ACC1: 0.000, ACC2: 95.960, EER: 1.872, minDCF: 0.135, bestEER 1.872
2025-09-13 05:16:05 - INFO - this epoch time:1:04:22.120855

2025-09-13 05:16:05 - INFO - Epoch 21:
2025-09-13 05:16:05 - INFO - 2025-09-13 05:16:05.947298
2025-09-13 06:16:24 - INFO - this epoch time:1:00:18.592043

2025-09-13 06:16:24 - INFO - Epoch 22:
2025-09-13 06:16:24 - INFO - 2025-09-13 06:16:24.571533
2025-09-13 07:14:43 - INFO - this epoch time:0:58:19.184173

2025-09-13 07:14:43 - INFO - Epoch 23:
2025-09-13 07:14:43 - INFO - 2025-09-13 07:14:43.766741
2025-09-13 08:12:02 - INFO - this epoch time:0:57:18.523840

2025-09-13 08:12:02 - INFO - Epoch 24:
2025-09-13 08:12:02 - INFO - 2025-09-13 08:12:02.310565
2025-09-13 09:07:24 - INFO - this epoch time:0:55:21.908975

2025-09-13 09:07:24 - INFO - Epoch 25:
2025-09-13 09:07:24 - INFO - 2025-09-13 09:07:24.231158
2025-09-13 10:06:20 - INFO - ACC1: 0.000, ACC2: 96.416, EER: 1.867, minDCF: 0.122, bestEER 1.867
2025-09-13 10:06:20 - INFO - this epoch time:0:58:56.399385

2025-09-13 10:06:20 - INFO - Epoch 26:
2025-09-13 10:06:20 - INFO - 2025-09-13 10:06:20.630822
2025-09-13 11:01:50 - INFO - this epoch time:0:55:29.478077

2025-09-13 11:01:50 - INFO - Epoch 27:
2025-09-13 11:01:50 - INFO - 2025-09-13 11:01:50.113904
2025-09-13 11:52:41 - INFO - this epoch time:0:50:51.833948

2025-09-13 11:52:41 - INFO - Epoch 28:
2025-09-13 11:52:41 - INFO - 2025-09-13 11:52:41.949580
2025-09-13 12:42:06 - INFO - this epoch time:0:49:24.144513

2025-09-13 12:42:06 - INFO - Epoch 29:
2025-09-13 12:42:06 - INFO - 2025-09-13 12:42:06.096166
2025-09-13 13:51:36 - INFO - this epoch time:1:09:30.454476

2025-09-13 13:51:36 - INFO - Epoch 30:
2025-09-13 13:51:36 - INFO - 2025-09-13 13:51:36.577565
2025-09-13 14:44:44 - INFO - ACC1: 0.000, ACC2: 96.795, EER: 1.877, minDCF: 0.118, bestEER 1.867
2025-09-13 14:44:44 - INFO - this epoch time:0:53:08.345405

2025-09-13 14:44:44 - INFO - Epoch 31:
2025-09-13 14:44:44 - INFO - 2025-09-13 14:44:44.923072
2025-09-13 15:34:03 - INFO - this epoch time:0:49:18.368535

2025-09-13 15:34:03 - INFO - Epoch 32:
2025-09-13 15:34:03 - INFO - 2025-09-13 15:34:03.296012
2025-09-13 16:22:45 - INFO - this epoch time:0:48:42.056317

2025-09-13 16:22:45 - INFO - Epoch 33:
2025-09-13 16:22:45 - INFO - 2025-09-13 16:22:45.354208
2025-09-13 17:13:15 - INFO - this epoch time:0:50:29.931760

2025-09-13 17:13:15 - INFO - Epoch 34:
2025-09-13 17:13:15 - INFO - 2025-09-13 17:13:15.289392
2025-09-13 18:04:52 - INFO - this epoch time:0:51:37.552440

2025-09-13 18:04:52 - INFO - Epoch 35:
2025-09-13 18:04:52 - INFO - 2025-09-13 18:04:52.913173
2025-09-13 19:16:01 - INFO - ACC1: 0.000, ACC2: 97.111, EER: 1.680, minDCF: 0.115, bestEER 1.680
2025-09-13 19:16:01 - INFO - this epoch time:1:11:08.127725

2025-09-13 19:16:01 - INFO - Epoch 36:
2025-09-13 19:16:01 - INFO - 2025-09-13 19:16:01.041210
2025-09-13 20:13:59 - INFO - this epoch time:0:57:58.814954

2025-09-13 20:13:59 - INFO - Epoch 37:
2025-09-13 20:13:59 - INFO - 2025-09-13 20:13:59.902057
2025-09-13 21:11:27 - INFO - this epoch time:0:57:27.148308

2025-09-13 21:11:27 - INFO - Epoch 38:
2025-09-13 21:11:27 - INFO - 2025-09-13 21:11:27.116998
2025-09-13 22:08:43 - INFO - this epoch time:0:57:16.070653

2025-09-13 22:08:43 - INFO - Epoch 39:
2025-09-13 22:08:43 - INFO - 2025-09-13 22:08:43.229399
2025-09-13 23:11:05 - INFO - this epoch time:1:02:21.811550

2025-09-13 23:11:05 - INFO - Epoch 40:
2025-09-13 23:11:05 - INFO - 2025-09-13 23:11:05.155167
2025-09-14 00:12:20 - INFO - ACC1: 0.000, ACC2: 97.394, EER: 1.686, minDCF: 0.114, bestEER 1.680
2025-09-14 00:12:20 - INFO - this epoch time:1:01:15.579812

2025-09-14 00:12:20 - INFO - Epoch 41:
2025-09-14 00:12:20 - INFO - 2025-09-14 00:12:20.735129
2025-09-14 01:11:01 - INFO - this epoch time:0:58:40.749409

2025-09-14 01:11:01 - INFO - Epoch 42:
2025-09-14 01:11:01 - INFO - 2025-09-14 01:11:01.515672
2025-09-14 02:12:37 - INFO - this epoch time:1:01:36.055551

2025-09-14 02:12:37 - INFO - Epoch 43:
2025-09-14 02:12:37 - INFO - 2025-09-14 02:12:37.616906
2025-09-14 03:09:07 - INFO - this epoch time:0:56:29.737007

2025-09-14 03:09:07 - INFO - Epoch 44:
2025-09-14 03:09:07 - INFO - 2025-09-14 03:09:07.403466
2025-09-14 04:00:29 - INFO - this epoch time:0:51:22.321946

2025-09-14 04:00:29 - INFO - Epoch 45:
2025-09-14 04:00:29 - INFO - 2025-09-14 04:00:29.726742
2025-09-14 04:55:50 - INFO - ACC1: 0.000, ACC2: 97.629, EER: 1.744, minDCF: 0.124, bestEER 1.680
2025-09-14 04:55:50 - INFO - this epoch time:0:55:20.473271

2025-09-14 04:55:50 - INFO - Epoch 46:
2025-09-14 04:55:50 - INFO - 2025-09-14 04:55:50.200325
2025-09-14 05:46:45 - INFO - this epoch time:0:50:55.724326

2025-09-14 05:46:45 - INFO - Epoch 47:
2025-09-14 05:46:45 - INFO - 2025-09-14 05:46:45.953515
2025-09-14 06:36:40 - INFO - this epoch time:0:49:55.027349

2025-09-14 06:36:40 - INFO - Epoch 48:
2025-09-14 06:36:40 - INFO - 2025-09-14 06:36:40.985496
2025-09-14 07:26:12 - INFO - this epoch time:0:49:31.609679

2025-09-14 07:26:12 - INFO - Epoch 49:
2025-09-14 07:26:12 - INFO - 2025-09-14 07:26:12.610706
2025-09-14 08:14:53 - INFO - this epoch time:0:48:40.997564

2025-09-14 08:14:53 - INFO - Epoch 50:
2025-09-14 08:14:53 - INFO - 2025-09-14 08:14:53.630917
2025-09-14 09:07:06 - INFO - ACC1: 0.000, ACC2: 97.851, EER: 1.622, minDCF: 0.117, bestEER 1.622
2025-09-14 09:07:06 - INFO - this epoch time:0:52:12.547088

2025-09-14 09:07:06 - INFO - Epoch 51:
2025-09-14 09:07:06 - INFO - 2025-09-14 09:07:06.178103
2025-09-14 09:56:38 - INFO - this epoch time:0:49:31.862264

2025-09-14 09:56:38 - INFO - Epoch 52:
2025-09-14 09:56:38 - INFO - 2025-09-14 09:56:38.047119
2025-09-14 10:47:23 - INFO - this epoch time:0:50:45.591296

2025-09-14 10:47:23 - INFO - Epoch 53:
2025-09-14 10:47:23 - INFO - 2025-09-14 10:47:23.731383
2025-09-14 11:44:32 - INFO - this epoch time:0:57:09.112252

2025-09-14 11:44:32 - INFO - Epoch 54:
2025-09-14 11:44:32 - INFO - 2025-09-14 11:44:32.878050
2025-09-14 12:38:18 - INFO - this epoch time:0:53:45.158098

2025-09-14 12:38:18 - INFO - Epoch 55:
2025-09-14 12:38:18 - INFO - 2025-09-14 12:38:18.045227
2025-09-14 13:35:34 - INFO - ACC1: 0.000, ACC2: 98.048, EER: 1.782, minDCF: 0.122, bestEER 1.622
2025-09-14 13:35:34 - INFO - this epoch time:0:57:16.884407

2025-09-14 13:35:34 - INFO - Epoch 56:
2025-09-14 13:35:34 - INFO - 2025-09-14 13:35:34.929737
2025-09-14 14:26:42 - INFO - this epoch time:0:51:07.705099

2025-09-14 14:26:42 - INFO - Epoch 57:
2025-09-14 14:26:42 - INFO - 2025-09-14 14:26:42.659662
2025-09-14 15:21:01 - INFO - this epoch time:0:54:19.282596

2025-09-14 15:21:01 - INFO - Epoch 58:
2025-09-14 15:21:01 - INFO - 2025-09-14 15:21:01.959807
2025-09-14 16:10:31 - INFO - this epoch time:0:49:29.847587

2025-09-14 16:10:31 - INFO - Epoch 59:
2025-09-14 16:10:31 - INFO - 2025-09-14 16:10:31.840739
2025-09-14 17:00:13 - INFO - this epoch time:0:49:41.553091

2025-09-14 17:00:13 - INFO - Epoch 60:
2025-09-14 17:00:13 - INFO - 2025-09-14 17:00:13.414283
2025-09-14 17:52:52 - INFO - ACC1: 0.000, ACC2: 98.224, EER: 1.680, minDCF: 0.120, bestEER 1.622
2025-09-14 17:52:52 - INFO - this epoch time:0:52:38.617069

2025-09-14 17:52:52 - INFO - Epoch 61:
2025-09-14 17:52:52 - INFO - 2025-09-14 17:52:52.032422
2025-09-14 18:42:55 - INFO - this epoch time:0:50:03.392408

2025-09-14 18:42:55 - INFO - Epoch 62:
2025-09-14 18:42:55 - INFO - 2025-09-14 18:42:55.432035
2025-09-14 19:33:28 - INFO - this epoch time:0:50:32.847240

2025-09-14 19:33:28 - INFO - Epoch 63:
2025-09-14 19:33:28 - INFO - 2025-09-14 19:33:28.299330
2025-09-14 20:23:03 - INFO - this epoch time:0:49:34.690918

2025-09-14 20:23:03 - INFO - Epoch 64:
2025-09-14 20:23:03 - INFO - 2025-09-14 20:23:03.030034
2025-09-14 21:12:48 - INFO - this epoch time:0:49:45.297787

2025-09-14 21:12:48 - INFO - Epoch 65:
2025-09-14 21:12:48 - INFO - 2025-09-14 21:12:48.332452
2025-09-14 22:04:30 - INFO - ACC1: 0.000, ACC2: 98.355, EER: 1.468, minDCF: 0.104, bestEER 1.468
2025-09-14 22:04:30 - INFO - this epoch time:0:51:42.525112

2025-09-14 22:04:30 - INFO - Epoch 66:
2025-09-14 22:04:30 - INFO - 2025-09-14 22:04:30.857866
2025-09-14 22:53:26 - INFO - this epoch time:0:48:55.805921

2025-09-14 22:53:26 - INFO - Epoch 67:
2025-09-14 22:53:26 - INFO - 2025-09-14 22:53:26.670369
2025-09-14 23:41:50 - INFO - this epoch time:0:48:24.008887

2025-09-14 23:41:50 - INFO - Epoch 68:
2025-09-14 23:41:50 - INFO - 2025-09-14 23:41:50.687157
2025-09-15 00:30:06 - INFO - this epoch time:0:48:15.744794

2025-09-15 00:30:06 - INFO - Epoch 69:
2025-09-15 00:30:06 - INFO - 2025-09-15 00:30:06.455072
2025-09-15 01:18:30 - INFO - this epoch time:0:48:24.236855

2025-09-15 01:18:30 - INFO - Epoch 70:
2025-09-15 01:18:30 - INFO - 2025-09-15 01:18:30.706225
2025-09-15 02:09:17 - INFO - ACC1: 0.000, ACC2: 98.510, EER: 1.574, minDCF: 0.113, bestEER 1.468
2025-09-15 02:09:17 - INFO - this epoch time:0:50:46.644881

2025-09-15 02:09:17 - INFO - Epoch 71:
2025-09-15 02:09:17 - INFO - 2025-09-15 02:09:17.352393
2025-09-15 02:59:57 - INFO - this epoch time:0:50:39.718754

2025-09-15 02:59:57 - INFO - Epoch 72:
2025-09-15 02:59:57 - INFO - 2025-09-15 02:59:57.078930
2025-09-15 03:50:59 - INFO - this epoch time:0:51:02.695721

2025-09-15 03:50:59 - INFO - Epoch 73:
2025-09-15 03:50:59 - INFO - 2025-09-15 03:50:59.784374
2025-09-15 04:39:43 - INFO - this epoch time:0:48:43.842747

2025-09-15 04:39:43 - INFO - Epoch 74:
2025-09-15 04:39:43 - INFO - 2025-09-15 04:39:43.633395
2025-09-15 06:26:56 - INFO - this epoch time:1:47:13.332200

2025-09-15 06:26:56 - INFO - Epoch 75:
2025-09-15 06:26:56 - INFO - 2025-09-15 06:26:56.978089
2025-09-15 07:19:00 - INFO - ACC1: 0.000, ACC2: 98.631, EER: 1.521, minDCF: 0.109, bestEER 1.468
2025-09-15 07:19:00 - INFO - this epoch time:0:52:03.329767

2025-09-15 07:19:00 - INFO - Epoch 76:
2025-09-15 07:19:00 - INFO - 2025-09-15 07:19:00.307956
2025-09-15 08:08:14 - INFO - this epoch time:0:49:14.574524

2025-09-15 08:08:14 - INFO - Epoch 77:
2025-09-15 08:08:14 - INFO - 2025-09-15 08:08:14.889803
2025-09-15 08:58:00 - INFO - this epoch time:0:49:46.073714

2025-09-15 08:58:00 - INFO - Epoch 78:
2025-09-15 08:58:00 - INFO - 2025-09-15 08:58:00.977990
2025-09-15 09:46:58 - INFO - this epoch time:0:48:57.160291

2025-09-15 09:46:58 - INFO - Epoch 79:
2025-09-15 09:46:58 - INFO - 2025-09-15 09:46:58.141464
2025-09-15 10:36:39 - INFO - this epoch time:0:49:41.730687

2025-09-15 10:36:39 - INFO - Epoch 80:
2025-09-15 10:36:39 - INFO - 2025-09-15 10:36:39.905147
2025-09-15 11:29:21 - INFO - ACC1: 0.000, ACC2: 98.734, EER: 1.521, minDCF: 0.110, bestEER 1.468
2025-09-15 11:29:21 - INFO - this epoch time:0:52:41.407044

2025-09-15 11:29:21 - INFO - Epoch 81:
2025-09-15 11:29:21 - INFO - 2025-09-15 11:29:21.313070
2025-09-15 17:56:10 - INFO - this epoch time:6:26:49.072751

2025-09-15 17:56:10 - INFO - Epoch 82:
2025-09-15 17:56:10 - INFO - 2025-09-15 17:56:10.484529
2025-09-15 19:36:28 - INFO - start time:2025-09-15 19:36:28.347374
2025-09-15 19:36:42 - INFO - Model exp/v2_lam1=0.0_lam2=1.0_C=5_m=0_s=30_augment/model/model_0081.model loaded from previous state!
2025-09-15 19:36:46 - INFO - Epoch 82:
2025-09-15 19:36:46 - INFO - 2025-09-15 19:36:46.355769
2025-09-15 20:27:51 - INFO - this epoch time:0:51:05.367166

2025-09-15 20:27:51 - INFO - Epoch 83:
2025-09-15 20:27:51 - INFO - 2025-09-15 20:27:51.724085
2025-09-15 21:18:56 - INFO - this epoch time:0:51:05.209587

2025-09-15 21:18:56 - INFO - Epoch 84:
2025-09-15 21:18:56 - INFO - 2025-09-15 21:18:56.934426
2025-09-15 22:05:09 - INFO - this epoch time:4:08:58.703537

2025-09-15 22:05:09 - INFO - Epoch 83:
2025-09-15 22:05:09 - INFO - 2025-09-15 22:05:09.233147
2025-09-15 22:11:05 - INFO - this epoch time:0:52:08.385122

2025-09-15 22:11:05 - INFO - Epoch 85:
2025-09-15 22:11:05 - INFO - 2025-09-15 22:11:05.320450
2025-09-15 23:04:24 - INFO - ACC1: 0.000, ACC2: 98.831, EER: 1.516, minDCF: 0.111, bestEER 1.516
2025-09-15 23:04:24 - INFO - this epoch time:0:53:19.404125

2025-09-15 23:04:24 - INFO - Epoch 86:
2025-09-15 23:04:24 - INFO - 2025-09-15 23:04:24.725075
2025-09-15 23:06:33 - INFO - this epoch time:1:01:24.629255

2025-09-15 23:06:33 - INFO - Epoch 84:
2025-09-15 23:06:33 - INFO - 2025-09-15 23:06:33.911194
2025-09-15 23:56:32 - INFO - this epoch time:0:52:07.965933

2025-09-15 23:56:32 - INFO - Epoch 87:
2025-09-15 23:56:32 - INFO - 2025-09-15 23:56:32.692186
2025-09-16 00:05:47 - INFO - this epoch time:0:59:13.263256

2025-09-16 00:05:47 - INFO - Epoch 85:
2025-09-16 00:05:47 - INFO - 2025-09-16 00:05:47.207156
2025-09-16 00:48:40 - INFO - this epoch time:0:52:08.079313

2025-09-16 00:48:40 - INFO - Epoch 88:
2025-09-16 00:48:40 - INFO - 2025-09-16 00:48:40.772206
2025-09-16 01:04:03 - INFO - ACC1: 0.000, ACC2: 98.830, EER: 1.436, minDCF: 0.111, bestEER 1.436
2025-09-16 01:04:03 - INFO - this epoch time:0:58:15.968420

2025-09-16 01:04:03 - INFO - Epoch 86:
2025-09-16 01:04:03 - INFO - 2025-09-16 01:04:03.176052
2025-09-16 01:40:36 - INFO - this epoch time:0:51:56.064567

2025-09-16 01:40:36 - INFO - Epoch 89:
2025-09-16 01:40:36 - INFO - 2025-09-16 01:40:36.837526
2025-09-16 02:01:05 - INFO - this epoch time:0:57:01.833341

2025-09-16 02:01:05 - INFO - Epoch 87:
2025-09-16 02:01:05 - INFO - 2025-09-16 02:01:05.055087
2025-09-16 02:32:20 - INFO - this epoch time:0:51:43.467540

2025-09-16 02:32:20 - INFO - Epoch 90:
2025-09-16 02:32:20 - INFO - 2025-09-16 02:32:20.305960
2025-09-16 02:41:37 - INFO - start time:2025-09-16 02:41:37.015024
2025-09-16 02:41:57 - INFO - Model exp/v2_lam1=0.0_lam2=1.0_C=5_m=0_s=30_augment/model/model_0089.model loaded from previous state!
2025-09-16 02:42:03 - INFO - Epoch 90:
2025-09-16 02:42:03 - INFO - 2025-09-16 02:42:03.586123
2025-09-16 03:43:53 - INFO - ACC1: 0.000, ACC2: 98.908, EER: 1.526, minDCF: 0.107, bestEER 1.526
2025-09-16 03:43:53 - INFO - this epoch time:1:01:50.302663

2025-09-16 03:43:53 - INFO - Epoch 91:
2025-09-16 03:43:53 - INFO - 2025-09-16 03:43:53.888910
2025-09-16 04:36:57 - INFO - this epoch time:0:53:03.636053

2025-09-16 04:36:57 - INFO - Epoch 92:
2025-09-16 04:36:57 - INFO - 2025-09-16 04:36:57.579278
2025-09-16 05:34:29 - INFO - this epoch time:0:57:32.078435

2025-09-16 05:34:29 - INFO - Epoch 93:
2025-09-16 05:34:29 - INFO - 2025-09-16 05:34:29.704277
2025-09-16 06:29:45 - INFO - this epoch time:0:55:15.596729

2025-09-16 06:29:45 - INFO - Epoch 94:
2025-09-16 06:29:45 - INFO - 2025-09-16 06:29:45.357808
2025-09-16 07:25:42 - INFO - this epoch time:0:55:56.848026

2025-09-16 07:25:42 - INFO - Epoch 95:
2025-09-16 07:25:42 - INFO - 2025-09-16 07:25:42.263966
2025-09-16 08:28:14 - INFO - ACC1: 0.000, ACC2: 99.007, EER: 1.537, minDCF: 0.112, bestEER 1.526
2025-09-16 08:28:14 - INFO - this epoch time:1:02:32.268814

2025-09-16 08:28:14 - INFO - Epoch 96:
2025-09-16 08:28:14 - INFO - 2025-09-16 08:28:14.532904
2025-09-16 09:30:03 - INFO - this epoch time:1:01:49.388374

2025-09-16 09:30:03 - INFO - Epoch 97:
2025-09-16 09:30:03 - INFO - 2025-09-16 09:30:03.954421
2025-09-16 10:34:52 - INFO - this epoch time:1:04:48.391234

2025-09-16 10:34:52 - INFO - Epoch 98:
2025-09-16 10:34:52 - INFO - 2025-09-16 10:34:52.383816
2025-09-16 11:39:46 - INFO - this epoch time:1:04:54.052732

2025-09-16 11:39:46 - INFO - Epoch 99:
2025-09-16 11:39:46 - INFO - 2025-09-16 11:39:46.438968
2025-09-16 12:40:25 - INFO - this epoch time:1:00:38.804242

2025-09-16 12:40:25 - INFO - Epoch 100:
2025-09-16 12:40:25 - INFO - 2025-09-16 12:40:25.301281
2025-09-16 13:39:11 - INFO - ACC1: 0.000, ACC2: 99.057, EER: 1.537, minDCF: 0.108, bestEER 1.526
2025-09-16 13:39:11 - INFO - this epoch time:0:58:46.669760

2025-09-16 13:39:14 - INFO - exp/v2_lam1=0.0_lam2=1.0_C=5_m=0_s=30_augment/model/model_0100.model is loaded!
2025-09-16 13:39:14 - INFO - exp/v2_lam1=0.0_lam2=1.0_C=5_m=0_s=30_augment/model/model_0099.model is loaded!
2025-09-16 13:39:15 - INFO - exp/v2_lam1=0.0_lam2=1.0_C=5_m=0_s=30_augment/model/model_0098.model is loaded!
2025-09-16 13:39:16 - INFO - exp/v2_lam1=0.0_lam2=1.0_C=5_m=0_s=30_augment/model/model_0097.model is loaded!
2025-09-16 13:39:17 - INFO - exp/v2_lam1=0.0_lam2=1.0_C=5_m=0_s=30_augment/model/model_0096.model is loaded!
2025-09-16 13:39:18 - INFO - start to evaluate the final model
2025-09-16 13:42:50 - INFO - final, EER: 1.468, minDCF(0.01): 0.178, minDCF(0.05): 0.111, bestEER: 1.468
2025-09-16 13:42:50 - INFO - evaluate the final model in Vox-E and Vox-H
2025-09-16 13:51:21 - INFO - Vox-E, EER: 1.507, minDCF(0.01): 0.180, minDCF(0.05): 0.100
2025-09-16 13:51:21 - INFO - Vox-H, EER: 2.889, minDCF(0.01): 0.284, minDCF(0.05): 0.180
2025-09-16 13:51:21 - INFO - total train time:11:09:44.973434

