2025-09-01 15:39:11 - INFO - start time:2025-09-01 15:39:11.440633
2025-09-01 15:39:39 - INFO - Epoch 1:
2025-09-01 15:39:39 - INFO - 2025-09-01 15:39:39.882560
2025-09-01 16:29:48 - INFO - this epoch time:0:50:08.693383

2025-09-01 16:29:48 - INFO - Epoch 2:
2025-09-01 16:29:48 - INFO - 2025-09-01 16:29:48.615347
2025-09-01 17:19:09 - INFO - this epoch time:0:49:21.223133

2025-09-01 17:19:09 - INFO - Epoch 3:
2025-09-01 17:19:09 - INFO - 2025-09-01 17:19:09.840652
2025-09-01 18:07:21 - INFO - this epoch time:0:48:11.586895

2025-09-01 18:07:21 - INFO - Epoch 4:
2025-09-01 18:07:21 - INFO - 2025-09-01 18:07:21.437291
2025-09-01 18:55:17 - INFO - this epoch time:0:47:55.642710

2025-09-01 18:55:17 - INFO - Epoch 5:
2025-09-01 18:55:17 - INFO - 2025-09-01 18:55:17.080768
2025-09-01 19:46:44 - INFO - ACC1: 91.509, ACC2: 0.000, EER: 3.675, minDCF: 0.234, bestEER 3.675
2025-09-01 19:46:44 - INFO - this epoch time:0:51:27.826035

2025-09-01 19:46:44 - INFO - Epoch 6:
2025-09-01 19:46:44 - INFO - 2025-09-01 19:46:44.907652
2025-09-01 20:33:30 - INFO - this epoch time:0:46:45.907293

2025-09-01 20:33:30 - INFO - Epoch 7:
2025-09-01 20:33:30 - INFO - 2025-09-01 20:33:30.817166
2025-09-01 21:21:41 - INFO - this epoch time:0:48:10.512030

2025-09-01 21:21:41 - INFO - Epoch 8:
2025-09-01 21:21:41 - INFO - 2025-09-01 21:21:41.338938
2025-09-01 22:10:00 - INFO - this epoch time:0:48:19.418355

2025-09-01 22:10:00 - INFO - Epoch 9:
2025-09-01 22:10:00 - INFO - 2025-09-01 22:10:00.766641
2025-09-01 22:58:24 - INFO - this epoch time:0:48:23.997427

2025-09-01 22:58:24 - INFO - Epoch 10:
2025-09-01 22:58:24 - INFO - 2025-09-01 22:58:24.775863
2025-09-01 23:52:15 - INFO - ACC1: 94.222, ACC2: 0.000, EER: 3.116, minDCF: 0.202, bestEER 3.116
2025-09-01 23:52:15 - INFO - this epoch time:0:53:50.841190

2025-09-01 23:52:15 - INFO - Epoch 11:
2025-09-01 23:52:15 - INFO - 2025-09-01 23:52:15.617552
2025-09-02 00:40:24 - INFO - this epoch time:0:48:09.019870

2025-09-02 00:40:24 - INFO - Epoch 12:
2025-09-02 00:40:24 - INFO - 2025-09-02 00:40:24.646939
2025-09-02 01:29:14 - INFO - this epoch time:0:48:49.503500

2025-09-02 01:29:14 - INFO - Epoch 13:
2025-09-02 01:29:14 - INFO - 2025-09-02 01:29:14.163835
2025-09-02 02:18:14 - INFO - this epoch time:0:48:59.919287

2025-09-02 02:18:14 - INFO - Epoch 14:
2025-09-02 02:18:14 - INFO - 2025-09-02 02:18:14.095190
2025-09-02 03:08:02 - INFO - this epoch time:0:49:48.858449

2025-09-02 03:08:02 - INFO - Epoch 15:
2025-09-02 03:08:02 - INFO - 2025-09-02 03:08:02.987669
2025-09-02 04:02:33 - INFO - ACC1: 95.352, ACC2: 0.000, EER: 3.106, minDCF: 0.205, bestEER 3.106
2025-09-02 04:02:33 - INFO - this epoch time:0:54:30.401107

2025-09-02 04:02:33 - INFO - Epoch 16:
2025-09-02 04:02:33 - INFO - 2025-09-02 04:02:33.388971
2025-09-02 04:51:27 - INFO - this epoch time:0:48:53.896615

2025-09-02 04:51:27 - INFO - Epoch 17:
2025-09-02 04:51:27 - INFO - 2025-09-02 04:51:27.313073
2025-09-02 05:42:18 - INFO - this epoch time:0:50:51.435865

2025-09-02 05:42:18 - INFO - Epoch 18:
2025-09-02 05:42:18 - INFO - 2025-09-02 05:42:18.774740
2025-09-02 06:31:56 - INFO - this epoch time:0:49:37.295675

2025-09-02 06:31:56 - INFO - Epoch 19:
2025-09-02 06:31:56 - INFO - 2025-09-02 06:31:56.133485
2025-09-02 07:22:16 - INFO - this epoch time:0:50:20.289140

2025-09-02 07:22:16 - INFO - Epoch 20:
2025-09-02 07:22:16 - INFO - 2025-09-02 07:22:16.425716
2025-09-02 08:16:40 - INFO - ACC1: 96.038, ACC2: 0.000, EER: 2.962, minDCF: 0.196, bestEER 2.962
2025-09-02 08:16:40 - INFO - this epoch time:0:54:24.154787

2025-09-02 08:16:40 - INFO - Epoch 21:
2025-09-02 08:16:40 - INFO - 2025-09-02 08:16:40.580619
2025-09-02 09:05:57 - INFO - this epoch time:0:49:16.685438

2025-09-02 09:05:57 - INFO - Epoch 22:
2025-09-02 09:05:57 - INFO - 2025-09-02 09:05:57.302012
2025-09-02 10:09:44 - INFO - this epoch time:1:03:47.681181

2025-09-02 10:09:45 - INFO - Epoch 23:
2025-09-02 10:09:45 - INFO - 2025-09-02 10:09:45.030680
2025-09-02 11:00:14 - INFO - this epoch time:0:50:29.729772

2025-09-02 11:00:14 - INFO - Epoch 24:
2025-09-02 11:00:14 - INFO - 2025-09-02 11:00:14.811997
2025-09-02 11:51:22 - INFO - this epoch time:0:51:07.211515

2025-09-02 11:51:22 - INFO - Epoch 25:
2025-09-02 11:51:22 - INFO - 2025-09-02 11:51:22.029850
2025-09-02 12:46:56 - INFO - ACC1: 96.555, ACC2: 0.000, EER: 2.808, minDCF: 0.186, bestEER 2.808
2025-09-02 12:46:56 - INFO - this epoch time:0:55:34.569595

2025-09-02 12:46:56 - INFO - Epoch 26:
2025-09-02 12:46:56 - INFO - 2025-09-02 12:46:56.600862
2025-09-02 13:37:43 - INFO - this epoch time:0:50:47.388502

2025-09-02 13:37:44 - INFO - Epoch 27:
2025-09-02 13:37:44 - INFO - 2025-09-02 13:37:44.026533
2025-09-02 14:28:54 - INFO - this epoch time:0:51:09.963644

2025-09-02 14:28:54 - INFO - Epoch 28:
2025-09-02 14:28:54 - INFO - 2025-09-02 14:28:54.028763
2025-09-02 15:18:59 - INFO - this epoch time:0:50:05.464634

2025-09-02 15:18:59 - INFO - Epoch 29:
2025-09-02 15:18:59 - INFO - 2025-09-02 15:18:59.524909
2025-09-02 16:08:19 - INFO - this epoch time:0:49:19.845295

2025-09-02 16:08:19 - INFO - Epoch 30:
2025-09-02 16:08:19 - INFO - 2025-09-02 16:08:19.400717
2025-09-02 17:03:50 - INFO - ACC1: 96.983, ACC2: 0.000, EER: 2.643, minDCF: 0.174, bestEER 2.643
2025-09-02 17:03:50 - INFO - this epoch time:0:55:31.554652

2025-09-02 17:03:50 - INFO - Epoch 31:
2025-09-02 17:03:50 - INFO - 2025-09-02 17:03:50.956442
2025-09-02 17:53:01 - INFO - this epoch time:0:49:10.027654

2025-09-02 17:53:01 - INFO - Epoch 32:
2025-09-02 17:53:01 - INFO - 2025-09-02 17:53:01.038494
2025-09-02 18:41:32 - INFO - this epoch time:0:48:31.189244

2025-09-02 18:41:32 - INFO - Epoch 33:
2025-09-02 18:41:32 - INFO - 2025-09-02 18:41:32.250240
2025-09-02 19:30:08 - INFO - this epoch time:0:48:36.490441

2025-09-02 19:30:08 - INFO - Epoch 34:
2025-09-02 19:30:08 - INFO - 2025-09-02 19:30:08.744702
2025-09-02 20:16:27 - INFO - this epoch time:0:46:19.060031

2025-09-02 20:16:27 - INFO - Epoch 35:
2025-09-02 20:16:27 - INFO - 2025-09-02 20:16:27.814143
2025-09-02 21:04:44 - INFO - ACC1: 97.349, ACC2: 0.000, EER: 2.659, minDCF: 0.184, bestEER 2.643
2025-09-02 21:04:44 - INFO - this epoch time:0:48:16.928532

2025-09-02 21:04:44 - INFO - Epoch 36:
2025-09-02 21:04:44 - INFO - 2025-09-02 21:04:44.742798
2025-09-02 21:50:15 - INFO - this epoch time:0:45:31.176068

2025-09-02 21:50:15 - INFO - Epoch 37:
2025-09-02 21:50:15 - INFO - 2025-09-02 21:50:15.920084
2025-09-02 22:35:38 - INFO - this epoch time:0:45:22.857274

2025-09-02 22:35:38 - INFO - Epoch 38:
2025-09-02 22:35:38 - INFO - 2025-09-02 22:35:38.839591
2025-09-02 23:21:42 - INFO - this epoch time:0:46:03.815940

2025-09-02 23:21:42 - INFO - Epoch 39:
2025-09-02 23:21:42 - INFO - 2025-09-02 23:21:42.659452
2025-09-03 00:08:06 - INFO - this epoch time:0:46:23.753543

2025-09-03 00:08:06 - INFO - Epoch 40:
2025-09-03 00:08:06 - INFO - 2025-09-03 00:08:06.461209
2025-09-03 00:58:50 - INFO - ACC1: 97.681, ACC2: 0.000, EER: 2.670, minDCF: 0.181, bestEER 2.643
2025-09-03 00:58:50 - INFO - this epoch time:0:50:44.309453

2025-09-03 00:58:50 - INFO - Epoch 41:
2025-09-03 00:58:50 - INFO - 2025-09-03 00:58:50.770764
2025-09-03 01:45:42 - INFO - this epoch time:0:46:51.767352

2025-09-03 01:45:42 - INFO - Epoch 42:
2025-09-03 01:45:42 - INFO - 2025-09-03 01:45:42.539434
2025-09-03 02:30:18 - INFO - this epoch time:0:44:36.309382

2025-09-03 02:30:18 - INFO - Epoch 43:
2025-09-03 02:30:18 - INFO - 2025-09-03 02:30:18.849921
2025-09-03 03:15:15 - INFO - this epoch time:0:44:56.984175

2025-09-03 03:15:15 - INFO - Epoch 44:
2025-09-03 03:15:15 - INFO - 2025-09-03 03:15:15.835250
2025-09-03 04:03:26 - INFO - this epoch time:0:48:10.441315

2025-09-03 04:03:26 - INFO - Epoch 45:
2025-09-03 04:03:26 - INFO - 2025-09-03 04:03:26.297342
2025-09-03 04:52:06 - INFO - ACC1: 97.957, ACC2: 0.000, EER: 2.590, minDCF: 0.190, bestEER 2.590
2025-09-03 04:52:06 - INFO - this epoch time:0:48:39.819987

2025-09-03 04:52:06 - INFO - Epoch 46:
2025-09-03 04:52:06 - INFO - 2025-09-03 04:52:06.118247
2025-09-03 05:37:15 - INFO - this epoch time:0:45:09.706282

2025-09-03 05:37:15 - INFO - Epoch 47:
2025-09-03 05:37:15 - INFO - 2025-09-03 05:37:15.830154
2025-09-03 06:22:29 - INFO - this epoch time:0:45:13.877915

2025-09-03 06:22:29 - INFO - Epoch 48:
2025-09-03 06:22:29 - INFO - 2025-09-03 06:22:29.723200
2025-09-03 07:08:37 - INFO - this epoch time:0:46:07.983391

2025-09-03 07:08:37 - INFO - Epoch 49:
2025-09-03 07:08:37 - INFO - 2025-09-03 07:08:37.720001
2025-09-03 07:56:25 - INFO - this epoch time:0:47:47.460925

2025-09-03 07:56:25 - INFO - Epoch 50:
2025-09-03 07:56:25 - INFO - 2025-09-03 07:56:25.183148
2025-09-03 08:48:36 - INFO - ACC1: 98.189, ACC2: 0.000, EER: 2.473, minDCF: 0.169, bestEER 2.473
2025-09-03 08:48:36 - INFO - this epoch time:0:52:10.892302

2025-09-03 08:48:36 - INFO - Epoch 51:
2025-09-03 08:48:36 - INFO - 2025-09-03 08:48:36.077892
2025-09-03 09:36:23 - INFO - this epoch time:0:47:47.621867

2025-09-03 09:36:23 - INFO - Epoch 52:
2025-09-03 09:36:23 - INFO - 2025-09-03 09:36:23.701509
2025-09-03 10:23:34 - INFO - this epoch time:0:47:11.189988

2025-09-03 10:23:34 - INFO - Epoch 53:
2025-09-03 10:23:34 - INFO - 2025-09-03 10:23:34.934741
2025-09-03 11:10:31 - INFO - this epoch time:0:46:56.190949

2025-09-03 11:10:31 - INFO - Epoch 54:
2025-09-03 11:10:31 - INFO - 2025-09-03 11:10:31.128699
2025-09-03 11:56:09 - INFO - this epoch time:0:45:38.635039

2025-09-03 11:56:09 - INFO - Epoch 55:
2025-09-03 11:56:09 - INFO - 2025-09-03 11:56:09.766094
2025-09-03 12:46:02 - INFO - ACC1: 98.402, ACC2: 0.000, EER: 2.499, minDCF: 0.169, bestEER 2.473
2025-09-03 12:46:02 - INFO - this epoch time:0:49:52.369046

2025-09-03 12:46:02 - INFO - Epoch 56:
2025-09-03 12:46:02 - INFO - 2025-09-03 12:46:02.135328
2025-09-03 13:32:20 - INFO - this epoch time:0:46:17.908320

2025-09-03 13:32:20 - INFO - Epoch 57:
2025-09-03 13:32:20 - INFO - 2025-09-03 13:32:20.086067
2025-09-03 14:19:39 - INFO - this epoch time:0:47:18.991806

2025-09-03 14:19:39 - INFO - Epoch 58:
2025-09-03 14:19:39 - INFO - 2025-09-03 14:19:39.098666
2025-09-03 15:06:11 - INFO - this epoch time:0:46:32.821950

2025-09-03 15:06:11 - INFO - Epoch 59:
2025-09-03 15:06:11 - INFO - 2025-09-03 15:06:11.921749
2025-09-03 15:52:38 - INFO - this epoch time:0:46:26.930014

2025-09-03 15:52:38 - INFO - Epoch 60:
2025-09-03 15:52:38 - INFO - 2025-09-03 15:52:38.879636
2025-09-03 16:44:01 - INFO - ACC1: 98.575, ACC2: 0.000, EER: 2.286, minDCF: 0.168, bestEER 2.286
2025-09-03 16:44:01 - INFO - this epoch time:0:51:22.579074

2025-09-03 16:44:01 - INFO - Epoch 61:
2025-09-03 16:44:01 - INFO - 2025-09-03 16:44:01.459691
2025-09-03 17:32:03 - INFO - this epoch time:0:48:02.278438

2025-09-03 17:32:03 - INFO - Epoch 62:
2025-09-03 17:32:03 - INFO - 2025-09-03 17:32:03.743546
2025-09-03 18:19:24 - INFO - this epoch time:0:47:21.241619

2025-09-03 18:19:25 - INFO - Epoch 63:
2025-09-03 18:19:25 - INFO - 2025-09-03 18:19:25.002530
2025-09-03 19:06:49 - INFO - this epoch time:0:47:24.728942

2025-09-03 19:06:49 - INFO - Epoch 64:
2025-09-03 19:06:49 - INFO - 2025-09-03 19:06:49.737623
2025-09-03 19:53:42 - INFO - this epoch time:0:46:52.321045

2025-09-03 19:53:42 - INFO - Epoch 65:
2025-09-03 19:53:42 - INFO - 2025-09-03 19:53:42.076130
2025-09-03 20:44:49 - INFO - ACC1: 98.747, ACC2: 0.000, EER: 2.420, minDCF: 0.161, bestEER 2.286
2025-09-03 20:44:49 - INFO - this epoch time:0:51:07.135788

2025-09-03 20:44:49 - INFO - Epoch 66:
2025-09-03 20:44:49 - INFO - 2025-09-03 20:44:49.212481
2025-09-03 21:32:09 - INFO - this epoch time:0:47:20.723475

2025-09-03 21:32:09 - INFO - Epoch 67:
2025-09-03 21:32:09 - INFO - 2025-09-03 21:32:09.960095
2025-09-03 22:18:51 - INFO - this epoch time:0:46:41.391107

2025-09-03 22:18:51 - INFO - Epoch 68:
2025-09-03 22:18:51 - INFO - 2025-09-03 22:18:51.361078
2025-09-03 23:05:59 - INFO - this epoch time:0:47:07.913428

2025-09-03 23:05:59 - INFO - Epoch 69:
2025-09-03 23:05:59 - INFO - 2025-09-03 23:05:59.279273
2025-09-03 23:52:04 - INFO - this epoch time:0:46:05.485473

2025-09-03 23:52:04 - INFO - Epoch 70:
2025-09-03 23:52:04 - INFO - 2025-09-03 23:52:04.766438
2025-09-04 00:42:50 - INFO - ACC1: 98.887, ACC2: 0.000, EER: 2.239, minDCF: 0.163, bestEER 2.239
2025-09-04 00:42:50 - INFO - this epoch time:0:50:45.318898

2025-09-04 00:42:50 - INFO - Epoch 71:
2025-09-04 00:42:50 - INFO - 2025-09-04 00:42:50.086105
2025-09-04 01:28:47 - INFO - this epoch time:0:45:57.103644

2025-09-04 01:28:47 - INFO - Epoch 72:
2025-09-04 01:28:47 - INFO - 2025-09-04 01:28:47.200962
2025-09-04 02:15:11 - INFO - this epoch time:0:46:24.500396

2025-09-04 02:15:11 - INFO - Epoch 73:
2025-09-04 02:15:11 - INFO - 2025-09-04 02:15:11.705793
2025-09-04 03:01:25 - INFO - this epoch time:0:46:14.086607

2025-09-04 03:01:25 - INFO - Epoch 74:
2025-09-04 03:01:25 - INFO - 2025-09-04 03:01:25.796426
2025-09-04 03:47:51 - INFO - this epoch time:0:46:25.281751

2025-09-04 03:47:51 - INFO - Epoch 75:
2025-09-04 03:47:51 - INFO - 2025-09-04 03:47:51.079199
2025-09-04 04:37:45 - INFO - ACC1: 98.997, ACC2: 0.000, EER: 2.287, minDCF: 0.161, bestEER 2.239
2025-09-04 04:37:45 - INFO - this epoch time:0:49:54.195766

2025-09-04 04:37:45 - INFO - Epoch 76:
2025-09-04 04:37:45 - INFO - 2025-09-04 04:37:45.275478
2025-09-04 05:24:20 - INFO - this epoch time:0:46:34.945750

2025-09-04 05:24:20 - INFO - Epoch 77:
2025-09-04 05:24:20 - INFO - 2025-09-04 05:24:20.225518
2025-09-04 06:10:17 - INFO - this epoch time:0:45:57.131209

2025-09-04 06:10:17 - INFO - Epoch 78:
2025-09-04 06:10:17 - INFO - 2025-09-04 06:10:17.374549
2025-09-04 06:57:32 - INFO - this epoch time:0:47:15.285997

2025-09-04 06:57:32 - INFO - Epoch 79:
2025-09-04 06:57:32 - INFO - 2025-09-04 06:57:32.687700
2025-09-04 07:45:21 - INFO - this epoch time:0:47:48.826281

2025-09-04 07:45:21 - INFO - Epoch 80:
2025-09-04 07:45:21 - INFO - 2025-09-04 07:45:21.526904
2025-09-04 08:33:29 - INFO - ACC1: 99.109, ACC2: 0.000, EER: 2.282, minDCF: 0.156, bestEER 2.239
2025-09-04 08:33:29 - INFO - this epoch time:0:48:08.339093

2025-09-04 08:33:29 - INFO - Epoch 81:
2025-09-04 08:33:29 - INFO - 2025-09-04 08:33:29.866126
2025-09-04 09:18:17 - INFO - this epoch time:0:44:47.670869

2025-09-04 09:18:17 - INFO - Epoch 82:
2025-09-04 09:18:17 - INFO - 2025-09-04 09:18:17.539129
2025-09-04 10:02:52 - INFO - this epoch time:0:44:34.663412

2025-09-04 10:02:52 - INFO - Epoch 83:
2025-09-04 10:02:52 - INFO - 2025-09-04 10:02:52.204031
2025-09-04 10:47:47 - INFO - this epoch time:0:44:55.144726

2025-09-04 10:47:47 - INFO - Epoch 84:
2025-09-04 10:47:47 - INFO - 2025-09-04 10:47:47.371080
2025-09-04 11:32:32 - INFO - this epoch time:0:44:44.680797

2025-09-04 11:32:32 - INFO - Epoch 85:
2025-09-04 11:32:32 - INFO - 2025-09-04 11:32:32.054238
2025-09-04 12:19:51 - INFO - ACC1: 99.209, ACC2: 0.000, EER: 2.165, minDCF: 0.150, bestEER 2.165
2025-09-04 12:19:51 - INFO - this epoch time:0:47:19.287512

2025-09-04 12:19:51 - INFO - Epoch 86:
2025-09-04 12:19:51 - INFO - 2025-09-04 12:19:51.342441
2025-09-04 13:04:28 - INFO - this epoch time:0:44:37.262781

2025-09-04 13:04:28 - INFO - Epoch 87:
2025-09-04 13:04:28 - INFO - 2025-09-04 13:04:28.607320
2025-09-04 13:52:22 - INFO - this epoch time:0:47:54.176760

2025-09-04 13:52:22 - INFO - Epoch 88:
2025-09-04 13:52:22 - INFO - 2025-09-04 13:52:22.786995
2025-09-04 14:39:20 - INFO - this epoch time:0:46:57.726981

2025-09-04 14:39:20 - INFO - Epoch 89:
2025-09-04 14:39:20 - INFO - 2025-09-04 14:39:20.517254
2025-09-04 15:30:17 - INFO - this epoch time:0:50:56.489141

2025-09-04 15:30:17 - INFO - Epoch 90:
2025-09-04 15:30:17 - INFO - 2025-09-04 15:30:17.008085
2025-09-04 16:20:46 - INFO - ACC1: 99.282, ACC2: 0.000, EER: 2.255, minDCF: 0.157, bestEER 2.165
2025-09-04 16:20:46 - INFO - this epoch time:0:50:29.290903

2025-09-04 16:20:46 - INFO - Epoch 91:
2025-09-04 16:20:46 - INFO - 2025-09-04 16:20:46.301209
2025-09-04 17:07:29 - INFO - this epoch time:0:46:43.067620

2025-09-04 17:07:29 - INFO - Epoch 92:
2025-09-04 17:07:29 - INFO - 2025-09-04 17:07:29.385393
2025-09-04 17:54:33 - INFO - this epoch time:0:47:04.328127

2025-09-04 17:54:33 - INFO - Epoch 93:
2025-09-04 17:54:33 - INFO - 2025-09-04 17:54:33.720812
2025-09-04 18:41:04 - INFO - this epoch time:0:46:30.559858

2025-09-04 18:41:04 - INFO - Epoch 94:
2025-09-04 18:41:04 - INFO - 2025-09-04 18:41:04.295487
2025-09-04 19:27:25 - INFO - this epoch time:0:46:21.172005

2025-09-04 19:27:25 - INFO - Epoch 95:
2025-09-04 19:27:25 - INFO - 2025-09-04 19:27:25.468823
2025-09-04 20:16:57 - INFO - ACC1: 99.345, ACC2: 0.000, EER: 2.174, minDCF: 0.153, bestEER 2.165
2025-09-04 20:16:57 - INFO - this epoch time:0:49:31.900836

2025-09-04 20:16:57 - INFO - Epoch 96:
2025-09-04 20:16:57 - INFO - 2025-09-04 20:16:57.369968
2025-09-04 21:03:47 - INFO - this epoch time:0:46:49.901896

2025-09-04 21:03:47 - INFO - Epoch 97:
2025-09-04 21:03:47 - INFO - 2025-09-04 21:03:47.273386
2025-09-04 21:52:25 - INFO - this epoch time:0:48:38.374452

2025-09-04 21:52:25 - INFO - Epoch 98:
2025-09-04 21:52:25 - INFO - 2025-09-04 21:52:25.673964
2025-09-04 22:39:14 - INFO - this epoch time:0:46:48.325245

2025-09-04 22:39:14 - INFO - Epoch 99:
2025-09-04 22:39:14 - INFO - 2025-09-04 22:39:14.004137
2025-09-04 23:24:40 - INFO - this epoch time:0:45:26.137183

2025-09-04 23:24:40 - INFO - Epoch 100:
2025-09-04 23:24:40 - INFO - 2025-09-04 23:24:40.194437
2025-09-05 00:13:52 - INFO - ACC1: 99.401, ACC2: 0.000, EER: 2.154, minDCF: 0.150, bestEER 2.154
2025-09-05 00:13:52 - INFO - this epoch time:0:49:12.138147

2025-09-05 00:13:53 - INFO - exp/v2_lam1=1.0_ce_lam2=0.0_augment/model/model_0100.model is loaded!
2025-09-05 00:13:54 - INFO - exp/v2_lam1=1.0_ce_lam2=0.0_augment/model/model_0099.model is loaded!
2025-09-05 00:13:55 - INFO - exp/v2_lam1=1.0_ce_lam2=0.0_augment/model/model_0098.model is loaded!
2025-09-05 00:13:56 - INFO - exp/v2_lam1=1.0_ce_lam2=0.0_augment/model/model_0097.model is loaded!
2025-09-05 00:13:57 - INFO - exp/v2_lam1=1.0_ce_lam2=0.0_augment/model/model_0096.model is loaded!
2025-09-05 00:13:58 - INFO - start to evaluate the final model
2025-09-05 00:17:12 - INFO - final, EER: 2.074, minDCF(0.01): 0.246, minDCF(0.05): 0.146, bestEER: 2.074
2025-09-05 00:17:12 - INFO - evaluate the final model in Vox-E and Vox-H
2025-09-05 00:24:21 - INFO - Vox-E, EER: 2.322, minDCF(0.01): 0.268, minDCF(0.05): 0.161
2025-09-05 00:24:21 - INFO - Vox-H, EER: 4.321, minDCF(0.01): 0.394, minDCF(0.05): 0.255
2025-09-05 00:24:21 - INFO - total train time:3 days, 8:45:10.406840

