2025-09-07 05:30:21 - INFO - start time:2025-09-07 05:30:21.282356
2025-09-07 05:30:41 - INFO - Epoch 1:
2025-09-07 05:30:41 - INFO - 2025-09-07 05:30:41.654682
2025-09-07 06:19:40 - INFO - this epoch time:0:48:58.551063

2025-09-07 06:19:40 - INFO - Epoch 2:
2025-09-07 06:19:40 - INFO - 2025-09-07 06:19:40.216415
2025-09-07 07:07:59 - INFO - this epoch time:0:48:19.228496

2025-09-07 07:07:59 - INFO - Epoch 3:
2025-09-07 07:07:59 - INFO - 2025-09-07 07:07:59.446151
2025-09-07 07:56:17 - INFO - this epoch time:0:48:17.650796

2025-09-07 07:56:17 - INFO - Epoch 4:
2025-09-07 07:56:17 - INFO - 2025-09-07 07:56:17.097700
2025-09-07 08:44:39 - INFO - this epoch time:0:48:22.698652

2025-09-07 08:44:39 - INFO - Epoch 5:
2025-09-07 08:44:39 - INFO - 2025-09-07 08:44:39.800727
2025-09-07 09:35:36 - INFO - ACC1: 0.000, ACC2: 93.073, EER: 2.223, minDCF: 0.153, bestEER 2.223
2025-09-07 09:35:36 - INFO - this epoch time:0:50:57.138142

2025-09-07 09:35:36 - INFO - Epoch 6:
2025-09-07 09:35:36 - INFO - 2025-09-07 09:35:36.939131
2025-09-07 10:23:58 - INFO - this epoch time:0:48:21.389194

2025-09-07 10:23:58 - INFO - Epoch 7:
2025-09-07 10:23:58 - INFO - 2025-09-07 10:23:58.336425
2025-09-07 11:12:33 - INFO - this epoch time:0:48:35.119534

2025-09-07 11:12:33 - INFO - Epoch 8:
2025-09-07 11:12:33 - INFO - 2025-09-07 11:12:33.465167
2025-09-07 12:01:12 - INFO - this epoch time:0:48:38.835022

2025-09-07 12:01:12 - INFO - Epoch 9:
2025-09-07 12:01:12 - INFO - 2025-09-07 12:01:12.307374
2025-09-07 12:49:40 - INFO - this epoch time:0:48:28.287168

2025-09-07 12:49:40 - INFO - Epoch 10:
2025-09-07 12:49:40 - INFO - 2025-09-07 12:49:40.605372
2025-09-07 13:39:54 - INFO - ACC1: 0.000, ACC2: 95.386, EER: 1.760, minDCF: 0.126, bestEER 1.760
2025-09-07 13:39:54 - INFO - this epoch time:0:50:13.418245

2025-09-07 13:39:54 - INFO - Epoch 11:
2025-09-07 13:39:54 - INFO - 2025-09-07 13:39:54.023951
2025-09-07 14:27:54 - INFO - this epoch time:0:48:00.630218

2025-09-07 14:27:54 - INFO - Epoch 12:
2025-09-07 14:27:54 - INFO - 2025-09-07 14:27:54.657327
2025-09-07 15:15:51 - INFO - this epoch time:0:47:56.552843

2025-09-07 15:15:51 - INFO - Epoch 13:
2025-09-07 15:15:51 - INFO - 2025-09-07 15:15:51.216302
2025-09-07 16:03:58 - INFO - this epoch time:0:48:07.461736

2025-09-07 16:03:58 - INFO - Epoch 14:
2025-09-07 16:03:58 - INFO - 2025-09-07 16:03:58.678717
2025-09-07 16:51:57 - INFO - this epoch time:0:47:58.846707

2025-09-07 16:51:57 - INFO - Epoch 15:
2025-09-07 16:51:57 - INFO - 2025-09-07 16:51:57.526849
2025-09-07 17:42:29 - INFO - ACC1: 0.000, ACC2: 96.220, EER: 1.569, minDCF: 0.111, bestEER 1.569
2025-09-07 17:42:29 - INFO - this epoch time:0:50:32.391383

2025-09-07 17:42:29 - INFO - Epoch 16:
2025-09-07 17:42:29 - INFO - 2025-09-07 17:42:29.918361
2025-09-07 18:30:37 - INFO - this epoch time:0:48:07.186453

2025-09-07 18:30:37 - INFO - Epoch 17:
2025-09-07 18:30:37 - INFO - 2025-09-07 18:30:37.106830
2025-09-07 19:18:29 - INFO - this epoch time:0:47:52.860106

2025-09-07 19:18:29 - INFO - Epoch 18:
2025-09-07 19:18:29 - INFO - 2025-09-07 19:18:29.975744
2025-09-07 20:06:20 - INFO - this epoch time:0:47:50.748614

2025-09-07 20:06:20 - INFO - Epoch 19:
2025-09-07 20:06:20 - INFO - 2025-09-07 20:06:20.725657
2025-09-07 20:54:04 - INFO - this epoch time:0:47:43.461694

2025-09-07 20:54:04 - INFO - Epoch 20:
2025-09-07 20:54:04 - INFO - 2025-09-07 20:54:04.196550
2025-09-07 21:44:04 - INFO - ACC1: 0.000, ACC2: 96.731, EER: 1.398, minDCF: 0.099, bestEER 1.398
2025-09-07 21:44:04 - INFO - this epoch time:0:49:59.880890

2025-09-07 21:44:04 - INFO - Epoch 21:
2025-09-07 21:44:04 - INFO - 2025-09-07 21:44:04.077532
2025-09-07 22:31:55 - INFO - this epoch time:0:47:51.284954

2025-09-07 22:31:55 - INFO - Epoch 22:
2025-09-07 22:31:55 - INFO - 2025-09-07 22:31:55.363752
2025-09-07 23:19:54 - INFO - this epoch time:0:47:58.891636

2025-09-07 23:19:54 - INFO - Epoch 23:
2025-09-07 23:19:54 - INFO - 2025-09-07 23:19:54.259938
2025-09-08 00:07:38 - INFO - this epoch time:0:47:43.880581

2025-09-08 00:07:38 - INFO - Epoch 24:
2025-09-08 00:07:38 - INFO - 2025-09-08 00:07:38.145258
2025-09-08 00:55:15 - INFO - this epoch time:0:47:37.255153

2025-09-08 00:55:15 - INFO - Epoch 25:
2025-09-08 00:55:15 - INFO - 2025-09-08 00:55:15.409532
2025-09-08 01:44:58 - INFO - ACC1: 0.000, ACC2: 97.110, EER: 1.393, minDCF: 0.090, bestEER 1.393
2025-09-08 01:44:58 - INFO - this epoch time:0:49:43.412436

2025-09-08 01:44:58 - INFO - Epoch 26:
2025-09-08 01:44:58 - INFO - 2025-09-08 01:44:58.822062
2025-09-08 02:32:32 - INFO - this epoch time:0:47:33.463572

2025-09-08 02:32:32 - INFO - Epoch 27:
2025-09-08 02:32:32 - INFO - 2025-09-08 02:32:32.287914
2025-09-08 03:20:03 - INFO - this epoch time:0:47:31.389807

2025-09-08 03:20:03 - INFO - Epoch 28:
2025-09-08 03:20:03 - INFO - 2025-09-08 03:20:03.683016
2025-09-08 04:10:19 - INFO - this epoch time:0:50:15.396045

2025-09-08 04:10:19 - INFO - Epoch 29:
2025-09-08 04:10:19 - INFO - 2025-09-08 04:10:19.080431
2025-09-08 04:59:33 - INFO - this epoch time:0:49:14.565134

2025-09-08 04:59:33 - INFO - Epoch 30:
2025-09-08 04:59:33 - INFO - 2025-09-08 04:59:33.656744
2025-09-08 05:52:05 - INFO - ACC1: 0.000, ACC2: 97.386, EER: 1.239, minDCF: 0.091, bestEER 1.239
2025-09-08 05:52:05 - INFO - this epoch time:0:52:31.722485

2025-09-08 05:52:05 - INFO - Epoch 31:
2025-09-08 05:52:05 - INFO - 2025-09-08 05:52:05.379402
2025-09-08 06:41:56 - INFO - this epoch time:0:49:51.033926

2025-09-08 06:41:56 - INFO - Epoch 32:
2025-09-08 06:41:56 - INFO - 2025-09-08 06:41:56.415665
2025-09-08 07:31:08 - INFO - this epoch time:0:49:11.658309

2025-09-08 07:31:08 - INFO - Epoch 33:
2025-09-08 07:31:08 - INFO - 2025-09-08 07:31:08.074994
2025-09-08 08:20:19 - INFO - this epoch time:0:49:11.102378

2025-09-08 08:20:19 - INFO - Epoch 34:
2025-09-08 08:20:19 - INFO - 2025-09-08 08:20:19.178210
2025-09-08 09:09:11 - INFO - this epoch time:0:48:52.145253

2025-09-08 09:09:11 - INFO - Epoch 35:
2025-09-08 09:09:11 - INFO - 2025-09-08 09:09:11.324301
2025-09-08 10:00:58 - INFO - ACC1: 0.000, ACC2: 97.643, EER: 1.223, minDCF: 0.088, bestEER 1.223
2025-09-08 10:00:58 - INFO - this epoch time:0:51:46.956730

2025-09-08 10:00:58 - INFO - Epoch 36:
2025-09-08 10:00:58 - INFO - 2025-09-08 10:00:58.281952
2025-09-08 10:49:16 - INFO - this epoch time:0:48:18.000849

2025-09-08 10:49:16 - INFO - Epoch 37:
2025-09-08 10:49:16 - INFO - 2025-09-08 10:49:16.285030
2025-09-08 11:37:22 - INFO - this epoch time:0:48:06.022549

2025-09-08 11:37:22 - INFO - Epoch 38:
2025-09-08 11:37:22 - INFO - 2025-09-08 11:37:22.309496
2025-09-08 12:25:28 - INFO - this epoch time:0:48:06.344405

2025-09-08 12:25:28 - INFO - Epoch 39:
2025-09-08 12:25:28 - INFO - 2025-09-08 12:25:28.654834
2025-09-08 13:13:33 - INFO - this epoch time:0:48:05.211983

2025-09-08 13:13:33 - INFO - Epoch 40:
2025-09-08 13:13:33 - INFO - 2025-09-08 13:13:33.867804
2025-09-08 14:03:51 - INFO - ACC1: 0.000, ACC2: 97.850, EER: 1.122, minDCF: 0.083, bestEER 1.122
2025-09-08 14:03:51 - INFO - this epoch time:0:50:17.858567

2025-09-08 14:03:51 - INFO - Epoch 41:
2025-09-08 14:03:51 - INFO - 2025-09-08 14:03:51.726490
2025-09-08 14:52:45 - INFO - this epoch time:0:48:54.048320

2025-09-08 14:52:45 - INFO - Epoch 42:
2025-09-08 14:52:45 - INFO - 2025-09-08 14:52:45.776132
2025-09-08 15:42:01 - INFO - this epoch time:0:49:15.491419

2025-09-08 15:42:01 - INFO - Epoch 43:
2025-09-08 15:42:01 - INFO - 2025-09-08 15:42:01.268270
2025-09-08 16:30:47 - INFO - this epoch time:0:48:46.287140

2025-09-08 16:30:47 - INFO - Epoch 44:
2025-09-08 16:30:47 - INFO - 2025-09-08 16:30:47.559808
2025-09-08 17:19:43 - INFO - this epoch time:0:48:55.465890

2025-09-08 17:19:43 - INFO - Epoch 45:
2025-09-08 17:19:43 - INFO - 2025-09-08 17:19:43.028475
2025-09-08 18:10:05 - INFO - ACC1: 0.000, ACC2: 98.023, EER: 1.106, minDCF: 0.074, bestEER 1.106
2025-09-08 18:10:05 - INFO - this epoch time:0:50:22.286281

2025-09-08 18:10:05 - INFO - Epoch 46:
2025-09-08 18:10:05 - INFO - 2025-09-08 18:10:05.314847
2025-09-08 18:58:43 - INFO - this epoch time:0:48:38.568323

2025-09-08 18:58:43 - INFO - Epoch 47:
2025-09-08 18:58:43 - INFO - 2025-09-08 18:58:43.890811
2025-09-08 19:47:13 - INFO - this epoch time:0:48:29.879829

2025-09-08 19:47:13 - INFO - Epoch 48:
2025-09-08 19:47:13 - INFO - 2025-09-08 19:47:13.775581
2025-09-08 20:35:39 - INFO - this epoch time:0:48:26.065456

2025-09-08 20:35:39 - INFO - Epoch 49:
2025-09-08 20:35:39 - INFO - 2025-09-08 20:35:39.845044
2025-09-08 21:23:57 - INFO - this epoch time:0:48:18.087629

2025-09-08 21:23:57 - INFO - Epoch 50:
2025-09-08 21:23:57 - INFO - 2025-09-08 21:23:57.939711
2025-09-08 22:14:01 - INFO - ACC1: 0.000, ACC2: 98.173, EER: 1.026, minDCF: 0.076, bestEER 1.026
2025-09-08 22:14:01 - INFO - this epoch time:0:50:03.115407

2025-09-08 22:14:01 - INFO - Epoch 51:
2025-09-08 22:14:01 - INFO - 2025-09-08 22:14:01.055210
2025-09-08 23:01:55 - INFO - this epoch time:0:47:54.839127

2025-09-08 23:01:55 - INFO - Epoch 52:
2025-09-08 23:01:55 - INFO - 2025-09-08 23:01:55.897199
2025-09-08 23:49:51 - INFO - this epoch time:0:47:55.741019

2025-09-08 23:49:51 - INFO - Epoch 53:
2025-09-08 23:49:51 - INFO - 2025-09-08 23:49:51.639014
2025-09-09 00:37:25 - INFO - this epoch time:0:47:33.922056

2025-09-09 00:37:25 - INFO - Epoch 54:
2025-09-09 00:37:25 - INFO - 2025-09-09 00:37:25.567919
2025-09-09 01:25:10 - INFO - this epoch time:0:47:44.530293

2025-09-09 01:25:10 - INFO - Epoch 55:
2025-09-09 01:25:10 - INFO - 2025-09-09 01:25:10.122342
2025-09-09 02:14:56 - INFO - ACC1: 0.000, ACC2: 98.304, EER: 1.138, minDCF: 0.079, bestEER 1.026
2025-09-09 02:14:56 - INFO - this epoch time:0:49:45.898817

2025-09-09 02:14:56 - INFO - Epoch 56:
2025-09-09 02:14:56 - INFO - 2025-09-09 02:14:56.021287
2025-09-09 03:04:44 - INFO - this epoch time:0:49:48.329441

2025-09-09 03:04:44 - INFO - Epoch 57:
2025-09-09 03:04:44 - INFO - 2025-09-09 03:04:44.365457
2025-09-09 03:58:09 - INFO - this epoch time:0:53:25.384020

2025-09-09 03:58:09 - INFO - Epoch 58:
2025-09-09 03:58:09 - INFO - 2025-09-09 03:58:09.768595
2025-09-09 04:51:43 - INFO - this epoch time:0:53:34.110340

2025-09-09 04:51:43 - INFO - Epoch 59:
2025-09-09 04:51:43 - INFO - 2025-09-09 04:51:43.882513
2025-09-09 05:45:43 - INFO - this epoch time:0:53:59.845113

2025-09-09 05:45:43 - INFO - Epoch 60:
2025-09-09 05:45:43 - INFO - 2025-09-09 05:45:43.749965
2025-09-09 06:43:35 - INFO - ACC1: 0.000, ACC2: 98.424, EER: 1.101, minDCF: 0.088, bestEER 1.026
2025-09-09 06:43:35 - INFO - this epoch time:0:57:51.982580

2025-09-09 06:43:35 - INFO - Epoch 61:
2025-09-09 06:43:35 - INFO - 2025-09-09 06:43:35.732880
2025-09-09 07:40:44 - INFO - this epoch time:0:57:08.768739

2025-09-09 07:40:44 - INFO - Epoch 62:
2025-09-09 07:40:44 - INFO - 2025-09-09 07:40:44.503232
2025-09-09 08:32:36 - INFO - this epoch time:0:51:51.927957

2025-09-09 08:32:36 - INFO - Epoch 63:
2025-09-09 08:32:36 - INFO - 2025-09-09 08:32:36.433275
2025-09-09 09:25:02 - INFO - this epoch time:0:52:26.200382

2025-09-09 09:25:02 - INFO - Epoch 64:
2025-09-09 09:25:02 - INFO - 2025-09-09 09:25:02.634722
2025-09-09 10:34:45 - INFO - this epoch time:1:09:42.471145

2025-09-09 10:34:45 - INFO - Epoch 65:
2025-09-09 10:34:45 - INFO - 2025-09-09 10:34:45.108765
2025-09-09 11:32:15 - INFO - ACC1: 0.000, ACC2: 98.545, EER: 0.995, minDCF: 0.077, bestEER 0.995
2025-09-09 11:32:15 - INFO - this epoch time:0:57:29.965722

2025-09-09 11:32:15 - INFO - Epoch 66:
2025-09-09 11:32:15 - INFO - 2025-09-09 11:32:15.074624
2025-09-09 12:28:44 - INFO - this epoch time:0:56:28.983630

2025-09-09 12:28:44 - INFO - Epoch 67:
2025-09-09 12:28:44 - INFO - 2025-09-09 12:28:44.070443
2025-09-09 13:23:51 - INFO - this epoch time:0:55:07.757410

2025-09-09 13:23:51 - INFO - Epoch 68:
2025-09-09 13:23:51 - INFO - 2025-09-09 13:23:51.849419
2025-09-09 14:24:17 - INFO - this epoch time:1:00:25.355487

2025-09-09 14:24:17 - INFO - Epoch 69:
2025-09-09 14:24:17 - INFO - 2025-09-09 14:24:17.208188
2025-09-09 15:23:59 - INFO - this epoch time:0:59:42.503879

2025-09-09 15:23:59 - INFO - Epoch 70:
2025-09-09 15:23:59 - INFO - 2025-09-09 15:23:59.728551
2025-09-09 16:24:10 - INFO - ACC1: 0.000, ACC2: 98.632, EER: 1.090, minDCF: 0.079, bestEER 0.995
2025-09-09 16:24:10 - INFO - this epoch time:1:00:10.485749

2025-09-09 16:24:10 - INFO - Epoch 71:
2025-09-09 16:24:10 - INFO - 2025-09-09 16:24:10.214673
2025-09-09 17:35:43 - INFO - this epoch time:1:11:32.867959

2025-09-09 17:35:43 - INFO - Epoch 72:
2025-09-09 17:35:43 - INFO - 2025-09-09 17:35:43.091032
2025-09-09 18:33:57 - INFO - this epoch time:0:58:14.841236

2025-09-09 18:33:57 - INFO - Epoch 73:
2025-09-09 18:33:57 - INFO - 2025-09-09 18:33:57.949955
2025-09-09 19:33:07 - INFO - this epoch time:0:59:09.123905

2025-09-09 19:33:07 - INFO - Epoch 74:
2025-09-09 19:33:07 - INFO - 2025-09-09 19:33:07.115208
2025-09-09 20:32:32 - INFO - this epoch time:0:59:25.827785

2025-09-09 20:32:32 - INFO - Epoch 75:
2025-09-09 20:32:32 - INFO - 2025-09-09 20:32:32.948462
2025-09-09 21:48:53 - INFO - ACC1: 0.000, ACC2: 98.718, EER: 1.021, minDCF: 0.072, bestEER 0.995
2025-09-09 21:48:53 - INFO - this epoch time:1:16:20.937452

2025-09-09 21:48:53 - INFO - Epoch 76:
2025-09-09 21:48:53 - INFO - 2025-09-09 21:48:53.886391
2025-09-09 22:51:59 - INFO - this epoch time:1:03:05.552090

2025-09-09 22:51:59 - INFO - Epoch 77:
2025-09-09 22:51:59 - INFO - 2025-09-09 22:51:59.455157
2025-09-09 23:53:02 - INFO - this epoch time:1:01:02.739589

2025-09-09 23:53:02 - INFO - Epoch 78:
2025-09-09 23:53:02 - INFO - 2025-09-09 23:53:02.219728
2025-09-10 00:48:01 - INFO - this epoch time:0:54:59.381529

2025-09-10 00:48:01 - INFO - Epoch 79:
2025-09-10 00:48:01 - INFO - 2025-09-10 00:48:01.605418
2025-09-10 01:42:43 - INFO - this epoch time:0:54:41.457036

2025-09-10 01:42:43 - INFO - Epoch 80:
2025-09-10 01:42:43 - INFO - 2025-09-10 01:42:43.074041
2025-09-10 02:42:28 - INFO - ACC1: 0.000, ACC2: 98.796, EER: 1.133, minDCF: 0.075, bestEER 0.995
2025-09-10 02:42:28 - INFO - this epoch time:0:59:45.844199

2025-09-10 02:42:28 - INFO - Epoch 81:
2025-09-10 02:42:28 - INFO - 2025-09-10 02:42:28.918390
2025-09-10 03:37:12 - INFO - this epoch time:0:54:43.472658

2025-09-10 03:37:12 - INFO - Epoch 82:
2025-09-10 03:37:12 - INFO - 2025-09-10 03:37:12.396849
2025-09-10 04:31:29 - INFO - this epoch time:0:54:17.248847

2025-09-10 04:31:29 - INFO - Epoch 83:
2025-09-10 04:31:29 - INFO - 2025-09-10 04:31:29.646781
2025-09-10 05:25:42 - INFO - this epoch time:0:54:12.552474

2025-09-10 05:25:42 - INFO - Epoch 84:
2025-09-10 05:25:42 - INFO - 2025-09-10 05:25:42.200710
2025-09-10 06:19:55 - INFO - this epoch time:0:54:13.073708

2025-09-10 06:19:55 - INFO - Epoch 85:
2025-09-10 06:19:55 - INFO - 2025-09-10 06:19:55.276061
2025-09-10 07:18:33 - INFO - ACC1: 0.000, ACC2: 98.855, EER: 1.074, minDCF: 0.075, bestEER 0.995
2025-09-10 07:18:33 - INFO - this epoch time:0:58:37.892892

2025-09-10 07:18:33 - INFO - Epoch 86:
2025-09-10 07:18:33 - INFO - 2025-09-10 07:18:33.169111
2025-09-10 08:13:17 - INFO - this epoch time:0:54:44.196179

2025-09-10 08:13:17 - INFO - Epoch 87:
2025-09-10 08:13:17 - INFO - 2025-09-10 08:13:17.375392
2025-09-10 09:06:23 - INFO - this epoch time:0:53:05.698432

2025-09-10 09:06:23 - INFO - Epoch 88:
2025-09-10 09:06:23 - INFO - 2025-09-10 09:06:23.075461
2025-09-10 09:59:15 - INFO - this epoch time:0:52:52.899338

2025-09-10 09:59:15 - INFO - Epoch 89:
2025-09-10 09:59:15 - INFO - 2025-09-10 09:59:15.975493
2025-09-10 10:52:43 - INFO - this epoch time:0:53:27.151181

2025-09-10 10:52:43 - INFO - Epoch 90:
2025-09-10 10:52:43 - INFO - 2025-09-10 10:52:43.154797
2025-09-10 11:54:43 - INFO - ACC1: 0.000, ACC2: 98.915, EER: 1.085, minDCF: 0.074, bestEER 0.995
2025-09-10 11:54:43 - INFO - this epoch time:1:01:59.926819

2025-09-10 11:54:43 - INFO - Epoch 91:
2025-09-10 11:54:43 - INFO - 2025-09-10 11:54:43.081955
2025-09-10 12:49:26 - INFO - this epoch time:0:54:43.528691

2025-09-10 12:49:26 - INFO - Epoch 92:
2025-09-10 12:49:26 - INFO - 2025-09-10 12:49:26.616756
2025-09-10 13:43:15 - INFO - this epoch time:0:53:48.850789

2025-09-10 13:43:15 - INFO - Epoch 93:
2025-09-10 13:43:15 - INFO - 2025-09-10 13:43:15.474004
2025-09-10 14:36:27 - INFO - this epoch time:0:53:11.583222

2025-09-10 14:36:27 - INFO - Epoch 94:
2025-09-10 14:36:27 - INFO - 2025-09-10 14:36:27.065646
2025-09-10 15:30:51 - INFO - this epoch time:0:54:24.141865

2025-09-10 15:30:51 - INFO - Epoch 95:
2025-09-10 15:30:51 - INFO - 2025-09-10 15:30:51.240358
2025-09-10 16:31:14 - INFO - ACC1: 0.000, ACC2: 98.969, EER: 1.165, minDCF: 0.080, bestEER 0.995
2025-09-10 16:31:14 - INFO - this epoch time:1:00:23.712895

2025-09-10 16:31:14 - INFO - Epoch 96:
2025-09-10 16:31:14 - INFO - 2025-09-10 16:31:14.953347
2025-09-10 17:24:58 - INFO - this epoch time:0:53:43.493648

2025-09-10 17:24:58 - INFO - Epoch 97:
2025-09-10 17:24:58 - INFO - 2025-09-10 17:24:58.495090
2025-09-10 18:17:57 - INFO - this epoch time:0:52:59.029930

2025-09-10 18:17:57 - INFO - Epoch 98:
2025-09-10 18:17:57 - INFO - 2025-09-10 18:17:57.530854
2025-09-10 19:12:04 - INFO - this epoch time:0:54:07.401267

2025-09-10 19:12:04 - INFO - Epoch 99:
2025-09-10 19:12:04 - INFO - 2025-09-10 19:12:04.940150
2025-09-10 20:05:37 - INFO - this epoch time:0:53:33.009736

2025-09-10 20:05:37 - INFO - Epoch 100:
2025-09-10 20:05:37 - INFO - 2025-09-10 20:05:37.954087
2025-09-10 21:03:37 - INFO - ACC1: 0.000, ACC2: 99.025, EER: 1.096, minDCF: 0.078, bestEER 0.995
2025-09-10 21:03:37 - INFO - this epoch time:0:57:59.727028

2025-09-10 21:03:39 - INFO - exp/v2_lam1=0.0_lam2=1.0_C=3_m=0.2_s=30_augment/model/model_0100.model is loaded!
2025-09-10 21:03:41 - INFO - exp/v2_lam1=0.0_lam2=1.0_C=3_m=0.2_s=30_augment/model/model_0099.model is loaded!
2025-09-10 21:03:43 - INFO - exp/v2_lam1=0.0_lam2=1.0_C=3_m=0.2_s=30_augment/model/model_0098.model is loaded!
2025-09-10 21:03:44 - INFO - exp/v2_lam1=0.0_lam2=1.0_C=3_m=0.2_s=30_augment/model/model_0097.model is loaded!
2025-09-10 21:03:45 - INFO - exp/v2_lam1=0.0_lam2=1.0_C=3_m=0.2_s=30_augment/model/model_0096.model is loaded!
2025-09-10 21:03:47 - INFO - start to evaluate the final model
2025-09-10 21:07:57 - INFO - final, EER: 1.048, minDCF(0.01): 0.119, minDCF(0.05): 0.072, bestEER: 0.995
2025-09-10 21:07:57 - INFO - evaluate the final model in Vox-E and Vox-H
2025-09-10 21:16:44 - INFO - Vox-E, EER: 1.178, minDCF(0.01): 0.138, minDCF(0.05): 0.080
2025-09-10 21:16:44 - INFO - Vox-H, EER: 2.268, minDCF(0.01): 0.233, minDCF(0.05): 0.143
2025-09-10 21:16:44 - INFO - total train time:3 days, 15:46:22.896633

