2025-07-17 09:39:55 - INFO - start time:2025-07-17 09:39:54.981699
2025-07-17 09:40:16 - INFO - Epoch 1:
2025-07-17 09:40:16 - INFO - 2025-07-17 09:40:16.533161
2025-07-17 10:32:28 - INFO - ACC1: 50.211, ACC2: 0.000, EER: 4.489, minDCF: 0.430, bestEER 4.489
2025-07-17 10:32:28 - INFO - this epoch time:0:52:12.331584

2025-07-17 10:32:28 - INFO - Epoch 2:
2025-07-17 10:32:28 - INFO - 2025-07-17 10:32:28.864862
2025-07-17 11:23:57 - INFO - ACC1: 84.540, ACC2: 0.000, EER: 3.073, minDCF: 0.267, bestEER 3.073
2025-07-17 11:23:57 - INFO - this epoch time:0:51:29.016808

2025-07-17 11:23:57 - INFO - Epoch 3:
2025-07-17 11:23:57 - INFO - 2025-07-17 11:23:57.882322
2025-07-17 12:16:07 - INFO - ACC1: 90.034, ACC2: 0.000, EER: 2.298, minDCF: 0.226, bestEER 2.298
2025-07-17 12:16:07 - INFO - this epoch time:0:52:09.497808

2025-07-17 12:16:07 - INFO - Epoch 4:
2025-07-17 12:16:07 - INFO - 2025-07-17 12:16:07.380990
2025-07-17 13:08:29 - INFO - ACC1: 92.056, ACC2: 0.000, EER: 2.190, minDCF: 0.224, bestEER 2.190
2025-07-17 13:08:29 - INFO - this epoch time:0:52:22.135376

2025-07-17 13:08:29 - INFO - Epoch 5:
2025-07-17 13:08:29 - INFO - 2025-07-17 13:08:29.517060
2025-07-17 14:00:25 - INFO - ACC1: 93.074, ACC2: 0.000, EER: 2.031, minDCF: 0.185, bestEER 2.031
2025-07-17 14:00:25 - INFO - this epoch time:0:51:55.624071

2025-07-17 14:00:25 - INFO - Epoch 6:
2025-07-17 14:00:25 - INFO - 2025-07-17 14:00:25.141838
2025-07-17 14:52:59 - INFO - ACC1: 93.673, ACC2: 0.000, EER: 1.818, minDCF: 0.189, bestEER 1.818
2025-07-17 14:52:59 - INFO - this epoch time:0:52:34.072618

2025-07-17 14:52:59 - INFO - Epoch 7:
2025-07-17 14:52:59 - INFO - 2025-07-17 14:52:59.215243
2025-07-17 15:45:01 - INFO - ACC1: 94.059, ACC2: 0.000, EER: 1.893, minDCF: 0.177, bestEER 1.818
2025-07-17 15:45:01 - INFO - this epoch time:0:52:02.490365

2025-07-17 15:45:01 - INFO - Epoch 8:
2025-07-17 15:45:01 - INFO - 2025-07-17 15:45:01.706250
2025-07-17 16:37:40 - INFO - ACC1: 94.289, ACC2: 0.000, EER: 1.681, minDCF: 0.179, bestEER 1.681
2025-07-17 16:37:40 - INFO - this epoch time:0:52:39.075838

2025-07-17 16:37:40 - INFO - Epoch 9:
2025-07-17 16:37:40 - INFO - 2025-07-17 16:37:40.782265
2025-07-17 17:30:01 - INFO - ACC1: 94.487, ACC2: 0.000, EER: 1.633, minDCF: 0.173, bestEER 1.633
2025-07-17 17:30:01 - INFO - this epoch time:0:52:20.424723

2025-07-17 17:30:01 - INFO - Epoch 10:
2025-07-17 17:30:01 - INFO - 2025-07-17 17:30:01.207179
2025-07-17 18:21:59 - INFO - ACC1: 94.584, ACC2: 0.000, EER: 1.451, minDCF: 0.171, bestEER 1.451
2025-07-17 18:21:59 - INFO - this epoch time:0:51:58.264650

2025-07-17 18:21:59 - INFO - Epoch 11:
2025-07-17 18:21:59 - INFO - 2025-07-17 18:21:59.471962
2025-07-17 19:14:04 - INFO - ACC1: 94.675, ACC2: 0.000, EER: 1.568, minDCF: 0.150, bestEER 1.451
2025-07-17 19:14:04 - INFO - this epoch time:0:52:05.105884

2025-07-17 19:14:04 - INFO - Epoch 12:
2025-07-17 19:14:04 - INFO - 2025-07-17 19:14:04.578571
2025-07-17 20:05:54 - INFO - ACC1: 94.734, ACC2: 0.000, EER: 1.478, minDCF: 0.159, bestEER 1.451
2025-07-17 20:05:54 - INFO - this epoch time:0:51:49.983922

2025-07-17 20:05:54 - INFO - Epoch 13:
2025-07-17 20:05:54 - INFO - 2025-07-17 20:05:54.563173
2025-07-17 20:58:07 - INFO - ACC1: 94.834, ACC2: 0.000, EER: 1.536, minDCF: 0.156, bestEER 1.451
2025-07-17 20:58:07 - INFO - this epoch time:0:52:13.236672

2025-07-17 20:58:07 - INFO - Epoch 14:
2025-07-17 20:58:07 - INFO - 2025-07-17 20:58:07.799939
2025-07-17 21:49:53 - INFO - ACC1: 94.915, ACC2: 0.000, EER: 1.313, minDCF: 0.167, bestEER 1.313
2025-07-17 21:49:53 - INFO - this epoch time:0:51:46.100679

2025-07-17 21:49:53 - INFO - Epoch 15:
2025-07-17 21:49:53 - INFO - 2025-07-17 21:49:53.900706
2025-07-17 22:42:10 - INFO - ACC1: 94.971, ACC2: 0.000, EER: 1.409, minDCF: 0.144, bestEER 1.313
2025-07-17 22:42:10 - INFO - this epoch time:0:52:16.231295

2025-07-17 22:42:10 - INFO - Epoch 16:
2025-07-17 22:42:10 - INFO - 2025-07-17 22:42:10.132155
2025-07-17 23:34:20 - INFO - ACC1: 95.068, ACC2: 0.000, EER: 1.330, minDCF: 0.136, bestEER 1.313
2025-07-17 23:34:20 - INFO - this epoch time:0:52:10.231704

2025-07-17 23:34:20 - INFO - Epoch 17:
2025-07-17 23:34:20 - INFO - 2025-07-17 23:34:20.364056
2025-07-18 00:25:53 - INFO - ACC1: 95.110, ACC2: 0.000, EER: 1.420, minDCF: 0.144, bestEER 1.313
2025-07-18 00:25:53 - INFO - this epoch time:0:51:33.396138

2025-07-18 00:25:53 - INFO - Epoch 18:
2025-07-18 00:25:53 - INFO - 2025-07-18 00:25:53.760295
2025-07-18 01:17:35 - INFO - ACC1: 95.163, ACC2: 0.000, EER: 1.266, minDCF: 0.137, bestEER 1.266
2025-07-18 01:17:35 - INFO - this epoch time:0:51:41.877159

2025-07-18 01:17:35 - INFO - Epoch 19:
2025-07-18 01:17:35 - INFO - 2025-07-18 01:17:35.638279
2025-07-18 02:09:37 - INFO - ACC1: 95.228, ACC2: 0.000, EER: 1.356, minDCF: 0.137, bestEER 1.266
2025-07-18 02:09:37 - INFO - this epoch time:0:52:01.862866

2025-07-18 02:09:37 - INFO - Epoch 20:
2025-07-18 02:09:37 - INFO - 2025-07-18 02:09:37.501323
2025-07-18 03:02:08 - INFO - ACC1: 95.291, ACC2: 0.000, EER: 1.271, minDCF: 0.129, bestEER 1.266
2025-07-18 03:02:08 - INFO - this epoch time:0:52:30.526218

2025-07-18 03:02:08 - INFO - Epoch 21:
2025-07-18 03:02:08 - INFO - 2025-07-18 03:02:08.028500
2025-07-18 03:54:14 - INFO - ACC1: 95.368, ACC2: 0.000, EER: 1.356, minDCF: 0.161, bestEER 1.266
2025-07-18 03:54:14 - INFO - this epoch time:0:52:06.941347

2025-07-18 03:54:14 - INFO - Epoch 22:
2025-07-18 03:54:14 - INFO - 2025-07-18 03:54:14.969967
2025-07-18 04:45:45 - INFO - ACC1: 95.442, ACC2: 0.000, EER: 1.228, minDCF: 0.151, bestEER 1.228
2025-07-18 04:45:45 - INFO - this epoch time:0:51:30.959349

2025-07-18 04:45:45 - INFO - Epoch 23:
2025-07-18 04:45:45 - INFO - 2025-07-18 04:45:45.929512
2025-07-18 05:37:39 - INFO - ACC1: 95.494, ACC2: 0.000, EER: 1.340, minDCF: 0.144, bestEER 1.228
2025-07-18 05:37:39 - INFO - this epoch time:0:51:53.569866

2025-07-18 05:37:39 - INFO - Epoch 24:
2025-07-18 05:37:39 - INFO - 2025-07-18 05:37:39.499505
2025-07-18 06:29:18 - INFO - ACC1: 95.550, ACC2: 0.000, EER: 1.265, minDCF: 0.141, bestEER 1.228
2025-07-18 06:29:18 - INFO - this epoch time:0:51:39.165685

2025-07-18 06:29:18 - INFO - Epoch 25:
2025-07-18 06:29:18 - INFO - 2025-07-18 06:29:18.665822
2025-07-18 07:21:11 - INFO - ACC1: 95.617, ACC2: 0.000, EER: 1.319, minDCF: 0.155, bestEER 1.228
2025-07-18 07:21:11 - INFO - this epoch time:0:51:52.422743

2025-07-18 07:21:11 - INFO - Epoch 26:
2025-07-18 07:21:11 - INFO - 2025-07-18 07:21:11.089696
2025-07-18 08:13:00 - INFO - ACC1: 95.661, ACC2: 0.000, EER: 1.271, minDCF: 0.134, bestEER 1.228
2025-07-18 08:13:00 - INFO - this epoch time:0:51:49.234404

2025-07-18 08:13:00 - INFO - Epoch 27:
2025-07-18 08:13:00 - INFO - 2025-07-18 08:13:00.324296
2025-07-18 09:05:44 - INFO - ACC1: 95.768, ACC2: 0.000, EER: 1.239, minDCF: 0.120, bestEER 1.228
2025-07-18 09:05:44 - INFO - this epoch time:0:52:44.067055

2025-07-18 09:05:44 - INFO - Epoch 28:
2025-07-18 09:05:44 - INFO - 2025-07-18 09:05:44.391990
2025-07-18 09:57:42 - INFO - ACC1: 95.815, ACC2: 0.000, EER: 1.287, minDCF: 0.134, bestEER 1.228
2025-07-18 09:57:42 - INFO - this epoch time:0:51:57.863037

2025-07-18 09:57:42 - INFO - Epoch 29:
2025-07-18 09:57:42 - INFO - 2025-07-18 09:57:42.255266
2025-07-18 10:50:40 - INFO - ACC1: 95.870, ACC2: 0.000, EER: 1.175, minDCF: 0.122, bestEER 1.175
2025-07-18 10:50:40 - INFO - this epoch time:0:52:58.500621

2025-07-18 10:50:40 - INFO - Epoch 30:
2025-07-18 10:50:40 - INFO - 2025-07-18 10:50:40.756010
2025-07-18 11:43:27 - INFO - ACC1: 95.929, ACC2: 0.000, EER: 1.314, minDCF: 0.141, bestEER 1.175
2025-07-18 11:43:27 - INFO - this epoch time:0:52:46.992622

2025-07-18 11:43:27 - INFO - Epoch 31:
2025-07-18 11:43:27 - INFO - 2025-07-18 11:43:27.748803
2025-07-18 12:35:00 - INFO - ACC1: 95.992, ACC2: 0.000, EER: 1.181, minDCF: 0.142, bestEER 1.175
2025-07-18 12:35:00 - INFO - this epoch time:0:51:32.714715

2025-07-18 12:35:00 - INFO - Epoch 32:
2025-07-18 12:35:00 - INFO - 2025-07-18 12:35:00.463811
2025-07-18 13:26:38 - INFO - ACC1: 96.083, ACC2: 0.000, EER: 1.249, minDCF: 0.123, bestEER 1.175
2025-07-18 13:26:38 - INFO - this epoch time:0:51:38.260125

2025-07-18 13:26:38 - INFO - Epoch 33:
2025-07-18 13:26:38 - INFO - 2025-07-18 13:26:38.724044
2025-07-18 14:18:03 - INFO - ACC1: 96.124, ACC2: 0.000, EER: 1.245, minDCF: 0.122, bestEER 1.175
2025-07-18 14:18:03 - INFO - this epoch time:0:51:24.906131

2025-07-18 14:18:03 - INFO - Epoch 34:
2025-07-18 14:18:03 - INFO - 2025-07-18 14:18:03.631188
2025-07-18 15:09:22 - INFO - ACC1: 96.187, ACC2: 0.000, EER: 1.228, minDCF: 0.127, bestEER 1.175
2025-07-18 15:09:22 - INFO - this epoch time:0:51:18.672561

2025-07-18 15:09:22 - INFO - Epoch 35:
2025-07-18 15:09:22 - INFO - 2025-07-18 15:09:22.304529
2025-07-18 16:00:29 - INFO - ACC1: 96.250, ACC2: 0.000, EER: 1.181, minDCF: 0.113, bestEER 1.175
2025-07-18 16:00:29 - INFO - this epoch time:0:51:07.648613

2025-07-18 16:00:29 - INFO - Epoch 36:
2025-07-18 16:00:29 - INFO - 2025-07-18 16:00:29.953332
2025-07-18 16:51:46 - INFO - ACC1: 96.294, ACC2: 0.000, EER: 1.149, minDCF: 0.133, bestEER 1.149
2025-07-18 16:51:46 - INFO - this epoch time:0:51:17.012909

2025-07-18 16:51:46 - INFO - Epoch 37:
2025-07-18 16:51:46 - INFO - 2025-07-18 16:51:46.966347
2025-07-18 17:43:15 - INFO - ACC1: 96.334, ACC2: 0.000, EER: 1.149, minDCF: 0.116, bestEER 1.149
2025-07-18 17:43:15 - INFO - this epoch time:0:51:29.010625

2025-07-18 17:43:15 - INFO - Epoch 38:
2025-07-18 17:43:15 - INFO - 2025-07-18 17:43:15.977808
2025-07-18 18:35:49 - INFO - ACC1: 96.423, ACC2: 0.000, EER: 1.128, minDCF: 0.132, bestEER 1.128
2025-07-18 18:35:49 - INFO - this epoch time:0:52:33.086259

2025-07-18 18:35:49 - INFO - Epoch 39:
2025-07-18 18:35:49 - INFO - 2025-07-18 18:35:49.064165
2025-07-18 19:27:44 - INFO - ACC1: 96.449, ACC2: 0.000, EER: 1.106, minDCF: 0.117, bestEER 1.106
2025-07-18 19:27:44 - INFO - this epoch time:0:51:55.225618

2025-07-18 19:27:44 - INFO - Epoch 40:
2025-07-18 19:27:44 - INFO - 2025-07-18 19:27:44.290452
2025-07-18 20:19:29 - INFO - ACC1: 96.497, ACC2: 0.000, EER: 1.112, minDCF: 0.129, bestEER 1.106
2025-07-18 20:19:29 - INFO - this epoch time:0:51:45.361098

2025-07-18 20:19:29 - INFO - Epoch 41:
2025-07-18 20:19:29 - INFO - 2025-07-18 20:19:29.651670
2025-07-18 21:11:10 - INFO - ACC1: 96.554, ACC2: 0.000, EER: 1.191, minDCF: 0.150, bestEER 1.106
2025-07-18 21:11:10 - INFO - this epoch time:0:51:40.523932

2025-07-18 21:11:10 - INFO - Epoch 42:
2025-07-18 21:11:10 - INFO - 2025-07-18 21:11:10.175795
2025-07-18 22:02:15 - INFO - ACC1: 96.608, ACC2: 0.000, EER: 1.170, minDCF: 0.150, bestEER 1.106
2025-07-18 22:02:15 - INFO - this epoch time:0:51:05.456690

2025-07-18 22:02:15 - INFO - Epoch 43:
2025-07-18 22:02:15 - INFO - 2025-07-18 22:02:15.633190
2025-07-18 22:53:59 - INFO - ACC1: 96.672, ACC2: 0.000, EER: 1.228, minDCF: 0.141, bestEER 1.106
2025-07-18 22:53:59 - INFO - this epoch time:0:51:43.551414

2025-07-18 22:53:59 - INFO - Epoch 44:
2025-07-18 22:53:59 - INFO - 2025-07-18 22:53:59.184822
2025-07-18 23:45:24 - INFO - ACC1: 96.711, ACC2: 0.000, EER: 1.112, minDCF: 0.148, bestEER 1.106
2025-07-18 23:45:24 - INFO - this epoch time:0:51:24.990892

2025-07-18 23:45:24 - INFO - Epoch 45:
2025-07-18 23:45:24 - INFO - 2025-07-18 23:45:24.176318
2025-07-19 00:36:42 - INFO - ACC1: 96.755, ACC2: 0.000, EER: 1.196, minDCF: 0.132, bestEER 1.106
2025-07-19 00:36:42 - INFO - this epoch time:0:51:18.064955

2025-07-19 00:36:42 - INFO - Epoch 46:
2025-07-19 00:36:42 - INFO - 2025-07-19 00:36:42.241471
2025-07-19 01:27:58 - INFO - ACC1: 96.813, ACC2: 0.000, EER: 1.255, minDCF: 0.126, bestEER 1.106
2025-07-19 01:27:58 - INFO - this epoch time:0:51:16.083704

2025-07-19 01:27:58 - INFO - Epoch 47:
2025-07-19 01:27:58 - INFO - 2025-07-19 01:27:58.325900
2025-07-19 02:19:08 - INFO - ACC1: 96.853, ACC2: 0.000, EER: 1.276, minDCF: 0.143, bestEER 1.106
2025-07-19 02:19:08 - INFO - this epoch time:0:51:09.890672

2025-07-19 02:19:08 - INFO - Epoch 48:
2025-07-19 02:19:08 - INFO - 2025-07-19 02:19:08.217317
2025-07-19 03:09:44 - INFO - ACC1: 96.887, ACC2: 0.000, EER: 1.234, minDCF: 0.131, bestEER 1.106
2025-07-19 03:09:44 - INFO - this epoch time:0:50:35.819261

2025-07-19 03:09:44 - INFO - Epoch 49:
2025-07-19 03:09:44 - INFO - 2025-07-19 03:09:44.037226
2025-07-19 04:00:33 - INFO - ACC1: 96.926, ACC2: 0.000, EER: 1.245, minDCF: 0.135, bestEER 1.106
2025-07-19 04:00:33 - INFO - this epoch time:0:50:49.590479

2025-07-19 04:00:33 - INFO - Epoch 50:
2025-07-19 04:00:33 - INFO - 2025-07-19 04:00:33.627798
2025-07-19 04:51:46 - INFO - ACC1: 96.992, ACC2: 0.000, EER: 1.186, minDCF: 0.139, bestEER 1.106
2025-07-19 04:51:46 - INFO - this epoch time:0:51:13.221151

2025-07-19 04:51:46 - INFO - Epoch 51:
2025-07-19 04:51:46 - INFO - 2025-07-19 04:51:46.849603
2025-07-19 05:42:41 - INFO - ACC1: 97.010, ACC2: 0.000, EER: 1.218, minDCF: 0.145, bestEER 1.106
2025-07-19 05:42:41 - INFO - this epoch time:0:50:54.302354

2025-07-19 05:42:41 - INFO - Epoch 52:
2025-07-19 05:42:41 - INFO - 2025-07-19 05:42:41.152693
2025-07-19 06:34:22 - INFO - ACC1: 97.032, ACC2: 0.000, EER: 1.148, minDCF: 0.126, bestEER 1.106
2025-07-19 06:34:22 - INFO - this epoch time:0:51:41.407058

2025-07-19 06:34:22 - INFO - Epoch 53:
2025-07-19 06:34:22 - INFO - 2025-07-19 06:34:22.559900
2025-07-19 07:25:53 - INFO - ACC1: 97.086, ACC2: 0.000, EER: 1.249, minDCF: 0.135, bestEER 1.106
2025-07-19 07:25:53 - INFO - this epoch time:0:51:30.624067

2025-07-19 07:25:53 - INFO - Epoch 54:
2025-07-19 07:25:53 - INFO - 2025-07-19 07:25:53.184618
2025-07-19 08:17:09 - INFO - ACC1: 97.102, ACC2: 0.000, EER: 1.149, minDCF: 0.124, bestEER 1.106
2025-07-19 08:17:09 - INFO - this epoch time:0:51:16.072211

2025-07-19 08:17:09 - INFO - Epoch 55:
2025-07-19 08:17:09 - INFO - 2025-07-19 08:17:09.257510
2025-07-19 09:08:34 - INFO - ACC1: 97.167, ACC2: 0.000, EER: 1.111, minDCF: 0.133, bestEER 1.106
2025-07-19 09:08:34 - INFO - this epoch time:0:51:25.239422

2025-07-19 09:08:34 - INFO - Epoch 56:
2025-07-19 09:08:34 - INFO - 2025-07-19 09:08:34.497046
2025-07-19 10:00:09 - INFO - ACC1: 97.174, ACC2: 0.000, EER: 1.202, minDCF: 0.132, bestEER 1.106
2025-07-19 10:00:09 - INFO - this epoch time:0:51:35.407720

2025-07-19 10:00:09 - INFO - Epoch 57:
2025-07-19 10:00:09 - INFO - 2025-07-19 10:00:09.904900
2025-07-19 10:51:32 - INFO - ACC1: 97.227, ACC2: 0.000, EER: 1.207, minDCF: 0.126, bestEER 1.106
2025-07-19 10:51:32 - INFO - this epoch time:0:51:22.255767

2025-07-19 10:51:32 - INFO - Epoch 58:
2025-07-19 10:51:32 - INFO - 2025-07-19 10:51:32.160825
2025-07-19 11:42:36 - INFO - ACC1: 97.231, ACC2: 0.000, EER: 1.202, minDCF: 0.143, bestEER 1.106
2025-07-19 11:42:36 - INFO - this epoch time:0:51:04.641308

2025-07-19 11:42:36 - INFO - Epoch 59:
2025-07-19 11:42:36 - INFO - 2025-07-19 11:42:36.802269
2025-07-19 12:33:51 - INFO - ACC1: 97.271, ACC2: 0.000, EER: 1.170, minDCF: 0.127, bestEER 1.106
2025-07-19 12:33:51 - INFO - this epoch time:0:51:14.858750

2025-07-19 12:33:51 - INFO - Epoch 60:
2025-07-19 12:33:51 - INFO - 2025-07-19 12:33:51.661181
2025-07-19 13:24:58 - INFO - ACC1: 97.307, ACC2: 0.000, EER: 1.218, minDCF: 0.125, bestEER 1.106
2025-07-19 13:24:58 - INFO - this epoch time:0:51:06.999608

2025-07-19 13:24:58 - INFO - Epoch 61:
2025-07-19 13:24:58 - INFO - 2025-07-19 13:24:58.660905
2025-07-19 14:16:01 - INFO - ACC1: 97.343, ACC2: 0.000, EER: 1.276, minDCF: 0.148, bestEER 1.106
2025-07-19 14:16:01 - INFO - this epoch time:0:51:03.055560

2025-07-19 14:16:01 - INFO - Epoch 62:
2025-07-19 14:16:01 - INFO - 2025-07-19 14:16:01.716745
2025-07-19 15:06:54 - INFO - ACC1: 97.369, ACC2: 0.000, EER: 1.308, minDCF: 0.142, bestEER 1.106
2025-07-19 15:06:54 - INFO - this epoch time:0:50:53.050109

2025-07-19 15:06:54 - INFO - Epoch 63:
2025-07-19 15:06:54 - INFO - 2025-07-19 15:06:54.767922
2025-07-19 15:57:47 - INFO - ACC1: 97.394, ACC2: 0.000, EER: 1.239, minDCF: 0.143, bestEER 1.106
2025-07-19 15:57:47 - INFO - this epoch time:0:50:52.429799

2025-07-19 15:57:47 - INFO - Epoch 64:
2025-07-19 15:57:47 - INFO - 2025-07-19 15:57:47.197845
2025-07-19 16:49:04 - INFO - ACC1: 97.431, ACC2: 0.000, EER: 1.122, minDCF: 0.139, bestEER 1.106
2025-07-19 16:49:04 - INFO - this epoch time:0:51:16.947405

2025-07-19 16:49:04 - INFO - Epoch 65:
2025-07-19 16:49:04 - INFO - 2025-07-19 16:49:04.145391
2025-07-19 17:40:03 - INFO - ACC1: 97.434, ACC2: 0.000, EER: 1.229, minDCF: 0.151, bestEER 1.106
2025-07-19 17:40:03 - INFO - this epoch time:0:50:59.463336

2025-07-19 17:40:03 - INFO - Epoch 66:
2025-07-19 17:40:03 - INFO - 2025-07-19 17:40:03.609402
2025-07-19 18:31:20 - INFO - ACC1: 97.480, ACC2: 0.000, EER: 1.213, minDCF: 0.145, bestEER 1.106
2025-07-19 18:31:20 - INFO - this epoch time:0:51:16.912442

2025-07-19 18:31:20 - INFO - Epoch 67:
2025-07-19 18:31:20 - INFO - 2025-07-19 18:31:20.521993
2025-07-19 19:23:12 - INFO - ACC1: 97.489, ACC2: 0.000, EER: 1.218, minDCF: 0.153, bestEER 1.106
2025-07-19 19:23:12 - INFO - this epoch time:0:51:51.830427

2025-07-19 19:23:12 - INFO - Epoch 68:
2025-07-19 19:23:12 - INFO - 2025-07-19 19:23:12.353511
2025-07-19 20:14:41 - INFO - ACC1: 97.514, ACC2: 0.000, EER: 1.356, minDCF: 0.156, bestEER 1.106
2025-07-19 20:14:41 - INFO - this epoch time:0:51:29.096113

2025-07-19 20:14:41 - INFO - Epoch 69:
2025-07-19 20:14:41 - INFO - 2025-07-19 20:14:41.449807
2025-07-19 21:06:30 - INFO - ACC1: 97.543, ACC2: 0.000, EER: 1.244, minDCF: 0.128, bestEER 1.106
2025-07-19 21:06:30 - INFO - this epoch time:0:51:49.310972

2025-07-19 21:06:30 - INFO - Epoch 70:
2025-07-19 21:06:30 - INFO - 2025-07-19 21:06:30.760906
2025-07-19 21:57:46 - INFO - ACC1: 97.560, ACC2: 0.000, EER: 1.266, minDCF: 0.153, bestEER 1.106
2025-07-19 21:57:46 - INFO - this epoch time:0:51:15.252513

2025-07-19 21:57:46 - INFO - Epoch 71:
2025-07-19 21:57:46 - INFO - 2025-07-19 21:57:46.014155
2025-07-19 22:49:18 - INFO - ACC1: 97.585, ACC2: 0.000, EER: 1.234, minDCF: 0.141, bestEER 1.106
2025-07-19 22:49:18 - INFO - this epoch time:0:51:32.583269

2025-07-19 22:49:18 - INFO - Epoch 72:
2025-07-19 22:49:18 - INFO - 2025-07-19 22:49:18.598113
2025-07-19 23:40:40 - INFO - ACC1: 97.622, ACC2: 0.000, EER: 1.234, minDCF: 0.145, bestEER 1.106
2025-07-19 23:40:40 - INFO - this epoch time:0:51:22.015616

2025-07-19 23:40:40 - INFO - Epoch 73:
2025-07-19 23:40:40 - INFO - 2025-07-19 23:40:40.614548
2025-07-20 00:31:36 - INFO - ACC1: 97.630, ACC2: 0.000, EER: 1.244, minDCF: 0.156, bestEER 1.106
2025-07-20 00:31:36 - INFO - this epoch time:0:50:56.299199

2025-07-20 00:31:36 - INFO - Epoch 74:
2025-07-20 00:31:36 - INFO - 2025-07-20 00:31:36.914487
2025-07-20 01:23:03 - INFO - ACC1: 97.649, ACC2: 0.000, EER: 1.244, minDCF: 0.131, bestEER 1.106
2025-07-20 01:23:03 - INFO - this epoch time:0:51:26.670115

2025-07-20 01:23:03 - INFO - Epoch 75:
2025-07-20 01:23:03 - INFO - 2025-07-20 01:23:03.584704
2025-07-20 02:14:08 - INFO - ACC1: 97.677, ACC2: 0.000, EER: 1.212, minDCF: 0.146, bestEER 1.106
2025-07-20 02:14:08 - INFO - this epoch time:0:51:04.843650

2025-07-20 02:14:08 - INFO - Epoch 76:
2025-07-20 02:14:08 - INFO - 2025-07-20 02:14:08.429059
2025-07-20 03:05:19 - INFO - ACC1: 97.665, ACC2: 0.000, EER: 1.202, minDCF: 0.135, bestEER 1.106
2025-07-20 03:05:19 - INFO - this epoch time:0:51:10.857249

2025-07-20 03:05:19 - INFO - Epoch 77:
2025-07-20 03:05:19 - INFO - 2025-07-20 03:05:19.286987
2025-07-20 03:56:28 - INFO - ACC1: 97.703, ACC2: 0.000, EER: 1.197, minDCF: 0.148, bestEER 1.106
2025-07-20 03:56:28 - INFO - this epoch time:0:51:09.694914

2025-07-20 03:56:28 - INFO - Epoch 78:
2025-07-20 03:56:28 - INFO - 2025-07-20 03:56:28.982652
2025-07-20 04:47:51 - INFO - ACC1: 97.716, ACC2: 0.000, EER: 1.218, minDCF: 0.140, bestEER 1.106
2025-07-20 04:47:51 - INFO - this epoch time:0:51:22.475172

2025-07-20 04:47:51 - INFO - Epoch 79:
2025-07-20 04:47:51 - INFO - 2025-07-20 04:47:51.458536
2025-07-20 05:38:53 - INFO - ACC1: 97.739, ACC2: 0.000, EER: 1.276, minDCF: 0.137, bestEER 1.106
2025-07-20 05:38:53 - INFO - this epoch time:0:51:02.528986

2025-07-20 05:38:53 - INFO - Epoch 80:
2025-07-20 05:38:53 - INFO - 2025-07-20 05:38:53.988219
2025-07-20 06:30:16 - INFO - ACC1: 97.756, ACC2: 0.000, EER: 1.239, minDCF: 0.144, bestEER 1.106
2025-07-20 06:30:16 - INFO - this epoch time:0:51:22.303130

2025-07-20 06:30:16 - INFO - Epoch 81:
2025-07-20 06:30:16 - INFO - 2025-07-20 06:30:16.291585
2025-07-20 07:22:10 - INFO - ACC1: 97.762, ACC2: 0.000, EER: 1.186, minDCF: 0.147, bestEER 1.106
2025-07-20 07:22:10 - INFO - this epoch time:0:51:54.616251

2025-07-20 07:22:10 - INFO - Epoch 82:
2025-07-20 07:22:10 - INFO - 2025-07-20 07:22:10.908598
2025-07-20 08:13:52 - INFO - ACC1: 97.791, ACC2: 0.000, EER: 1.207, minDCF: 0.147, bestEER 1.106
2025-07-20 08:13:52 - INFO - this epoch time:0:51:41.777742

2025-07-20 08:13:52 - INFO - Epoch 83:
2025-07-20 08:13:52 - INFO - 2025-07-20 08:13:52.686470
2025-07-20 09:05:17 - INFO - ACC1: 97.802, ACC2: 0.000, EER: 1.356, minDCF: 0.165, bestEER 1.106
2025-07-20 09:05:17 - INFO - this epoch time:0:51:24.842178

2025-07-20 09:05:17 - INFO - Epoch 84:
2025-07-20 09:05:17 - INFO - 2025-07-20 09:05:17.529368
2025-07-20 09:56:31 - INFO - ACC1: 97.810, ACC2: 0.000, EER: 1.276, minDCF: 0.170, bestEER 1.106
2025-07-20 09:56:31 - INFO - this epoch time:0:51:13.976417

2025-07-20 09:56:31 - INFO - Epoch 85:
2025-07-20 09:56:31 - INFO - 2025-07-20 09:56:31.505878
2025-07-20 10:48:02 - INFO - ACC1: 97.841, ACC2: 0.000, EER: 1.218, minDCF: 0.153, bestEER 1.106
2025-07-20 10:48:02 - INFO - this epoch time:0:51:30.977829

2025-07-20 10:48:02 - INFO - Epoch 86:
2025-07-20 10:48:02 - INFO - 2025-07-20 10:48:02.483821
2025-07-20 11:39:30 - INFO - ACC1: 97.838, ACC2: 0.000, EER: 1.245, minDCF: 0.153, bestEER 1.106
2025-07-20 11:39:30 - INFO - this epoch time:0:51:28.401574

2025-07-20 11:39:30 - INFO - Epoch 87:
2025-07-20 11:39:30 - INFO - 2025-07-20 11:39:30.886137
2025-07-20 12:30:53 - INFO - ACC1: 97.850, ACC2: 0.000, EER: 1.281, minDCF: 0.143, bestEER 1.106
2025-07-20 12:30:53 - INFO - this epoch time:0:51:22.532976

2025-07-20 12:30:53 - INFO - Epoch 88:
2025-07-20 12:30:53 - INFO - 2025-07-20 12:30:53.419737
2025-07-20 13:22:22 - INFO - ACC1: 97.881, ACC2: 0.000, EER: 1.245, minDCF: 0.137, bestEER 1.106
2025-07-20 13:22:22 - INFO - this epoch time:0:51:29.221063

2025-07-20 13:22:22 - INFO - Epoch 89:
2025-07-20 13:22:22 - INFO - 2025-07-20 13:22:22.641472
2025-07-20 14:13:56 - INFO - ACC1: 97.897, ACC2: 0.000, EER: 1.249, minDCF: 0.136, bestEER 1.106
2025-07-20 14:13:56 - INFO - this epoch time:0:51:34.346405

2025-07-20 14:13:56 - INFO - Epoch 90:
2025-07-20 14:13:56 - INFO - 2025-07-20 14:13:56.988707
2025-07-20 15:05:01 - INFO - ACC1: 97.895, ACC2: 0.000, EER: 1.324, minDCF: 0.157, bestEER 1.106
2025-07-20 15:05:01 - INFO - this epoch time:0:51:04.298261

2025-07-20 15:05:01 - INFO - Epoch 91:
2025-07-20 15:05:01 - INFO - 2025-07-20 15:05:01.287060
2025-07-20 15:56:11 - INFO - ACC1: 97.919, ACC2: 0.000, EER: 1.313, minDCF: 0.146, bestEER 1.106
2025-07-20 15:56:11 - INFO - this epoch time:0:51:10.340174

2025-07-20 15:56:11 - INFO - Epoch 92:
2025-07-20 15:56:11 - INFO - 2025-07-20 15:56:11.627991
2025-07-20 16:47:36 - INFO - ACC1: 97.929, ACC2: 0.000, EER: 1.335, minDCF: 0.157, bestEER 1.106
2025-07-20 16:47:36 - INFO - this epoch time:0:51:24.670772

2025-07-20 16:47:36 - INFO - Epoch 93:
2025-07-20 16:47:36 - INFO - 2025-07-20 16:47:36.300006
2025-07-20 17:39:01 - INFO - ACC1: 97.920, ACC2: 0.000, EER: 1.303, minDCF: 0.146, bestEER 1.106
2025-07-20 17:39:01 - INFO - this epoch time:0:51:24.839966

2025-07-20 17:39:01 - INFO - Epoch 94:
2025-07-20 17:39:01 - INFO - 2025-07-20 17:39:01.140104
2025-07-20 18:30:48 - INFO - ACC1: 97.941, ACC2: 0.000, EER: 1.281, minDCF: 0.161, bestEER 1.106
2025-07-20 18:30:48 - INFO - this epoch time:0:51:47.048999

2025-07-20 18:30:48 - INFO - Epoch 95:
2025-07-20 18:30:48 - INFO - 2025-07-20 18:30:48.189752
2025-07-20 19:23:11 - INFO - ACC1: 97.939, ACC2: 0.000, EER: 1.313, minDCF: 0.169, bestEER 1.106
2025-07-20 19:23:11 - INFO - this epoch time:0:52:23.010445

2025-07-20 19:23:11 - INFO - Epoch 96:
2025-07-20 19:23:11 - INFO - 2025-07-20 19:23:11.200360
2025-07-20 20:15:35 - INFO - ACC1: 97.950, ACC2: 0.000, EER: 1.335, minDCF: 0.171, bestEER 1.106
2025-07-20 20:15:35 - INFO - this epoch time:0:52:24.402894

2025-07-20 20:15:35 - INFO - Epoch 97:
2025-07-20 20:15:35 - INFO - 2025-07-20 20:15:35.604113
2025-07-20 21:07:32 - INFO - ACC1: 97.979, ACC2: 0.000, EER: 1.287, minDCF: 0.158, bestEER 1.106
2025-07-20 21:07:32 - INFO - this epoch time:0:51:57.225590

2025-07-20 21:07:32 - INFO - Epoch 98:
2025-07-20 21:07:32 - INFO - 2025-07-20 21:07:32.829834
2025-07-20 21:59:47 - INFO - ACC1: 97.987, ACC2: 0.000, EER: 1.250, minDCF: 0.151, bestEER 1.106
2025-07-20 21:59:47 - INFO - this epoch time:0:52:14.208088

2025-07-20 21:59:47 - INFO - Epoch 99:
2025-07-20 21:59:47 - INFO - 2025-07-20 21:59:47.038031
2025-07-20 22:51:37 - INFO - ACC1: 97.984, ACC2: 0.000, EER: 1.282, minDCF: 0.158, bestEER 1.106
2025-07-20 22:51:37 - INFO - this epoch time:0:51:50.404817

2025-07-20 22:51:37 - INFO - Epoch 100:
2025-07-20 22:51:37 - INFO - 2025-07-20 22:51:37.442953
2025-07-20 23:43:31 - INFO - ACC1: 97.996, ACC2: 0.000, EER: 1.292, minDCF: 0.138, bestEER 1.106
2025-07-20 23:43:31 - INFO - this epoch time:0:51:53.718127

2025-07-20 23:43:31 - INFO - exp/v2_lam1=1.0_aam_lam2=0.0_augment/model/model_0100.model is loaded!
2025-07-20 23:43:32 - INFO - exp/v2_lam1=1.0_aam_lam2=0.0_augment/model/model_0099.model is loaded!
2025-07-20 23:43:33 - INFO - exp/v2_lam1=1.0_aam_lam2=0.0_augment/model/model_0098.model is loaded!
2025-07-20 23:43:34 - INFO - exp/v2_lam1=1.0_aam_lam2=0.0_augment/model/model_0097.model is loaded!
2025-07-20 23:43:35 - INFO - exp/v2_lam1=1.0_aam_lam2=0.0_augment/model/model_0096.model is loaded!
2025-07-20 23:43:36 - INFO - start to evaluate the final model
2025-07-20 23:45:23 - INFO - final, EER: 1.249, minDCF(0.01): 0.150, minDCF(0.001): 0.250, bestEER: 1.106
2025-07-20 23:45:23 - INFO - evaluate the final model in Vox-E and Vox-H
2025-07-20 23:52:18 - INFO - Vox-E, EER: 1.371, minDCF(0.01): 0.168, minDCF(0.05): 0.096
2025-07-20 23:52:18 - INFO - Vox-H, EER: 2.662, minDCF(0.01): 0.267, minDCF(0.05): 0.163
2025-07-20 23:52:18 - INFO - total train time:3 days, 14:12:23.678599

