2025-07-20 23:53:24 - INFO - start time:2025-07-20 23:53:24.751163
2025-07-20 23:53:42 - INFO - Epoch 1:
2025-07-20 23:53:42 - INFO - 2025-07-20 23:53:42.455055
2025-07-21 00:46:39 - INFO - ACC1: 50.808, ACC2: 0.000, EER: 4.386, minDCF: 0.419, bestEER 4.386
2025-07-21 00:46:39 - INFO - this epoch time:0:52:57.362172

2025-07-21 00:46:39 - INFO - Epoch 2:
2025-07-21 00:46:39 - INFO - 2025-07-21 00:46:39.817387
2025-07-21 01:39:17 - INFO - ACC1: 85.761, ACC2: 0.000, EER: 3.154, minDCF: 0.298, bestEER 3.154
2025-07-21 01:39:17 - INFO - this epoch time:0:52:37.670894

2025-07-21 01:39:17 - INFO - Epoch 3:
2025-07-21 01:39:17 - INFO - 2025-07-21 01:39:17.489201
2025-07-21 02:32:08 - INFO - ACC1: 90.972, ACC2: 0.000, EER: 2.770, minDCF: 0.280, bestEER 2.770
2025-07-21 02:32:08 - INFO - this epoch time:0:52:51.341882

2025-07-21 02:32:08 - INFO - Epoch 4:
2025-07-21 02:32:08 - INFO - 2025-07-21 02:32:08.831197
2025-07-21 03:24:45 - INFO - ACC1: 92.934, ACC2: 0.000, EER: 2.398, minDCF: 0.264, bestEER 2.398
2025-07-21 03:24:45 - INFO - this epoch time:0:52:36.663287

2025-07-21 03:24:45 - INFO - Epoch 5:
2025-07-21 03:24:45 - INFO - 2025-07-21 03:24:45.494588
2025-07-21 04:17:00 - INFO - ACC1: 93.917, ACC2: 0.000, EER: 2.138, minDCF: 0.201, bestEER 2.138
2025-07-21 04:17:00 - INFO - this epoch time:0:52:15.280369

2025-07-21 04:17:00 - INFO - Epoch 6:
2025-07-21 04:17:00 - INFO - 2025-07-21 04:17:00.775705
2025-07-21 05:09:15 - INFO - ACC1: 94.453, ACC2: 0.000, EER: 2.096, minDCF: 0.205, bestEER 2.096
2025-07-21 05:09:15 - INFO - this epoch time:0:52:14.446417

2025-07-21 05:09:15 - INFO - Epoch 7:
2025-07-21 05:09:15 - INFO - 2025-07-21 05:09:15.223150
2025-07-21 06:01:28 - INFO - ACC1: 94.799, ACC2: 0.000, EER: 1.963, minDCF: 0.175, bestEER 1.963
2025-07-21 06:01:28 - INFO - this epoch time:0:52:13.073033

2025-07-21 06:01:28 - INFO - Epoch 8:
2025-07-21 06:01:28 - INFO - 2025-07-21 06:01:28.296320
2025-07-21 06:53:39 - INFO - ACC1: 95.052, ACC2: 0.000, EER: 1.851, minDCF: 0.179, bestEER 1.851
2025-07-21 06:53:39 - INFO - this epoch time:0:52:11.680395

2025-07-21 06:53:39 - INFO - Epoch 9:
2025-07-21 06:53:39 - INFO - 2025-07-21 06:53:39.977591
2025-07-21 07:45:57 - INFO - ACC1: 95.239, ACC2: 0.000, EER: 1.765, minDCF: 0.153, bestEER 1.765
2025-07-21 07:45:57 - INFO - this epoch time:0:52:17.432362

2025-07-21 07:45:57 - INFO - Epoch 10:
2025-07-21 07:45:57 - INFO - 2025-07-21 07:45:57.411163
2025-07-21 08:38:13 - INFO - ACC1: 95.322, ACC2: 0.000, EER: 1.665, minDCF: 0.166, bestEER 1.665
2025-07-21 08:38:13 - INFO - this epoch time:0:52:16.008993

2025-07-21 08:38:13 - INFO - Epoch 11:
2025-07-21 08:38:13 - INFO - 2025-07-21 08:38:13.420981
2025-07-21 09:30:28 - INFO - ACC1: 95.423, ACC2: 0.000, EER: 1.696, minDCF: 0.166, bestEER 1.665
2025-07-21 09:30:28 - INFO - this epoch time:0:52:15.362903

2025-07-21 09:30:28 - INFO - Epoch 12:
2025-07-21 09:30:28 - INFO - 2025-07-21 09:30:28.784095
2025-07-21 10:22:40 - INFO - ACC1: 95.490, ACC2: 0.000, EER: 1.681, minDCF: 0.182, bestEER 1.665
2025-07-21 10:22:40 - INFO - this epoch time:0:52:11.796962

2025-07-21 10:22:40 - INFO - Epoch 13:
2025-07-21 10:22:40 - INFO - 2025-07-21 10:22:40.581182
2025-07-21 11:14:34 - INFO - ACC1: 95.565, ACC2: 0.000, EER: 1.532, minDCF: 0.164, bestEER 1.532
2025-07-21 11:14:34 - INFO - this epoch time:0:51:54.085665

2025-07-21 11:14:34 - INFO - Epoch 14:
2025-07-21 11:14:34 - INFO - 2025-07-21 11:14:34.666968
2025-07-21 12:06:32 - INFO - ACC1: 95.600, ACC2: 0.000, EER: 1.537, minDCF: 0.156, bestEER 1.532
2025-07-21 12:06:32 - INFO - this epoch time:0:51:57.592007

2025-07-21 12:06:32 - INFO - Epoch 15:
2025-07-21 12:06:32 - INFO - 2025-07-21 12:06:32.259114
2025-07-21 12:58:15 - INFO - ACC1: 95.664, ACC2: 0.000, EER: 1.447, minDCF: 0.153, bestEER 1.447
2025-07-21 12:58:15 - INFO - this epoch time:0:51:43.156785

2025-07-21 12:58:15 - INFO - Epoch 16:
2025-07-21 12:58:15 - INFO - 2025-07-21 12:58:15.416940
2025-07-21 13:49:54 - INFO - ACC1: 95.695, ACC2: 0.000, EER: 1.409, minDCF: 0.156, bestEER 1.409
2025-07-21 13:49:54 - INFO - this epoch time:0:51:39.134385

2025-07-21 13:49:54 - INFO - Epoch 17:
2025-07-21 13:49:54 - INFO - 2025-07-21 13:49:54.552111
2025-07-21 14:41:32 - INFO - ACC1: 95.756, ACC2: 0.000, EER: 1.483, minDCF: 0.150, bestEER 1.409
2025-07-21 14:41:32 - INFO - this epoch time:0:51:38.281586

2025-07-21 14:41:32 - INFO - Epoch 18:
2025-07-21 14:41:32 - INFO - 2025-07-21 14:41:32.834397
2025-07-21 15:33:30 - INFO - ACC1: 95.766, ACC2: 0.000, EER: 1.510, minDCF: 0.163, bestEER 1.409
2025-07-21 15:33:30 - INFO - this epoch time:0:51:58.045059

2025-07-21 15:33:30 - INFO - Epoch 19:
2025-07-21 15:33:30 - INFO - 2025-07-21 15:33:30.880419
2025-07-21 16:25:34 - INFO - ACC1: 95.836, ACC2: 0.000, EER: 1.473, minDCF: 0.179, bestEER 1.409
2025-07-21 16:25:34 - INFO - this epoch time:0:52:03.375884

2025-07-21 16:25:34 - INFO - Epoch 20:
2025-07-21 16:25:34 - INFO - 2025-07-21 16:25:34.256421
2025-07-21 17:17:35 - INFO - ACC1: 95.873, ACC2: 0.000, EER: 1.356, minDCF: 0.159, bestEER 1.356
2025-07-21 17:17:35 - INFO - this epoch time:0:52:01.321573

2025-07-21 17:17:35 - INFO - Epoch 21:
2025-07-21 17:17:35 - INFO - 2025-07-21 17:17:35.578830
2025-07-21 18:09:27 - INFO - ACC1: 95.881, ACC2: 0.000, EER: 1.372, minDCF: 0.153, bestEER 1.356
2025-07-21 18:09:27 - INFO - this epoch time:0:51:51.951793

2025-07-21 18:09:27 - INFO - Epoch 22:
2025-07-21 18:09:27 - INFO - 2025-07-21 18:09:27.530713
2025-07-21 19:01:19 - INFO - ACC1: 95.923, ACC2: 0.000, EER: 1.356, minDCF: 0.156, bestEER 1.356
2025-07-21 19:01:19 - INFO - this epoch time:0:51:51.631267

2025-07-21 19:01:19 - INFO - Epoch 23:
2025-07-21 19:01:19 - INFO - 2025-07-21 19:01:19.162085
2025-07-21 19:53:16 - INFO - ACC1: 95.981, ACC2: 0.000, EER: 1.308, minDCF: 0.141, bestEER 1.308
2025-07-21 19:53:16 - INFO - this epoch time:0:51:56.879416

2025-07-21 19:53:16 - INFO - Epoch 24:
2025-07-21 19:53:16 - INFO - 2025-07-21 19:53:16.041603
2025-07-21 20:45:20 - INFO - ACC1: 96.023, ACC2: 0.000, EER: 1.382, minDCF: 0.144, bestEER 1.308
2025-07-21 20:45:20 - INFO - this epoch time:0:52:04.882660

2025-07-21 20:45:20 - INFO - Epoch 25:
2025-07-21 20:45:20 - INFO - 2025-07-21 20:45:20.924385
2025-07-21 21:37:15 - INFO - ACC1: 96.078, ACC2: 0.000, EER: 1.313, minDCF: 0.136, bestEER 1.308
2025-07-21 21:37:15 - INFO - this epoch time:0:51:54.893758

2025-07-21 21:37:15 - INFO - Epoch 26:
2025-07-21 21:37:15 - INFO - 2025-07-21 21:37:15.818306
2025-07-21 22:29:13 - INFO - ACC1: 96.109, ACC2: 0.000, EER: 1.308, minDCF: 0.146, bestEER 1.308
2025-07-21 22:29:13 - INFO - this epoch time:0:51:57.381232

2025-07-21 22:29:13 - INFO - Epoch 27:
2025-07-21 22:29:13 - INFO - 2025-07-21 22:29:13.199629
2025-07-21 23:21:06 - INFO - ACC1: 96.117, ACC2: 0.000, EER: 1.271, minDCF: 0.169, bestEER 1.271
2025-07-21 23:21:06 - INFO - this epoch time:0:51:53.559957

2025-07-21 23:21:06 - INFO - Epoch 28:
2025-07-21 23:21:06 - INFO - 2025-07-21 23:21:06.760296
2025-07-22 00:12:28 - INFO - ACC1: 96.191, ACC2: 0.000, EER: 1.356, minDCF: 0.136, bestEER 1.271
2025-07-22 00:12:28 - INFO - this epoch time:0:51:21.538325

2025-07-22 00:12:28 - INFO - Epoch 29:
2025-07-22 00:12:28 - INFO - 2025-07-22 00:12:28.299304
2025-07-22 01:03:42 - INFO - ACC1: 96.201, ACC2: 0.000, EER: 1.229, minDCF: 0.130, bestEER 1.229
2025-07-22 01:03:42 - INFO - this epoch time:0:51:13.825526

2025-07-22 01:03:42 - INFO - Epoch 30:
2025-07-22 01:03:42 - INFO - 2025-07-22 01:03:42.124947
2025-07-22 01:54:47 - INFO - ACC1: 96.247, ACC2: 0.000, EER: 1.213, minDCF: 0.122, bestEER 1.213
2025-07-22 01:54:47 - INFO - this epoch time:0:51:05.826870

2025-07-22 01:54:47 - INFO - Epoch 31:
2025-07-22 01:54:47 - INFO - 2025-07-22 01:54:47.951954
2025-07-22 02:45:46 - INFO - ACC1: 96.316, ACC2: 0.000, EER: 1.255, minDCF: 0.152, bestEER 1.213
2025-07-22 02:45:46 - INFO - this epoch time:0:50:58.962883

2025-07-22 02:45:46 - INFO - Epoch 32:
2025-07-22 02:45:46 - INFO - 2025-07-22 02:45:46.915569
2025-07-22 03:36:45 - INFO - ACC1: 96.348, ACC2: 0.000, EER: 1.271, minDCF: 0.134, bestEER 1.213
2025-07-22 03:36:45 - INFO - this epoch time:0:50:58.440812

2025-07-22 03:36:45 - INFO - Epoch 33:
2025-07-22 03:36:45 - INFO - 2025-07-22 03:36:45.356584
2025-07-22 04:27:36 - INFO - ACC1: 96.389, ACC2: 0.000, EER: 1.266, minDCF: 0.149, bestEER 1.213
2025-07-22 04:27:36 - INFO - this epoch time:0:50:50.698326

2025-07-22 04:27:36 - INFO - Epoch 34:
2025-07-22 04:27:36 - INFO - 2025-07-22 04:27:36.055018
2025-07-22 05:18:32 - INFO - ACC1: 96.441, ACC2: 0.000, EER: 1.191, minDCF: 0.128, bestEER 1.191
2025-07-22 05:18:32 - INFO - this epoch time:0:50:56.254296

2025-07-22 05:18:32 - INFO - Epoch 35:
2025-07-22 05:18:32 - INFO - 2025-07-22 05:18:32.309515
2025-07-22 06:09:24 - INFO - ACC1: 96.459, ACC2: 0.000, EER: 1.345, minDCF: 0.145, bestEER 1.191
2025-07-22 06:09:24 - INFO - this epoch time:0:50:51.812919

2025-07-22 06:09:24 - INFO - Epoch 36:
2025-07-22 06:09:24 - INFO - 2025-07-22 06:09:24.123205
2025-07-22 07:00:12 - INFO - ACC1: 96.503, ACC2: 0.000, EER: 1.298, minDCF: 0.142, bestEER 1.191
2025-07-22 07:00:12 - INFO - this epoch time:0:50:48.751016

2025-07-22 07:00:12 - INFO - Epoch 37:
2025-07-22 07:00:12 - INFO - 2025-07-22 07:00:12.875015
2025-07-22 07:51:01 - INFO - ACC1: 96.544, ACC2: 0.000, EER: 1.245, minDCF: 0.130, bestEER 1.191
2025-07-22 07:51:01 - INFO - this epoch time:0:50:48.740178

2025-07-22 07:51:01 - INFO - Epoch 38:
2025-07-22 07:51:01 - INFO - 2025-07-22 07:51:01.615832
2025-07-22 08:43:00 - INFO - ACC1: 96.571, ACC2: 0.000, EER: 1.266, minDCF: 0.142, bestEER 1.191
2025-07-22 08:43:00 - INFO - this epoch time:0:51:58.446006

2025-07-22 08:43:00 - INFO - Epoch 39:
2025-07-22 08:43:00 - INFO - 2025-07-22 08:43:00.062476
2025-07-22 09:35:12 - INFO - ACC1: 96.627, ACC2: 0.000, EER: 1.250, minDCF: 0.129, bestEER 1.191
2025-07-22 09:35:12 - INFO - this epoch time:0:52:12.355564

2025-07-22 09:35:12 - INFO - Epoch 40:
2025-07-22 09:35:12 - INFO - 2025-07-22 09:35:12.418652
2025-07-22 10:27:06 - INFO - ACC1: 96.629, ACC2: 0.000, EER: 1.148, minDCF: 0.119, bestEER 1.148
2025-07-22 10:27:06 - INFO - this epoch time:0:51:54.444827

2025-07-22 10:27:06 - INFO - Epoch 41:
2025-07-22 10:27:06 - INFO - 2025-07-22 10:27:06.863651
2025-07-22 11:21:04 - INFO - ACC1: 96.670, ACC2: 0.000, EER: 1.133, minDCF: 0.131, bestEER 1.133
2025-07-22 11:21:04 - INFO - this epoch time:0:53:57.276050

2025-07-22 11:21:04 - INFO - Epoch 42:
2025-07-22 11:21:04 - INFO - 2025-07-22 11:21:04.140054
2025-07-22 12:13:32 - INFO - ACC1: 96.719, ACC2: 0.000, EER: 1.229, minDCF: 0.125, bestEER 1.133
2025-07-22 12:13:32 - INFO - this epoch time:0:52:28.099554

2025-07-22 12:13:32 - INFO - Epoch 43:
2025-07-22 12:13:32 - INFO - 2025-07-22 12:13:32.240465
2025-07-22 13:06:12 - INFO - ACC1: 96.759, ACC2: 0.000, EER: 1.202, minDCF: 0.125, bestEER 1.133
2025-07-22 13:06:12 - INFO - this epoch time:0:52:40.246929

2025-07-22 13:06:12 - INFO - Epoch 44:
2025-07-22 13:06:12 - INFO - 2025-07-22 13:06:12.488110
2025-07-22 13:58:13 - INFO - ACC1: 96.793, ACC2: 0.000, EER: 1.265, minDCF: 0.154, bestEER 1.133
2025-07-22 13:58:13 - INFO - this epoch time:0:52:01.092005

2025-07-22 13:58:13 - INFO - Epoch 45:
2025-07-22 13:58:13 - INFO - 2025-07-22 13:58:13.581102
2025-07-22 14:50:09 - INFO - ACC1: 96.820, ACC2: 0.000, EER: 1.223, minDCF: 0.140, bestEER 1.133
2025-07-22 14:50:09 - INFO - this epoch time:0:51:55.562969

2025-07-22 14:50:09 - INFO - Epoch 46:
2025-07-22 14:50:09 - INFO - 2025-07-22 14:50:09.144178
2025-07-22 15:41:58 - INFO - ACC1: 96.817, ACC2: 0.000, EER: 1.143, minDCF: 0.143, bestEER 1.133
2025-07-22 15:41:58 - INFO - this epoch time:0:51:49.728304

2025-07-22 15:41:58 - INFO - Epoch 47:
2025-07-22 15:41:58 - INFO - 2025-07-22 15:41:58.873142
2025-07-22 16:33:26 - INFO - ACC1: 96.878, ACC2: 0.000, EER: 1.181, minDCF: 0.116, bestEER 1.133
2025-07-22 16:33:26 - INFO - this epoch time:0:51:27.963039

2025-07-22 16:33:26 - INFO - Epoch 48:
2025-07-22 16:33:26 - INFO - 2025-07-22 16:33:26.836912
2025-07-22 17:24:56 - INFO - ACC1: 96.882, ACC2: 0.000, EER: 1.218, minDCF: 0.137, bestEER 1.133
2025-07-22 17:24:56 - INFO - this epoch time:0:51:29.185770

2025-07-22 17:24:56 - INFO - Epoch 49:
2025-07-22 17:24:56 - INFO - 2025-07-22 17:24:56.023397
2025-07-22 18:16:14 - INFO - ACC1: 96.949, ACC2: 0.000, EER: 1.197, minDCF: 0.121, bestEER 1.133
2025-07-22 18:16:14 - INFO - this epoch time:0:51:18.027024

2025-07-22 18:16:14 - INFO - Epoch 50:
2025-07-22 18:16:14 - INFO - 2025-07-22 18:16:14.051508
2025-07-22 19:07:55 - INFO - ACC1: 96.949, ACC2: 0.000, EER: 1.255, minDCF: 0.149, bestEER 1.133
2025-07-22 19:07:55 - INFO - this epoch time:0:51:41.248555

2025-07-22 19:07:55 - INFO - Epoch 51:
2025-07-22 19:07:55 - INFO - 2025-07-22 19:07:55.301312
2025-07-22 20:00:17 - INFO - ACC1: 96.978, ACC2: 0.000, EER: 1.143, minDCF: 0.142, bestEER 1.133
2025-07-22 20:00:17 - INFO - this epoch time:0:52:22.061068

2025-07-22 20:00:17 - INFO - Epoch 52:
2025-07-22 20:00:17 - INFO - 2025-07-22 20:00:17.362653
2025-07-22 20:52:17 - INFO - ACC1: 96.982, ACC2: 0.000, EER: 1.138, minDCF: 0.139, bestEER 1.133
2025-07-22 20:52:17 - INFO - this epoch time:0:52:00.495119

2025-07-22 20:52:17 - INFO - Epoch 53:
2025-07-22 20:52:17 - INFO - 2025-07-22 20:52:17.857914
2025-07-22 21:44:24 - INFO - ACC1: 97.022, ACC2: 0.000, EER: 1.175, minDCF: 0.125, bestEER 1.133
2025-07-22 21:44:24 - INFO - this epoch time:0:52:07.014968

2025-07-22 21:44:24 - INFO - Epoch 54:
2025-07-22 21:44:24 - INFO - 2025-07-22 21:44:24.873045
2025-07-22 22:36:34 - INFO - ACC1: 97.031, ACC2: 0.000, EER: 1.202, minDCF: 0.123, bestEER 1.133
2025-07-22 22:36:34 - INFO - this epoch time:0:52:09.404511

2025-07-22 22:36:34 - INFO - Epoch 55:
2025-07-22 22:36:34 - INFO - 2025-07-22 22:36:34.278293
2025-07-22 23:28:53 - INFO - ACC1: 97.055, ACC2: 0.000, EER: 1.191, minDCF: 0.135, bestEER 1.133
2025-07-22 23:28:53 - INFO - this epoch time:0:52:18.824518

2025-07-22 23:28:53 - INFO - Epoch 56:
2025-07-22 23:28:53 - INFO - 2025-07-22 23:28:53.103783
2025-07-23 00:21:12 - INFO - ACC1: 97.090, ACC2: 0.000, EER: 1.159, minDCF: 0.135, bestEER 1.133
2025-07-23 00:21:12 - INFO - this epoch time:0:52:19.655363

2025-07-23 00:21:12 - INFO - Epoch 57:
2025-07-23 00:21:12 - INFO - 2025-07-23 00:21:12.759261
2025-07-23 01:13:18 - INFO - ACC1: 97.109, ACC2: 0.000, EER: 1.207, minDCF: 0.147, bestEER 1.133
2025-07-23 01:13:18 - INFO - this epoch time:0:52:05.319241

2025-07-23 01:13:18 - INFO - Epoch 58:
2025-07-23 01:13:18 - INFO - 2025-07-23 01:13:18.079158
2025-07-23 02:05:19 - INFO - ACC1: 97.124, ACC2: 0.000, EER: 1.229, minDCF: 0.158, bestEER 1.133
2025-07-23 02:05:19 - INFO - this epoch time:0:52:01.424898

2025-07-23 02:05:19 - INFO - Epoch 59:
2025-07-23 02:05:19 - INFO - 2025-07-23 02:05:19.504153
2025-07-23 02:57:09 - INFO - ACC1: 97.161, ACC2: 0.000, EER: 1.164, minDCF: 0.143, bestEER 1.133
2025-07-23 02:57:09 - INFO - this epoch time:0:51:49.617651

2025-07-23 02:57:09 - INFO - Epoch 60:
2025-07-23 02:57:09 - INFO - 2025-07-23 02:57:09.121916
2025-07-23 03:48:52 - INFO - ACC1: 97.161, ACC2: 0.000, EER: 1.181, minDCF: 0.143, bestEER 1.133
2025-07-23 03:48:52 - INFO - this epoch time:0:51:43.840681

2025-07-23 03:48:52 - INFO - Epoch 61:
2025-07-23 03:48:52 - INFO - 2025-07-23 03:48:52.963304
2025-07-23 04:39:58 - INFO - ACC1: 97.185, ACC2: 0.000, EER: 1.233, minDCF: 0.118, bestEER 1.133
2025-07-23 04:39:58 - INFO - this epoch time:0:51:05.251044

2025-07-23 04:39:58 - INFO - Epoch 62:
2025-07-23 04:39:58 - INFO - 2025-07-23 04:39:58.215119
2025-07-23 05:31:50 - INFO - ACC1: 97.197, ACC2: 0.000, EER: 1.111, minDCF: 0.143, bestEER 1.111
2025-07-23 05:31:50 - INFO - this epoch time:0:51:52.540735

2025-07-23 05:31:50 - INFO - Epoch 63:
2025-07-23 05:31:50 - INFO - 2025-07-23 05:31:50.756461
2025-07-23 06:23:07 - INFO - ACC1: 97.218, ACC2: 0.000, EER: 1.181, minDCF: 0.130, bestEER 1.111
2025-07-23 06:23:07 - INFO - this epoch time:0:51:16.769970

2025-07-23 06:23:07 - INFO - Epoch 64:
2025-07-23 06:23:07 - INFO - 2025-07-23 06:23:07.526571
2025-07-23 07:14:54 - INFO - ACC1: 97.241, ACC2: 0.000, EER: 1.149, minDCF: 0.140, bestEER 1.111
2025-07-23 07:14:54 - INFO - this epoch time:0:51:47.324571

2025-07-23 07:14:54 - INFO - Epoch 65:
2025-07-23 07:14:54 - INFO - 2025-07-23 07:14:54.852013
2025-07-23 08:06:30 - INFO - ACC1: 97.265, ACC2: 0.000, EER: 1.212, minDCF: 0.163, bestEER 1.111
2025-07-23 08:06:30 - INFO - this epoch time:0:51:35.705132

2025-07-23 08:06:30 - INFO - Epoch 66:
2025-07-23 08:06:30 - INFO - 2025-07-23 08:06:30.557367
2025-07-23 08:58:17 - INFO - ACC1: 97.267, ACC2: 0.000, EER: 1.164, minDCF: 0.137, bestEER 1.111
2025-07-23 08:58:17 - INFO - this epoch time:0:51:46.747277

2025-07-23 08:58:17 - INFO - Epoch 67:
2025-07-23 08:58:17 - INFO - 2025-07-23 08:58:17.305478
2025-07-23 09:50:13 - INFO - ACC1: 97.274, ACC2: 0.000, EER: 1.186, minDCF: 0.149, bestEER 1.111
2025-07-23 09:50:13 - INFO - this epoch time:0:51:56.512206

2025-07-23 09:50:13 - INFO - Epoch 68:
2025-07-23 09:50:13 - INFO - 2025-07-23 09:50:13.817812
2025-07-23 10:41:56 - INFO - ACC1: 97.291, ACC2: 0.000, EER: 1.149, minDCF: 0.143, bestEER 1.111
2025-07-23 10:41:56 - INFO - this epoch time:0:51:42.948444

2025-07-23 10:41:56 - INFO - Epoch 69:
2025-07-23 10:41:56 - INFO - 2025-07-23 10:41:56.766867
2025-07-23 11:33:39 - INFO - ACC1: 97.321, ACC2: 0.000, EER: 1.191, minDCF: 0.137, bestEER 1.111
2025-07-23 11:33:39 - INFO - this epoch time:0:51:42.594927

2025-07-23 11:33:39 - INFO - Epoch 70:
2025-07-23 11:33:39 - INFO - 2025-07-23 11:33:39.362462
2025-07-23 12:24:58 - INFO - ACC1: 97.326, ACC2: 0.000, EER: 1.196, minDCF: 0.134, bestEER 1.111
2025-07-23 12:24:58 - INFO - this epoch time:0:51:18.824517

2025-07-23 12:24:58 - INFO - Epoch 71:
2025-07-23 12:24:58 - INFO - 2025-07-23 12:24:58.187101
2025-07-23 13:16:55 - INFO - ACC1: 97.317, ACC2: 0.000, EER: 1.159, minDCF: 0.136, bestEER 1.111
2025-07-23 13:16:55 - INFO - this epoch time:0:51:57.500950

2025-07-23 13:16:55 - INFO - Epoch 72:
2025-07-23 13:16:55 - INFO - 2025-07-23 13:16:55.688725
2025-07-23 14:08:51 - INFO - ACC1: 97.354, ACC2: 0.000, EER: 1.154, minDCF: 0.140, bestEER 1.111
2025-07-23 14:08:51 - INFO - this epoch time:0:51:55.973141

2025-07-23 14:08:51 - INFO - Epoch 73:
2025-07-23 14:08:51 - INFO - 2025-07-23 14:08:51.662606
2025-07-23 15:01:10 - INFO - ACC1: 97.358, ACC2: 0.000, EER: 1.122, minDCF: 0.142, bestEER 1.111
2025-07-23 15:01:10 - INFO - this epoch time:0:52:18.927944

2025-07-23 15:01:10 - INFO - Epoch 74:
2025-07-23 15:01:10 - INFO - 2025-07-23 15:01:10.591239
2025-07-23 15:53:31 - INFO - ACC1: 97.361, ACC2: 0.000, EER: 1.128, minDCF: 0.141, bestEER 1.111
2025-07-23 15:53:31 - INFO - this epoch time:0:52:20.440952

2025-07-23 15:53:31 - INFO - Epoch 75:
2025-07-23 15:53:31 - INFO - 2025-07-23 15:53:31.032277
2025-07-23 16:45:37 - INFO - ACC1: 97.388, ACC2: 0.000, EER: 1.143, minDCF: 0.136, bestEER 1.111
2025-07-23 16:45:37 - INFO - this epoch time:0:52:06.201207

2025-07-23 16:45:37 - INFO - Epoch 76:
2025-07-23 16:45:37 - INFO - 2025-07-23 16:45:37.233892
2025-07-23 17:37:52 - INFO - ACC1: 97.370, ACC2: 0.000, EER: 1.143, minDCF: 0.133, bestEER 1.111
2025-07-23 17:37:52 - INFO - this epoch time:0:52:15.042779

2025-07-23 17:37:52 - INFO - Epoch 77:
2025-07-23 17:37:52 - INFO - 2025-07-23 17:37:52.277437
2025-07-23 18:29:50 - INFO - ACC1: 97.394, ACC2: 0.000, EER: 1.112, minDCF: 0.134, bestEER 1.111
2025-07-23 18:29:50 - INFO - this epoch time:0:51:58.054289

2025-07-23 18:29:50 - INFO - Epoch 78:
2025-07-23 18:29:50 - INFO - 2025-07-23 18:29:50.332387
2025-07-23 19:22:00 - INFO - ACC1: 97.396, ACC2: 0.000, EER: 1.154, minDCF: 0.135, bestEER 1.111
2025-07-23 19:22:00 - INFO - this epoch time:0:52:09.967553

2025-07-23 19:22:00 - INFO - Epoch 79:
2025-07-23 19:22:00 - INFO - 2025-07-23 19:22:00.300752
2025-07-23 20:14:18 - INFO - ACC1: 97.393, ACC2: 0.000, EER: 1.228, minDCF: 0.166, bestEER 1.111
2025-07-23 20:14:18 - INFO - this epoch time:0:52:18.061030

2025-07-23 20:14:18 - INFO - Epoch 80:
2025-07-23 20:14:18 - INFO - 2025-07-23 20:14:18.362433
2025-07-23 21:06:33 - INFO - ACC1: 97.394, ACC2: 0.000, EER: 1.164, minDCF: 0.146, bestEER 1.111
2025-07-23 21:06:33 - INFO - this epoch time:0:52:15.604472

2025-07-23 21:06:33 - INFO - Epoch 81:
2025-07-23 21:06:33 - INFO - 2025-07-23 21:06:33.967663
2025-07-23 21:58:46 - INFO - ACC1: 97.419, ACC2: 0.000, EER: 1.218, minDCF: 0.158, bestEER 1.111
2025-07-23 21:58:46 - INFO - this epoch time:0:52:12.909929

2025-07-23 21:58:46 - INFO - Epoch 82:
2025-07-23 21:58:46 - INFO - 2025-07-23 21:58:46.878481
2025-07-23 22:50:57 - INFO - ACC1: 97.437, ACC2: 0.000, EER: 1.143, minDCF: 0.145, bestEER 1.111
2025-07-23 22:50:57 - INFO - this epoch time:0:52:10.451974

2025-07-23 22:50:57 - INFO - Epoch 83:
2025-07-23 22:50:57 - INFO - 2025-07-23 22:50:57.331173
2025-07-23 23:43:11 - INFO - ACC1: 97.429, ACC2: 0.000, EER: 1.218, minDCF: 0.137, bestEER 1.111
2025-07-23 23:43:11 - INFO - this epoch time:0:52:14.060875

2025-07-23 23:43:11 - INFO - Epoch 84:
2025-07-23 23:43:11 - INFO - 2025-07-23 23:43:11.392822
2025-07-24 00:35:18 - INFO - ACC1: 97.443, ACC2: 0.000, EER: 1.132, minDCF: 0.132, bestEER 1.111
2025-07-24 00:35:18 - INFO - this epoch time:0:52:06.920895

2025-07-24 00:35:18 - INFO - Epoch 85:
2025-07-24 00:35:18 - INFO - 2025-07-24 00:35:18.314494
2025-07-24 01:27:36 - INFO - ACC1: 97.465, ACC2: 0.000, EER: 1.170, minDCF: 0.140, bestEER 1.111
2025-07-24 01:27:36 - INFO - this epoch time:0:52:18.284409

2025-07-24 01:27:36 - INFO - Epoch 86:
2025-07-24 01:27:36 - INFO - 2025-07-24 01:27:36.600075
2025-07-24 02:20:43 - INFO - ACC1: 97.470, ACC2: 0.000, EER: 1.074, minDCF: 0.138, bestEER 1.074
2025-07-24 02:20:43 - INFO - this epoch time:0:53:06.420209

2025-07-24 02:20:43 - INFO - Epoch 87:
2025-07-24 02:20:43 - INFO - 2025-07-24 02:20:43.021158
2025-07-24 03:12:20 - INFO - ACC1: 97.460, ACC2: 0.000, EER: 1.111, minDCF: 0.143, bestEER 1.074
2025-07-24 03:12:20 - INFO - this epoch time:0:51:37.908459

2025-07-24 03:12:20 - INFO - Epoch 88:
2025-07-24 03:12:20 - INFO - 2025-07-24 03:12:20.929746
2025-07-24 04:04:31 - INFO - ACC1: 97.480, ACC2: 0.000, EER: 1.175, minDCF: 0.139, bestEER 1.074
2025-07-24 04:04:31 - INFO - this epoch time:0:52:10.660739

2025-07-24 04:04:31 - INFO - Epoch 89:
2025-07-24 04:04:31 - INFO - 2025-07-24 04:04:31.591440
2025-07-24 04:56:42 - INFO - ACC1: 97.473, ACC2: 0.000, EER: 1.074, minDCF: 0.141, bestEER 1.074
2025-07-24 04:56:42 - INFO - this epoch time:0:52:10.431081

2025-07-24 04:56:42 - INFO - Epoch 90:
2025-07-24 04:56:42 - INFO - 2025-07-24 04:56:42.022671
2025-07-24 05:48:34 - INFO - ACC1: 97.459, ACC2: 0.000, EER: 1.143, minDCF: 0.142, bestEER 1.074
2025-07-24 05:48:34 - INFO - this epoch time:0:51:52.269414

2025-07-24 05:48:34 - INFO - Epoch 91:
2025-07-24 05:48:34 - INFO - 2025-07-24 05:48:34.292171
2025-07-24 06:40:44 - INFO - ACC1: 97.493, ACC2: 0.000, EER: 1.080, minDCF: 0.140, bestEER 1.074
2025-07-24 06:40:44 - INFO - this epoch time:0:52:10.584318

2025-07-24 06:40:44 - INFO - Epoch 92:
2025-07-24 06:40:44 - INFO - 2025-07-24 06:40:44.877530
2025-07-24 07:33:43 - INFO - ACC1: 97.470, ACC2: 0.000, EER: 1.127, minDCF: 0.136, bestEER 1.074
2025-07-24 07:33:43 - INFO - this epoch time:0:52:58.905091

2025-07-24 07:33:43 - INFO - Epoch 93:
2025-07-24 07:33:43 - INFO - 2025-07-24 07:33:43.782830
2025-07-24 08:26:03 - INFO - ACC1: 97.491, ACC2: 0.000, EER: 1.101, minDCF: 0.137, bestEER 1.074
2025-07-24 08:26:03 - INFO - this epoch time:0:52:19.975279

2025-07-24 08:26:03 - INFO - Epoch 94:
2025-07-24 08:26:03 - INFO - 2025-07-24 08:26:03.759028
2025-07-24 09:18:18 - INFO - ACC1: 97.477, ACC2: 0.000, EER: 1.170, minDCF: 0.157, bestEER 1.074
2025-07-24 09:18:18 - INFO - this epoch time:0:52:14.661235

2025-07-24 09:18:18 - INFO - Epoch 95:
2025-07-24 09:18:18 - INFO - 2025-07-24 09:18:18.420375
2025-07-24 10:11:02 - INFO - ACC1: 97.509, ACC2: 0.000, EER: 1.170, minDCF: 0.146, bestEER 1.074
2025-07-24 10:11:02 - INFO - this epoch time:0:52:44.207686

2025-07-24 10:11:02 - INFO - Epoch 96:
2025-07-24 10:11:02 - INFO - 2025-07-24 10:11:02.629070
2025-07-24 11:04:05 - INFO - ACC1: 97.507, ACC2: 0.000, EER: 1.164, minDCF: 0.159, bestEER 1.074
2025-07-24 11:04:05 - INFO - this epoch time:0:53:02.468118

2025-07-24 11:04:05 - INFO - Epoch 97:
2025-07-24 11:04:05 - INFO - 2025-07-24 11:04:05.098217
2025-07-24 11:56:42 - INFO - ACC1: 97.498, ACC2: 0.000, EER: 1.080, minDCF: 0.135, bestEER 1.074
2025-07-24 11:56:42 - INFO - this epoch time:0:52:37.399008

2025-07-24 11:56:42 - INFO - Epoch 98:
2025-07-24 11:56:42 - INFO - 2025-07-24 11:56:42.498467
2025-07-24 12:49:47 - INFO - ACC1: 97.506, ACC2: 0.000, EER: 1.154, minDCF: 0.155, bestEER 1.074
2025-07-24 12:49:47 - INFO - this epoch time:0:53:04.792636

2025-07-24 12:49:47 - INFO - Epoch 99:
2025-07-24 12:49:47 - INFO - 2025-07-24 12:49:47.291864
2025-07-24 13:42:52 - INFO - ACC1: 97.488, ACC2: 0.000, EER: 1.111, minDCF: 0.136, bestEER 1.074
2025-07-24 13:42:52 - INFO - this epoch time:0:53:05.160508

2025-07-24 13:42:52 - INFO - Epoch 100:
2025-07-24 13:42:52 - INFO - 2025-07-24 13:42:52.453046
2025-07-24 14:37:23 - INFO - ACC1: 97.522, ACC2: 0.000, EER: 1.138, minDCF: 0.142, bestEER 1.074
2025-07-24 14:37:23 - INFO - this epoch time:0:54:30.746206

2025-07-24 14:37:26 - INFO - exp/v2_lam1=1.0_ram_lam2=0.0_augment/model/model_0100.model is loaded!
2025-07-24 14:37:28 - INFO - exp/v2_lam1=1.0_ram_lam2=0.0_augment/model/model_0099.model is loaded!
2025-07-24 14:37:30 - INFO - exp/v2_lam1=1.0_ram_lam2=0.0_augment/model/model_0098.model is loaded!
2025-07-24 14:37:32 - INFO - exp/v2_lam1=1.0_ram_lam2=0.0_augment/model/model_0097.model is loaded!
2025-07-24 14:37:33 - INFO - exp/v2_lam1=1.0_ram_lam2=0.0_augment/model/model_0096.model is loaded!
2025-07-24 14:37:35 - INFO - start to evaluate the final model
2025-07-24 14:39:28 - INFO - final, EER: 1.085, minDCF(0.01): 0.139, minDCF(0.001): 0.172, bestEER: 1.074
2025-07-24 14:39:28 - INFO - evaluate the final model in Vox-E and Vox-H
2025-07-24 14:46:00 - INFO - Vox-E, EER: 1.223, minDCF(0.01): 0.140, minDCF(0.05): 0.080
2025-07-24 14:46:00 - INFO - Vox-H, EER: 2.258, minDCF(0.01): 0.219, minDCF(0.05): 0.137
2025-07-24 14:46:00 - INFO - total train time:3 days, 14:52:35.652886

