2025-09-13 05:19:22 - INFO - start time:2025-09-13 05:19:22.126638
2025-09-13 05:19:40 - INFO - Epoch 1:
2025-09-13 05:19:40 - INFO - 2025-09-13 05:19:40.958438
2025-09-13 06:04:46 - INFO - this epoch time:0:45:05.428405

2025-09-13 06:04:46 - INFO - Epoch 2:
2025-09-13 06:04:46 - INFO - 2025-09-13 06:04:46.387361
2025-09-13 06:49:41 - INFO - this epoch time:0:44:55.381432

2025-09-13 06:49:41 - INFO - Epoch 3:
2025-09-13 06:49:41 - INFO - 2025-09-13 06:49:41.769671
2025-09-13 07:34:38 - INFO - this epoch time:0:44:56.698756

2025-09-13 07:34:38 - INFO - Epoch 4:
2025-09-13 07:34:38 - INFO - 2025-09-13 07:34:38.468961
2025-09-13 08:19:26 - INFO - this epoch time:0:44:48.458835

2025-09-13 08:19:26 - INFO - Epoch 5:
2025-09-13 08:19:26 - INFO - 2025-09-13 08:19:26.928548
2025-09-13 09:05:58 - INFO - ACC1: 88.857, ACC2: 0.000, EER: 4.280, minDCF: 0.270, bestEER 4.280
2025-09-13 09:05:58 - INFO - this epoch time:0:46:31.629105

2025-09-13 09:05:58 - INFO - Epoch 6:
2025-09-13 09:05:58 - INFO - 2025-09-13 09:05:58.557803
2025-09-13 09:50:13 - INFO - this epoch time:0:44:15.000540

2025-09-13 09:50:13 - INFO - Epoch 7:
2025-09-13 09:50:13 - INFO - 2025-09-13 09:50:13.559270
2025-09-13 10:34:21 - INFO - this epoch time:0:44:08.153882

2025-09-13 10:34:21 - INFO - Epoch 8:
2025-09-13 10:34:21 - INFO - 2025-09-13 10:34:21.714139
2025-09-13 11:18:32 - INFO - this epoch time:0:44:10.643420

2025-09-13 11:18:32 - INFO - Epoch 9:
2025-09-13 11:18:32 - INFO - 2025-09-13 11:18:32.359146
2025-09-13 12:02:42 - INFO - this epoch time:0:44:09.686326

2025-09-13 12:02:42 - INFO - Epoch 10:
2025-09-13 12:02:42 - INFO - 2025-09-13 12:02:42.046409
2025-09-13 12:48:52 - INFO - ACC1: 93.262, ACC2: 0.000, EER: 3.393, minDCF: 0.220, bestEER 3.393
2025-09-13 12:48:52 - INFO - this epoch time:0:46:10.303924

2025-09-13 12:48:52 - INFO - Epoch 11:
2025-09-13 12:48:52 - INFO - 2025-09-13 12:48:52.350883
2025-09-13 13:33:51 - INFO - this epoch time:0:44:59.080417

2025-09-13 13:33:51 - INFO - Epoch 12:
2025-09-13 13:33:51 - INFO - 2025-09-13 13:33:51.431913
2025-09-13 14:18:48 - INFO - this epoch time:0:44:56.838445

2025-09-13 14:18:48 - INFO - Epoch 13:
2025-09-13 14:18:48 - INFO - 2025-09-13 14:18:48.270893
2025-09-13 15:03:53 - INFO - this epoch time:0:45:05.324683

2025-09-13 15:03:53 - INFO - Epoch 14:
2025-09-13 15:03:53 - INFO - 2025-09-13 15:03:53.596160
2025-09-13 15:48:42 - INFO - this epoch time:0:44:49.208455

2025-09-13 15:48:42 - INFO - Epoch 15:
2025-09-13 15:48:42 - INFO - 2025-09-13 15:48:42.805213
2025-09-13 16:35:30 - INFO - ACC1: 94.711, ACC2: 0.000, EER: 3.312, minDCF: 0.229, bestEER 3.312
2025-09-13 16:35:30 - INFO - this epoch time:0:46:48.092082

2025-09-13 16:35:30 - INFO - Epoch 16:
2025-09-13 16:35:30 - INFO - 2025-09-13 16:35:30.897912
2025-09-13 17:20:17 - INFO - this epoch time:0:44:46.995646

2025-09-13 17:20:17 - INFO - Epoch 17:
2025-09-13 17:20:17 - INFO - 2025-09-13 17:20:17.894371
2025-09-13 18:05:13 - INFO - this epoch time:0:44:55.897693

2025-09-13 18:05:13 - INFO - Epoch 18:
2025-09-13 18:05:13 - INFO - 2025-09-13 18:05:13.792758
2025-09-13 18:50:08 - INFO - this epoch time:0:44:54.253079

2025-09-13 18:50:08 - INFO - Epoch 19:
2025-09-13 18:50:08 - INFO - 2025-09-13 18:50:08.046456
2025-09-13 19:35:12 - INFO - this epoch time:0:45:04.379255

2025-09-13 19:35:12 - INFO - Epoch 20:
2025-09-13 19:35:12 - INFO - 2025-09-13 19:35:12.426848
2025-09-13 20:21:32 - INFO - ACC1: 95.557, ACC2: 0.000, EER: 2.968, minDCF: 0.205, bestEER 2.968
2025-09-13 20:21:32 - INFO - this epoch time:0:46:20.465405

2025-09-13 20:21:32 - INFO - Epoch 21:
2025-09-13 20:21:32 - INFO - 2025-09-13 20:21:32.892419
2025-09-13 21:06:15 - INFO - this epoch time:0:44:42.236348

2025-09-13 21:06:15 - INFO - Epoch 22:
2025-09-13 21:06:15 - INFO - 2025-09-13 21:06:15.129788
2025-09-13 21:50:58 - INFO - this epoch time:0:44:43.214607

2025-09-13 21:50:58 - INFO - Epoch 23:
2025-09-13 21:50:58 - INFO - 2025-09-13 21:50:58.345435
2025-09-13 22:35:50 - INFO - this epoch time:0:44:52.076076

2025-09-13 22:35:50 - INFO - Epoch 24:
2025-09-13 22:35:50 - INFO - 2025-09-13 22:35:50.422379
2025-09-13 23:20:48 - INFO - this epoch time:0:44:57.619268

2025-09-13 23:20:48 - INFO - Epoch 25:
2025-09-13 23:20:48 - INFO - 2025-09-13 23:20:48.042270
2025-09-14 00:07:41 - INFO - ACC1: 96.170, ACC2: 0.000, EER: 3.015, minDCF: 0.216, bestEER 2.968
2025-09-14 00:07:41 - INFO - this epoch time:0:46:53.077818

2025-09-14 00:07:41 - INFO - Epoch 26:
2025-09-14 00:07:41 - INFO - 2025-09-14 00:07:41.120847
2025-09-14 00:52:44 - INFO - this epoch time:0:45:03.026011

2025-09-14 00:52:44 - INFO - Epoch 27:
2025-09-14 00:52:44 - INFO - 2025-09-14 00:52:44.147497
2025-09-14 01:37:42 - INFO - this epoch time:0:44:58.644624

2025-09-14 01:37:42 - INFO - Epoch 28:
2025-09-14 01:37:42 - INFO - 2025-09-14 01:37:42.793141
2025-09-14 02:22:43 - INFO - this epoch time:0:45:01.037492

2025-09-14 02:22:43 - INFO - Epoch 29:
2025-09-14 02:22:43 - INFO - 2025-09-14 02:22:43.831744
2025-09-14 03:07:42 - INFO - this epoch time:0:44:58.358262

2025-09-14 03:07:42 - INFO - Epoch 30:
2025-09-14 03:07:42 - INFO - 2025-09-14 03:07:42.190645
2025-09-14 03:54:31 - INFO - ACC1: 96.651, ACC2: 0.000, EER: 3.095, minDCF: 0.216, bestEER 2.968
2025-09-14 03:54:31 - INFO - this epoch time:0:46:49.351009

2025-09-14 03:54:31 - INFO - Epoch 31:
2025-09-14 03:54:31 - INFO - 2025-09-14 03:54:31.542276
2025-09-14 04:39:18 - INFO - this epoch time:0:44:46.783555

2025-09-14 04:39:18 - INFO - Epoch 32:
2025-09-14 04:39:18 - INFO - 2025-09-14 04:39:18.326786
2025-09-14 05:24:07 - INFO - this epoch time:0:44:49.119165

2025-09-14 05:24:07 - INFO - Epoch 33:
2025-09-14 05:24:07 - INFO - 2025-09-14 05:24:07.446814
2025-09-14 06:08:53 - INFO - this epoch time:0:44:46.512356

2025-09-14 06:08:53 - INFO - Epoch 34:
2025-09-14 06:08:53 - INFO - 2025-09-14 06:08:53.960170
2025-09-14 06:53:42 - INFO - this epoch time:0:44:48.620400

2025-09-14 06:53:42 - INFO - Epoch 35:
2025-09-14 06:53:42 - INFO - 2025-09-14 06:53:42.581377
2025-09-14 07:40:22 - INFO - ACC1: 97.060, ACC2: 0.000, EER: 3.250, minDCF: 0.218, bestEER 2.968
2025-09-14 07:40:22 - INFO - this epoch time:0:46:40.210760

2025-09-14 07:40:22 - INFO - Epoch 36:
2025-09-14 07:40:22 - INFO - 2025-09-14 07:40:22.792703
2025-09-14 08:25:05 - INFO - this epoch time:0:44:43.149894

2025-09-14 08:25:05 - INFO - Epoch 37:
2025-09-14 08:25:05 - INFO - 2025-09-14 08:25:05.943594
2025-09-14 09:09:58 - INFO - this epoch time:0:44:53.036737

2025-09-14 09:09:58 - INFO - Epoch 38:
2025-09-14 09:09:58 - INFO - 2025-09-14 09:09:58.981118
2025-09-14 09:54:42 - INFO - this epoch time:0:44:43.348734

2025-09-14 09:54:42 - INFO - Epoch 39:
2025-09-14 09:54:42 - INFO - 2025-09-14 09:54:42.330641
2025-09-14 10:39:36 - INFO - this epoch time:0:44:53.759404

2025-09-14 10:39:36 - INFO - Epoch 40:
2025-09-14 10:39:36 - INFO - 2025-09-14 10:39:36.091096
2025-09-14 11:25:54 - INFO - ACC1: 97.391, ACC2: 0.000, EER: 3.073, minDCF: 0.218, bestEER 2.968
2025-09-14 11:25:54 - INFO - this epoch time:0:46:18.246070

2025-09-14 11:25:54 - INFO - Epoch 41:
2025-09-14 11:25:54 - INFO - 2025-09-14 11:25:54.337779
2025-09-14 12:10:27 - INFO - this epoch time:0:44:33.561282

2025-09-14 12:10:27 - INFO - Epoch 42:
2025-09-14 12:10:27 - INFO - 2025-09-14 12:10:27.899696
2025-09-14 12:54:59 - INFO - this epoch time:0:44:31.670756

2025-09-14 12:54:59 - INFO - Epoch 43:
2025-09-14 12:54:59 - INFO - 2025-09-14 12:54:59.571572
2025-09-14 13:39:48 - INFO - this epoch time:0:44:49.267519

2025-09-14 13:39:48 - INFO - Epoch 44:
2025-09-14 13:39:48 - INFO - 2025-09-14 13:39:48.839796
2025-09-14 14:24:26 - INFO - this epoch time:0:44:37.267714

2025-09-14 14:24:26 - INFO - Epoch 45:
2025-09-14 14:24:26 - INFO - 2025-09-14 14:24:26.108514
2025-09-14 15:11:01 - INFO - ACC1: 97.678, ACC2: 0.000, EER: 3.021, minDCF: 0.213, bestEER 2.968
2025-09-14 15:11:01 - INFO - this epoch time:0:46:35.684842

2025-09-14 15:11:01 - INFO - Epoch 46:
2025-09-14 15:11:01 - INFO - 2025-09-14 15:11:01.793492
2025-09-14 15:55:49 - INFO - this epoch time:0:44:47.604587

2025-09-14 15:55:49 - INFO - Epoch 47:
2025-09-14 15:55:49 - INFO - 2025-09-14 15:55:49.399122
2025-09-14 16:40:43 - INFO - this epoch time:0:44:54.232442

2025-09-14 16:40:43 - INFO - Epoch 48:
2025-09-14 16:40:43 - INFO - 2025-09-14 16:40:43.632311
2025-09-14 17:25:48 - INFO - this epoch time:0:45:04.619260

2025-09-14 17:25:48 - INFO - Epoch 49:
2025-09-14 17:25:48 - INFO - 2025-09-14 17:25:48.252570
2025-09-14 18:10:43 - INFO - this epoch time:0:44:55.197940

2025-09-14 18:10:43 - INFO - Epoch 50:
2025-09-14 18:10:43 - INFO - 2025-09-14 18:10:43.451275
2025-09-14 18:56:54 - INFO - ACC1: 97.957, ACC2: 0.000, EER: 2.961, minDCF: 0.206, bestEER 2.961
2025-09-14 18:56:54 - INFO - this epoch time:0:46:11.497781

2025-09-14 18:56:54 - INFO - Epoch 51:
2025-09-14 18:56:54 - INFO - 2025-09-14 18:56:54.949683
2025-09-14 19:41:47 - INFO - this epoch time:0:44:52.411101

2025-09-14 19:41:47 - INFO - Epoch 52:
2025-09-14 19:41:47 - INFO - 2025-09-14 19:41:47.361606
2025-09-14 20:26:48 - INFO - this epoch time:0:45:01.363282

2025-09-14 20:26:48 - INFO - Epoch 53:
2025-09-14 20:26:48 - INFO - 2025-09-14 20:26:48.725630
2025-09-14 21:11:52 - INFO - this epoch time:0:45:03.809020

2025-09-14 21:11:52 - INFO - Epoch 54:
2025-09-14 21:11:52 - INFO - 2025-09-14 21:11:52.535932
2025-09-14 21:56:19 - INFO - this epoch time:0:44:27.205747

2025-09-14 21:56:19 - INFO - Epoch 55:
2025-09-14 21:56:19 - INFO - 2025-09-14 21:56:19.742409
2025-09-14 22:42:17 - INFO - ACC1: 98.164, ACC2: 0.000, EER: 3.175, minDCF: 0.222, bestEER 2.961
2025-09-14 22:42:17 - INFO - this epoch time:0:45:58.055868

2025-09-14 22:42:17 - INFO - Epoch 56:
2025-09-14 22:42:17 - INFO - 2025-09-14 22:42:17.798425
2025-09-14 23:26:42 - INFO - this epoch time:0:44:24.868358

2025-09-14 23:26:42 - INFO - Epoch 57:
2025-09-14 23:26:42 - INFO - 2025-09-14 23:26:42.667569
2025-09-15 00:11:05 - INFO - this epoch time:0:44:23.236134

2025-09-15 00:11:05 - INFO - Epoch 58:
2025-09-15 00:11:05 - INFO - 2025-09-15 00:11:05.904615
2025-09-15 00:55:30 - INFO - this epoch time:0:44:24.472865

2025-09-15 00:55:30 - INFO - Epoch 59:
2025-09-15 00:55:30 - INFO - 2025-09-15 00:55:30.378212
2025-09-15 01:39:53 - INFO - this epoch time:0:44:23.588557

2025-09-15 01:39:53 - INFO - Epoch 60:
2025-09-15 01:39:53 - INFO - 2025-09-15 01:39:53.967431
2025-09-15 02:25:49 - INFO - ACC1: 98.365, ACC2: 0.000, EER: 3.117, minDCF: 0.218, bestEER 2.961
2025-09-15 02:25:49 - INFO - this epoch time:0:45:55.341107

2025-09-15 02:25:49 - INFO - Epoch 61:
2025-09-15 02:25:49 - INFO - 2025-09-15 02:25:49.309174
2025-09-15 03:09:58 - INFO - this epoch time:0:44:09.233463

2025-09-15 03:09:58 - INFO - Epoch 62:
2025-09-15 03:09:58 - INFO - 2025-09-15 03:09:58.543571
2025-09-15 03:54:10 - INFO - this epoch time:0:44:12.134564

2025-09-15 03:54:10 - INFO - Epoch 63:
2025-09-15 03:54:10 - INFO - 2025-09-15 03:54:10.678792
2025-09-15 04:38:15 - INFO - this epoch time:0:44:04.548439

2025-09-15 04:38:15 - INFO - Epoch 64:
2025-09-15 04:38:15 - INFO - 2025-09-15 04:38:15.228043
2025-09-15 05:22:12 - INFO - this epoch time:0:43:57.591348

2025-09-15 05:22:12 - INFO - Epoch 65:
2025-09-15 05:22:12 - INFO - 2025-09-15 05:22:12.819976
2025-09-15 06:07:43 - INFO - ACC1: 98.545, ACC2: 0.000, EER: 3.026, minDCF: 0.206, bestEER 2.961
2025-09-15 06:07:43 - INFO - this epoch time:0:45:30.840994

2025-09-15 06:07:43 - INFO - Epoch 66:
2025-09-15 06:07:43 - INFO - 2025-09-15 06:07:43.661579
2025-09-15 06:51:39 - INFO - this epoch time:0:43:55.893690

2025-09-15 06:51:39 - INFO - Epoch 67:
2025-09-15 06:51:39 - INFO - 2025-09-15 06:51:39.556096
2025-09-15 07:35:40 - INFO - this epoch time:0:44:01.347002

2025-09-15 07:35:40 - INFO - Epoch 68:
2025-09-15 07:35:40 - INFO - 2025-09-15 07:35:40.903667
2025-09-15 08:19:39 - INFO - this epoch time:0:43:58.112304

2025-09-15 08:19:39 - INFO - Epoch 69:
2025-09-15 08:19:39 - INFO - 2025-09-15 08:19:39.016604
2025-09-15 09:03:36 - INFO - this epoch time:0:43:57.032184

2025-09-15 09:03:36 - INFO - Epoch 70:
2025-09-15 09:03:36 - INFO - 2025-09-15 09:03:36.049669
2025-09-15 09:49:20 - INFO - ACC1: 98.675, ACC2: 0.000, EER: 3.057, minDCF: 0.220, bestEER 2.961
2025-09-15 09:49:20 - INFO - this epoch time:0:45:44.293773

2025-09-15 09:49:20 - INFO - Epoch 71:
2025-09-15 09:49:20 - INFO - 2025-09-15 09:49:20.343981
2025-09-15 10:34:01 - INFO - this epoch time:0:44:41.531924

2025-09-15 10:34:01 - INFO - Epoch 72:
2025-09-15 10:34:01 - INFO - 2025-09-15 10:34:01.876792
2025-09-15 11:18:45 - INFO - this epoch time:0:44:43.809461

2025-09-15 11:18:45 - INFO - Epoch 73:
2025-09-15 11:18:45 - INFO - 2025-09-15 11:18:45.687139
2025-09-15 12:03:28 - INFO - this epoch time:0:44:42.979639

2025-09-15 12:03:28 - INFO - Epoch 74:
2025-09-15 12:03:28 - INFO - 2025-09-15 12:03:28.667389
2025-09-15 12:48:06 - INFO - this epoch time:0:44:37.937386

2025-09-15 12:48:06 - INFO - Epoch 75:
2025-09-15 12:48:06 - INFO - 2025-09-15 12:48:06.605712
2025-09-15 13:34:31 - INFO - ACC1: 98.814, ACC2: 0.000, EER: 3.143, minDCF: 0.217, bestEER 2.961
2025-09-15 13:34:31 - INFO - this epoch time:0:46:24.573324

2025-09-15 13:34:31 - INFO - Epoch 76:
2025-09-15 13:34:31 - INFO - 2025-09-15 13:34:31.179175
2025-09-15 14:19:16 - INFO - this epoch time:0:44:44.993865

2025-09-15 14:19:16 - INFO - Epoch 77:
2025-09-15 14:19:16 - INFO - 2025-09-15 14:19:16.174011
2025-09-15 15:03:59 - INFO - this epoch time:0:44:43.738596

2025-09-15 15:03:59 - INFO - Epoch 78:
2025-09-15 15:03:59 - INFO - 2025-09-15 15:03:59.913446
2025-09-15 15:48:40 - INFO - this epoch time:0:44:40.471886

2025-09-15 15:48:40 - INFO - Epoch 79:
2025-09-15 15:48:40 - INFO - 2025-09-15 15:48:40.386022
2025-09-15 16:33:25 - INFO - this epoch time:0:44:44.778847

2025-09-15 16:33:25 - INFO - Epoch 80:
2025-09-15 16:33:25 - INFO - 2025-09-15 16:33:25.165328
2025-09-15 17:19:51 - INFO - ACC1: 98.956, ACC2: 0.000, EER: 3.234, minDCF: 0.218, bestEER 2.961
2025-09-15 17:19:51 - INFO - this epoch time:0:46:26.567401

2025-09-15 17:19:51 - INFO - Epoch 81:
2025-09-15 17:19:51 - INFO - 2025-09-15 17:19:51.732836
2025-09-15 18:05:11 - INFO - this epoch time:0:45:19.354330

2025-09-15 18:05:11 - INFO - Epoch 82:
2025-09-15 18:05:11 - INFO - 2025-09-15 18:05:11.088097
2025-09-15 18:50:18 - INFO - this epoch time:0:45:07.696488

2025-09-15 18:50:18 - INFO - Epoch 83:
2025-09-15 18:50:18 - INFO - 2025-09-15 18:50:18.785259
2025-09-15 19:34:46 - INFO - this epoch time:0:44:27.525703

2025-09-15 19:34:46 - INFO - Epoch 84:
2025-09-15 19:34:46 - INFO - 2025-09-15 19:34:46.311683
2025-09-15 20:19:52 - INFO - this epoch time:0:45:06.591928

2025-09-15 20:19:52 - INFO - Epoch 85:
2025-09-15 20:19:52 - INFO - 2025-09-15 20:19:52.904422
2025-09-15 21:06:40 - INFO - ACC1: 99.046, ACC2: 0.000, EER: 3.064, minDCF: 0.208, bestEER 2.961
2025-09-15 21:06:40 - INFO - this epoch time:0:46:47.778979

2025-09-15 21:06:40 - INFO - Epoch 86:
2025-09-15 21:06:40 - INFO - 2025-09-15 21:06:40.684024
2025-09-15 21:51:31 - INFO - this epoch time:0:44:50.374925

2025-09-15 21:51:31 - INFO - Epoch 87:
2025-09-15 21:51:31 - INFO - 2025-09-15 21:51:31.059717
2025-09-15 22:36:14 - INFO - this epoch time:0:44:43.650021

2025-09-15 22:36:14 - INFO - Epoch 88:
2025-09-15 22:36:14 - INFO - 2025-09-15 22:36:14.710498
2025-09-15 23:21:01 - INFO - this epoch time:0:44:46.720901

2025-09-15 23:21:01 - INFO - Epoch 89:
2025-09-15 23:21:01 - INFO - 2025-09-15 23:21:01.432102
2025-09-16 00:05:45 - INFO - this epoch time:0:44:44.163756

2025-09-16 00:05:45 - INFO - Epoch 90:
2025-09-16 00:05:45 - INFO - 2025-09-16 00:05:45.596791
2025-09-16 00:51:59 - INFO - ACC1: 99.152, ACC2: 0.000, EER: 3.084, minDCF: 0.217, bestEER 2.961
2025-09-16 00:51:59 - INFO - this epoch time:0:46:13.984986

2025-09-16 00:51:59 - INFO - Epoch 91:
2025-09-16 00:51:59 - INFO - 2025-09-16 00:51:59.582397
2025-09-16 01:36:41 - INFO - this epoch time:0:44:42.043917

2025-09-16 01:36:41 - INFO - Epoch 92:
2025-09-16 01:36:41 - INFO - 2025-09-16 01:36:41.627119
2025-09-16 02:21:12 - INFO - this epoch time:0:44:31.183861

2025-09-16 02:21:12 - INFO - Epoch 93:
2025-09-16 02:21:12 - INFO - 2025-09-16 02:21:12.811806
2025-09-16 03:05:47 - INFO - this epoch time:0:44:34.350672

2025-09-16 03:05:47 - INFO - Epoch 94:
2025-09-16 03:05:47 - INFO - 2025-09-16 03:05:47.163375
2025-09-16 03:50:31 - INFO - this epoch time:0:44:43.965982

2025-09-16 03:50:31 - INFO - Epoch 95:
2025-09-16 03:50:31 - INFO - 2025-09-16 03:50:31.133555
2025-09-16 04:36:35 - INFO - ACC1: 99.220, ACC2: 0.000, EER: 3.159, minDCF: 0.218, bestEER 2.961
2025-09-16 04:36:35 - INFO - this epoch time:0:46:04.472131

2025-09-16 04:36:35 - INFO - Epoch 96:
2025-09-16 04:36:35 - INFO - 2025-09-16 04:36:35.606211
2025-09-16 05:20:48 - INFO - this epoch time:0:44:13.186793

2025-09-16 05:20:48 - INFO - Epoch 97:
2025-09-16 05:20:48 - INFO - 2025-09-16 05:20:48.794993
2025-09-16 06:04:59 - INFO - this epoch time:0:44:10.646291

2025-09-16 06:04:59 - INFO - Epoch 98:
2025-09-16 06:04:59 - INFO - 2025-09-16 06:04:59.442208
2025-09-16 06:49:17 - INFO - this epoch time:0:44:18.137485

2025-09-16 06:49:17 - INFO - Epoch 99:
2025-09-16 06:49:17 - INFO - 2025-09-16 06:49:17.580695
2025-09-16 07:33:29 - INFO - this epoch time:0:44:11.500846

2025-09-16 07:33:29 - INFO - Epoch 100:
2025-09-16 07:33:29 - INFO - 2025-09-16 07:33:29.082476
2025-09-16 08:19:06 - INFO - ACC1: 99.290, ACC2: 0.000, EER: 3.116, minDCF: 0.218, bestEER 2.961
2025-09-16 08:19:06 - INFO - this epoch time:0:45:37.279071

2025-09-16 08:19:06 - INFO - exp/v2_lam1=1.0_ce_s=30_lam2=0.0_augment/model/model_0100.model is loaded!
2025-09-16 08:19:07 - INFO - exp/v2_lam1=1.0_ce_s=30_lam2=0.0_augment/model/model_0099.model is loaded!
2025-09-16 08:19:08 - INFO - exp/v2_lam1=1.0_ce_s=30_lam2=0.0_augment/model/model_0098.model is loaded!
2025-09-16 08:19:09 - INFO - exp/v2_lam1=1.0_ce_s=30_lam2=0.0_augment/model/model_0097.model is loaded!
2025-09-16 08:19:09 - INFO - exp/v2_lam1=1.0_ce_s=30_lam2=0.0_augment/model/model_0096.model is loaded!
2025-09-16 08:19:11 - INFO - start to evaluate the final model
2025-09-16 08:20:32 - INFO - final, EER: 3.046, minDCF(0.01): 0.364, minDCF(0.05): 0.217, bestEER: 2.961
2025-09-16 08:20:32 - INFO - evaluate the final model in Vox-E and Vox-H
2025-09-16 08:26:42 - INFO - Vox-E, EER: 3.180, minDCF(0.01): 0.354, minDCF(0.05): 0.214
2025-09-16 08:26:42 - INFO - Vox-H, EER: 6.082, minDCF(0.01): 0.509, minDCF(0.05): 0.353
2025-09-16 08:26:42 - INFO - total train time:3 days, 3:07:20.248361

2025-09-16 08:26:49 - INFO - start time:2025-09-16 08:26:49.668691
2025-09-16 08:27:03 - INFO - Training finished!
